2025-06-23 13:34:10,886 - INFO - [Rank 0] Starting distributed training with 2 GPUs
2025-06-23 13:34:10,887 - INFO - [Rank 0] Loading dataset...
2025-06-23 13:34:10,898 - INFO - [Rank 0] Creating model...
2025-06-23 13:34:11,345 - INFO - [Rank 0] Setting up diffusion...
2025-06-23 13:34:11,368 - INFO - [Rank 0] Starting training...
2025-06-23 13:34:21,828 - INFO - Epoch 0 | Train loss: 0.989853
2025-06-23 13:34:23,557 - INFO - Epoch 0 | Validation loss: 0.799963
2025-06-23 13:34:23,592 - INFO - Generating debug samples...
2025-06-23 13:35:13,362 - INFO - Saved decoded debug samples for epoch 0.
2025-06-23 13:35:24,398 - INFO - Computing FID, KID, LPIPS, SSIM...
2025-06-23 13:35:28,089 - INFO - Epoch 0 Metrics | fid: 537.3649 | kid: 0.8258 | kid_std: 0.0123 | lpips: 0.7301 | ssim: 0.0118
2025-06-23 13:35:28,168 - INFO - Saved model checkpoint at ../model_runs/full_run_7/trained_models/model_epoch_0000.pth
2025-06-23 13:35:30,756 - INFO - Epoch 1 | Train loss: 0.744691
2025-06-23 13:35:30,858 - INFO - Epoch 1 | Validation loss: 0.570421
2025-06-23 13:35:33,769 - INFO - Epoch 2 | Train loss: 0.604352
2025-06-23 13:35:33,876 - INFO - Epoch 2 | Validation loss: 0.460957
2025-06-23 13:35:36,436 - INFO - Epoch 3 | Train loss: 0.524661
2025-06-23 13:35:36,542 - INFO - Epoch 3 | Validation loss: 0.394331
2025-06-23 13:35:39,057 - INFO - Epoch 4 | Train loss: 0.475128
2025-06-23 13:35:39,156 - INFO - Epoch 4 | Validation loss: 0.347766
2025-06-23 13:35:41,708 - INFO - Epoch 5 | Train loss: 0.431353
2025-06-23 13:35:41,808 - INFO - Epoch 5 | Validation loss: 0.315943
2025-06-23 13:35:52,722 - INFO - Computing FID, KID, LPIPS, SSIM...
2025-06-23 13:35:55,344 - INFO - Epoch 5 Metrics | fid: 552.2348 | kid: 0.8431 | kid_std: 0.0127 | lpips: 0.7316 | ssim: 0.0124
2025-06-23 13:35:57,880 - INFO - Epoch 6 | Train loss: 0.407030
2025-06-23 13:35:57,984 - INFO - Epoch 6 | Validation loss: 0.298390
2025-06-23 13:36:00,453 - INFO - Epoch 7 | Train loss: 0.384239
2025-06-23 13:36:00,557 - INFO - Epoch 7 | Validation loss: 0.281058
2025-06-23 13:36:03,130 - INFO - Epoch 8 | Train loss: 0.368088
2025-06-23 13:36:03,234 - INFO - Epoch 8 | Validation loss: 0.257903
2025-06-23 13:36:05,786 - INFO - Epoch 9 | Train loss: 0.354691
2025-06-23 13:36:05,889 - INFO - Epoch 9 | Validation loss: 0.245791
2025-06-23 13:36:08,454 - INFO - Epoch 10 | Train loss: 0.340027
2025-06-23 13:36:08,557 - INFO - Epoch 10 | Validation loss: 0.242781
2025-06-23 13:36:19,543 - INFO - Computing FID, KID, LPIPS, SSIM...
2025-06-23 13:36:22,043 - INFO - Epoch 10 Metrics | fid: 552.0256 | kid: 0.8446 | kid_std: 0.0144 | lpips: 0.7288 | ssim: 0.0129
2025-06-23 13:36:24,550 - INFO - Epoch 11 | Train loss: 0.328452
2025-06-23 13:36:24,656 - INFO - Epoch 11 | Validation loss: 0.238953
2025-06-23 13:36:27,182 - INFO - Epoch 12 | Train loss: 0.319293
2025-06-23 13:36:27,292 - INFO - Epoch 12 | Validation loss: 0.225225
2025-06-23 13:36:29,809 - INFO - Epoch 13 | Train loss: 0.308339
2025-06-23 13:36:29,912 - INFO - Epoch 13 | Validation loss: 0.221884
2025-06-23 13:36:32,356 - INFO - Epoch 14 | Train loss: 0.302725
2025-06-23 13:36:32,457 - INFO - Epoch 14 | Validation loss: 0.208048
2025-06-23 13:36:34,947 - INFO - Epoch 15 | Train loss: 0.297327
2025-06-23 13:36:35,055 - INFO - Epoch 15 | Validation loss: 0.209770
2025-06-23 13:36:46,026 - INFO - Computing FID, KID, LPIPS, SSIM...
2025-06-23 13:36:48,753 - INFO - Epoch 15 Metrics | fid: 557.5816 | kid: 0.8607 | kid_std: 0.0147 | lpips: 0.7342 | ssim: 0.0126
2025-06-23 13:36:51,260 - INFO - Epoch 16 | Train loss: 0.288316
2025-06-23 13:36:51,365 - INFO - Epoch 16 | Validation loss: 0.203964
2025-06-23 13:36:53,931 - INFO - Epoch 17 | Train loss: 0.283274
2025-06-23 13:36:54,034 - INFO - Epoch 17 | Validation loss: 0.189343
2025-06-23 13:36:56,563 - INFO - Epoch 18 | Train loss: 0.273814
2025-06-23 13:36:56,670 - INFO - Epoch 18 | Validation loss: 0.193847
2025-06-23 13:36:59,240 - INFO - Epoch 19 | Train loss: 0.271977
2025-06-23 13:36:59,344 - INFO - Epoch 19 | Validation loss: 0.196756
2025-06-23 13:37:01,853 - INFO - Epoch 20 | Train loss: 0.264440
2025-06-23 13:37:01,957 - INFO - Epoch 20 | Validation loss: 0.180476
2025-06-23 13:37:12,832 - INFO - Computing FID, KID, LPIPS, SSIM...
2025-06-23 13:37:15,438 - INFO - Epoch 20 Metrics | fid: 552.0464 | kid: 0.8436 | kid_std: 0.0139 | lpips: 0.7313 | ssim: 0.0130
2025-06-23 13:37:17,937 - INFO - Epoch 21 | Train loss: 0.261581
2025-06-23 13:37:18,042 - INFO - Epoch 21 | Validation loss: 0.185810
2025-06-23 13:37:20,667 - INFO - Epoch 22 | Train loss: 0.255048
2025-06-23 13:37:20,770 - INFO - Epoch 22 | Validation loss: 0.164597
2025-06-23 13:37:23,374 - INFO - Epoch 23 | Train loss: 0.253325
2025-06-23 13:37:23,491 - INFO - Epoch 23 | Validation loss: 0.174870
2025-06-23 13:37:26,206 - INFO - Epoch 24 | Train loss: 0.250752
2025-06-23 13:37:26,309 - INFO - Epoch 24 | Validation loss: 0.163305
2025-06-23 13:37:28,991 - INFO - Epoch 25 | Train loss: 0.249270
2025-06-23 13:37:29,095 - INFO - Epoch 25 | Validation loss: 0.159619
2025-06-23 13:37:29,128 - INFO - Generating debug samples...
2025-06-23 13:38:18,966 - INFO - Saved decoded debug samples for epoch 25.
2025-06-23 13:38:29,910 - INFO - Computing FID, KID, LPIPS, SSIM...
2025-06-23 13:38:32,368 - INFO - Epoch 25 Metrics | fid: 540.7327 | kid: 0.8180 | kid_std: 0.0132 | lpips: 0.7305 | ssim: 0.0132
2025-06-23 13:38:32,471 - INFO - Saved model checkpoint at ../model_runs/full_run_7/trained_models/model_epoch_0025.pth
2025-06-23 13:38:35,001 - INFO - Epoch 26 | Train loss: 0.241134
2025-06-23 13:38:35,102 - INFO - Epoch 26 | Validation loss: 0.156629
2025-06-23 13:38:37,699 - INFO - Epoch 27 | Train loss: 0.239882
2025-06-23 13:38:37,801 - INFO - Epoch 27 | Validation loss: 0.156964
2025-06-23 13:38:40,338 - INFO - Epoch 28 | Train loss: 0.237386
2025-06-23 13:38:40,443 - INFO - Epoch 28 | Validation loss: 0.150537
2025-06-23 13:38:42,968 - INFO - Epoch 29 | Train loss: 0.234898
2025-06-23 13:38:43,070 - INFO - Epoch 29 | Validation loss: 0.151013
2025-06-23 13:38:45,658 - INFO - Epoch 30 | Train loss: 0.237788
2025-06-23 13:38:45,763 - INFO - Epoch 30 | Validation loss: 0.154183
2025-06-23 13:38:56,683 - INFO - Computing FID, KID, LPIPS, SSIM...
2025-06-23 13:38:59,248 - INFO - Epoch 30 Metrics | fid: 537.8784 | kid: 0.8139 | kid_std: 0.0135 | lpips: 0.7320 | ssim: 0.0128
2025-06-23 13:39:01,713 - INFO - Epoch 31 | Train loss: 0.233071
2025-06-23 13:39:01,818 - INFO - Epoch 31 | Validation loss: 0.146421
2025-06-23 13:39:04,338 - INFO - Epoch 32 | Train loss: 0.230467
2025-06-23 13:39:04,443 - INFO - Epoch 32 | Validation loss: 0.140572
2025-06-23 13:39:07,014 - INFO - Epoch 33 | Train loss: 0.228186
2025-06-23 13:39:07,120 - INFO - Epoch 33 | Validation loss: 0.140640
2025-06-23 13:39:09,729 - INFO - Epoch 34 | Train loss: 0.227591
2025-06-23 13:39:09,835 - INFO - Epoch 34 | Validation loss: 0.145811
2025-06-23 13:39:12,358 - INFO - Epoch 35 | Train loss: 0.228099
2025-06-23 13:39:12,460 - INFO - Epoch 35 | Validation loss: 0.136337
2025-06-23 13:39:23,369 - INFO - Computing FID, KID, LPIPS, SSIM...
2025-06-23 13:39:25,963 - INFO - Epoch 35 Metrics | fid: 535.3259 | kid: 0.8104 | kid_std: 0.0147 | lpips: 0.7367 | ssim: 0.0125
2025-06-23 13:39:28,537 - INFO - Epoch 36 | Train loss: 0.224427
2025-06-23 13:39:28,638 - INFO - Epoch 36 | Validation loss: 0.145964
2025-06-23 13:39:31,133 - INFO - Epoch 37 | Train loss: 0.222797
2025-06-23 13:39:31,238 - INFO - Epoch 37 | Validation loss: 0.143916
2025-06-23 13:39:33,785 - INFO - Epoch 38 | Train loss: 0.227098
2025-06-23 13:39:33,889 - INFO - Epoch 38 | Validation loss: 0.134615
2025-06-23 13:39:36,397 - INFO - Epoch 39 | Train loss: 0.218250
2025-06-23 13:39:36,504 - INFO - Epoch 39 | Validation loss: 0.134292
2025-06-23 13:39:39,030 - INFO - Epoch 40 | Train loss: 0.221012
2025-06-23 13:39:39,133 - INFO - Epoch 40 | Validation loss: 0.132116
2025-06-23 13:39:50,126 - INFO - Computing FID, KID, LPIPS, SSIM...
2025-06-23 13:39:52,878 - INFO - Epoch 40 Metrics | fid: 518.4865 | kid: 0.7725 | kid_std: 0.0151 | lpips: 0.7196 | ssim: 0.0149
2025-06-23 13:39:55,376 - INFO - Epoch 41 | Train loss: 0.220075
2025-06-23 13:39:55,479 - INFO - Epoch 41 | Validation loss: 0.138153
2025-06-23 13:39:58,015 - INFO - Epoch 42 | Train loss: 0.216765
2025-06-23 13:39:58,120 - INFO - Epoch 42 | Validation loss: 0.123767
2025-06-23 13:40:00,674 - INFO - Epoch 43 | Train loss: 0.216627
2025-06-23 13:40:00,776 - INFO - Epoch 43 | Validation loss: 0.140928
2025-06-23 13:40:03,314 - INFO - Epoch 44 | Train loss: 0.216611
2025-06-23 13:40:03,417 - INFO - Epoch 44 | Validation loss: 0.133731
2025-06-23 13:40:05,951 - INFO - Epoch 45 | Train loss: 0.213563
2025-06-23 13:40:06,056 - INFO - Epoch 45 | Validation loss: 0.134055
2025-06-23 13:40:17,103 - INFO - Computing FID, KID, LPIPS, SSIM...
2025-06-23 13:40:19,794 - INFO - Epoch 45 Metrics | fid: 525.4445 | kid: 0.7785 | kid_std: 0.0153 | lpips: 0.7218 | ssim: 0.0141
2025-06-23 13:40:22,305 - INFO - Epoch 46 | Train loss: 0.216132
2025-06-23 13:40:22,410 - INFO - Epoch 46 | Validation loss: 0.133876
2025-06-23 13:40:24,974 - INFO - Epoch 47 | Train loss: 0.212733
2025-06-23 13:40:25,078 - INFO - Epoch 47 | Validation loss: 0.121941
2025-06-23 13:40:27,635 - INFO - Epoch 48 | Train loss: 0.213044
2025-06-23 13:40:27,738 - INFO - Epoch 48 | Validation loss: 0.138658
2025-06-23 13:40:30,250 - INFO - Epoch 49 | Train loss: 0.214554
2025-06-23 13:40:30,356 - INFO - Epoch 49 | Validation loss: 0.123469
2025-06-23 13:40:32,909 - INFO - Epoch 50 | Train loss: 0.213520
2025-06-23 13:40:33,012 - INFO - Epoch 50 | Validation loss: 0.122538
2025-06-23 13:40:33,050 - INFO - Generating debug samples...
2025-06-23 13:41:22,901 - INFO - Saved decoded debug samples for epoch 50.
2025-06-23 13:41:33,816 - INFO - Computing FID, KID, LPIPS, SSIM...
2025-06-23 13:41:36,421 - INFO - Epoch 50 Metrics | fid: 534.7786 | kid: 0.8035 | kid_std: 0.0137 | lpips: 0.7338 | ssim: 0.0131
2025-06-23 13:41:36,520 - INFO - Saved model checkpoint at ../model_runs/full_run_7/trained_models/model_epoch_0050.pth
2025-06-23 13:41:39,157 - INFO - Epoch 51 | Train loss: 0.214100
2025-06-23 13:41:39,257 - INFO - Epoch 51 | Validation loss: 0.123277
2025-06-23 13:41:41,820 - INFO - Epoch 52 | Train loss: 0.211573
2025-06-23 13:41:41,921 - INFO - Epoch 52 | Validation loss: 0.131475
2025-06-23 13:41:44,488 - INFO - Epoch 53 | Train loss: 0.210767
2025-06-23 13:41:44,588 - INFO - Epoch 53 | Validation loss: 0.124427
2025-06-23 13:41:47,167 - INFO - Epoch 54 | Train loss: 0.207743
2025-06-23 13:41:47,270 - INFO - Epoch 54 | Validation loss: 0.128694
2025-06-23 13:41:49,767 - INFO - Epoch 55 | Train loss: 0.207419
2025-06-23 13:41:49,875 - INFO - Epoch 55 | Validation loss: 0.137883
2025-06-23 13:42:00,795 - INFO - Computing FID, KID, LPIPS, SSIM...
2025-06-23 13:42:03,454 - INFO - Epoch 55 Metrics | fid: 515.6840 | kid: 0.7647 | kid_std: 0.0138 | lpips: 0.7198 | ssim: 0.0143
2025-06-23 13:42:05,982 - INFO - Epoch 56 | Train loss: 0.206829
2025-06-23 13:42:06,087 - INFO - Epoch 56 | Validation loss: 0.129652
2025-06-23 13:42:08,650 - INFO - Epoch 57 | Train loss: 0.208943
2025-06-23 13:42:08,757 - INFO - Epoch 57 | Validation loss: 0.133290
2025-06-23 13:42:11,318 - INFO - Epoch 58 | Train loss: 0.207592
2025-06-23 13:42:11,427 - INFO - Epoch 58 | Validation loss: 0.120906
2025-06-23 13:42:13,938 - INFO - Epoch 59 | Train loss: 0.206973
2025-06-23 13:42:14,049 - INFO - Epoch 59 | Validation loss: 0.125920
2025-06-23 13:42:16,597 - INFO - Epoch 60 | Train loss: 0.207306
2025-06-23 13:42:16,701 - INFO - Epoch 60 | Validation loss: 0.132023
2025-06-23 13:42:27,628 - INFO - Computing FID, KID, LPIPS, SSIM...
2025-06-23 13:42:30,495 - INFO - Epoch 60 Metrics | fid: 520.5318 | kid: 0.7668 | kid_std: 0.0141 | lpips: 0.7174 | ssim: 0.0151
2025-06-23 13:42:33,020 - INFO - Epoch 61 | Train loss: 0.205910
2025-06-23 13:42:33,123 - INFO - Epoch 61 | Validation loss: 0.124241
2025-06-23 13:42:35,712 - INFO - Epoch 62 | Train loss: 0.207085
2025-06-23 13:42:35,816 - INFO - Epoch 62 | Validation loss: 0.119604
2025-06-23 13:42:38,359 - INFO - Epoch 63 | Train loss: 0.202927
2025-06-23 13:42:38,460 - INFO - Epoch 63 | Validation loss: 0.131658
2025-06-23 13:42:40,981 - INFO - Epoch 64 | Train loss: 0.207821
2025-06-23 13:42:41,083 - INFO - Epoch 64 | Validation loss: 0.131667
2025-06-23 13:42:43,653 - INFO - Epoch 65 | Train loss: 0.205094
2025-06-23 13:42:43,757 - INFO - Epoch 65 | Validation loss: 0.121807
2025-06-23 13:42:54,815 - INFO - Computing FID, KID, LPIPS, SSIM...
2025-06-23 13:42:57,854 - INFO - Epoch 65 Metrics | fid: 517.2829 | kid: 0.7634 | kid_std: 0.0156 | lpips: 0.7209 | ssim: 0.0145
2025-06-23 13:43:00,394 - INFO - Epoch 66 | Train loss: 0.206810
2025-06-23 13:43:00,499 - INFO - Epoch 66 | Validation loss: 0.120246
2025-06-23 13:43:03,070 - INFO - Epoch 67 | Train loss: 0.203812
2025-06-23 13:43:03,172 - INFO - Epoch 67 | Validation loss: 0.111064
2025-06-23 13:43:05,750 - INFO - Epoch 68 | Train loss: 0.204308
2025-06-23 13:43:05,854 - INFO - Epoch 68 | Validation loss: 0.118585
2025-06-23 13:43:08,440 - INFO - Epoch 69 | Train loss: 0.204136
2025-06-23 13:43:08,544 - INFO - Epoch 69 | Validation loss: 0.114916
2025-06-23 13:43:11,086 - INFO - Epoch 70 | Train loss: 0.200636
2025-06-23 13:43:11,189 - INFO - Epoch 70 | Validation loss: 0.114786
2025-06-23 13:43:22,190 - INFO - Computing FID, KID, LPIPS, SSIM...
2025-06-23 13:43:24,741 - INFO - Epoch 70 Metrics | fid: 521.7979 | kid: 0.7762 | kid_std: 0.0145 | lpips: 0.7257 | ssim: 0.0139
2025-06-23 13:43:27,297 - INFO - Epoch 71 | Train loss: 0.198402
2025-06-23 13:43:27,397 - INFO - Epoch 71 | Validation loss: 0.117831
2025-06-23 13:43:29,901 - INFO - Epoch 72 | Train loss: 0.201741
2025-06-23 13:43:30,006 - INFO - Epoch 72 | Validation loss: 0.111459
2025-06-23 13:43:32,586 - INFO - Epoch 73 | Train loss: 0.201069
2025-06-23 13:43:32,688 - INFO - Epoch 73 | Validation loss: 0.117501
2025-06-23 13:43:35,270 - INFO - Epoch 74 | Train loss: 0.202575
2025-06-23 13:43:35,381 - INFO - Epoch 74 | Validation loss: 0.122785
2025-06-23 13:43:37,904 - INFO - Epoch 75 | Train loss: 0.199244
2025-06-23 13:43:38,011 - INFO - Epoch 75 | Validation loss: 0.123077
2025-06-23 13:43:38,044 - INFO - Generating debug samples...
2025-06-23 13:44:28,131 - INFO - Saved decoded debug samples for epoch 75.
2025-06-23 13:44:39,092 - INFO - Computing FID, KID, LPIPS, SSIM...
2025-06-23 13:44:41,680 - INFO - Epoch 75 Metrics | fid: 515.7075 | kid: 0.7664 | kid_std: 0.0132 | lpips: 0.7244 | ssim: 0.0142
2025-06-23 13:44:41,780 - INFO - Saved model checkpoint at ../model_runs/full_run_7/trained_models/model_epoch_0075.pth
2025-06-23 13:44:44,366 - INFO - Epoch 76 | Train loss: 0.199737
2025-06-23 13:44:44,474 - INFO - Epoch 76 | Validation loss: 0.119697
2025-06-23 13:44:47,046 - INFO - Epoch 77 | Train loss: 0.197939
2025-06-23 13:44:47,151 - INFO - Epoch 77 | Validation loss: 0.115031
2025-06-23 13:44:49,713 - INFO - Epoch 78 | Train loss: 0.198980
2025-06-23 13:44:49,816 - INFO - Epoch 78 | Validation loss: 0.118410
2025-06-23 13:44:52,376 - INFO - Epoch 79 | Train loss: 0.199227
2025-06-23 13:44:52,482 - INFO - Epoch 79 | Validation loss: 0.115078
2025-06-23 13:44:54,998 - INFO - Epoch 80 | Train loss: 0.197876
2025-06-23 13:44:55,105 - INFO - Epoch 80 | Validation loss: 0.115468
2025-06-23 13:45:06,056 - INFO - Computing FID, KID, LPIPS, SSIM...
2025-06-23 13:45:08,597 - INFO - Epoch 80 Metrics | fid: 511.9631 | kid: 0.7513 | kid_std: 0.0112 | lpips: 0.7216 | ssim: 0.0143
2025-06-23 13:45:11,143 - INFO - Epoch 81 | Train loss: 0.204717
2025-06-23 13:45:11,246 - INFO - Epoch 81 | Validation loss: 0.118636
2025-06-23 13:45:13,765 - INFO - Epoch 82 | Train loss: 0.196980
2025-06-23 13:45:13,872 - INFO - Epoch 82 | Validation loss: 0.106679
2025-06-23 13:45:16,450 - INFO - Epoch 83 | Train loss: 0.195900
2025-06-23 13:45:16,552 - INFO - Epoch 83 | Validation loss: 0.113463
2025-06-23 13:45:19,110 - INFO - Epoch 84 | Train loss: 0.198790
2025-06-23 13:45:19,215 - INFO - Epoch 84 | Validation loss: 0.114839
2025-06-23 13:45:21,730 - INFO - Epoch 85 | Train loss: 0.197245
2025-06-23 13:45:21,834 - INFO - Epoch 85 | Validation loss: 0.102860
2025-06-23 13:45:32,756 - INFO - Computing FID, KID, LPIPS, SSIM...
2025-06-23 13:45:35,463 - INFO - Epoch 85 Metrics | fid: 515.8827 | kid: 0.7617 | kid_std: 0.0135 | lpips: 0.7214 | ssim: 0.0148
2025-06-23 13:45:38,029 - INFO - Epoch 86 | Train loss: 0.197510
2025-06-23 13:45:38,135 - INFO - Epoch 86 | Validation loss: 0.118641
2025-06-23 13:45:40,739 - INFO - Epoch 87 | Train loss: 0.199472
2025-06-23 13:45:40,844 - INFO - Epoch 87 | Validation loss: 0.114687
2025-06-23 13:45:43,391 - INFO - Epoch 88 | Train loss: 0.195074
2025-06-23 13:45:43,496 - INFO - Epoch 88 | Validation loss: 0.118759
2025-06-23 13:45:46,045 - INFO - Epoch 89 | Train loss: 0.196218
2025-06-23 13:45:46,149 - INFO - Epoch 89 | Validation loss: 0.108589
2025-06-23 13:45:48,681 - INFO - Epoch 90 | Train loss: 0.194281
2025-06-23 13:45:48,783 - INFO - Epoch 90 | Validation loss: 0.115438
2025-06-23 13:45:59,724 - INFO - Computing FID, KID, LPIPS, SSIM...
2025-06-23 13:46:02,287 - INFO - Epoch 90 Metrics | fid: 502.6320 | kid: 0.7330 | kid_std: 0.0129 | lpips: 0.7165 | ssim: 0.0155
2025-06-23 13:46:04,818 - INFO - Epoch 91 | Train loss: 0.196511
2025-06-23 13:46:04,927 - INFO - Epoch 91 | Validation loss: 0.116660
2025-06-23 13:46:07,500 - INFO - Epoch 92 | Train loss: 0.195697
2025-06-23 13:46:07,605 - INFO - Epoch 92 | Validation loss: 0.118222
2025-06-23 13:46:10,152 - INFO - Epoch 93 | Train loss: 0.197735
2025-06-23 13:46:10,255 - INFO - Epoch 93 | Validation loss: 0.120353
2025-06-23 13:46:12,806 - INFO - Epoch 94 | Train loss: 0.193852
2025-06-23 13:46:12,911 - INFO - Epoch 94 | Validation loss: 0.121584
2025-06-23 13:46:15,477 - INFO - Epoch 95 | Train loss: 0.195800
2025-06-23 13:46:15,578 - INFO - Epoch 95 | Validation loss: 0.111352
2025-06-23 13:46:26,540 - INFO - Computing FID, KID, LPIPS, SSIM...
2025-06-23 13:46:29,201 - INFO - Epoch 95 Metrics | fid: 507.5280 | kid: 0.7424 | kid_std: 0.0140 | lpips: 0.7209 | ssim: 0.0146
2025-06-23 13:46:31,743 - INFO - Epoch 96 | Train loss: 0.199197
2025-06-23 13:46:31,848 - INFO - Epoch 96 | Validation loss: 0.119140
2025-06-23 13:46:34,391 - INFO - Epoch 97 | Train loss: 0.193819
2025-06-23 13:46:34,497 - INFO - Epoch 97 | Validation loss: 0.110394
2025-06-23 13:46:37,016 - INFO - Epoch 98 | Train loss: 0.193271
2025-06-23 13:46:37,121 - INFO - Epoch 98 | Validation loss: 0.103469
2025-06-23 13:46:39,668 - INFO - Epoch 99 | Train loss: 0.193388
2025-06-23 13:46:39,777 - INFO - Epoch 99 | Validation loss: 0.115980
2025-06-23 13:46:42,319 - INFO - Epoch 100 | Train loss: 0.195689
2025-06-23 13:46:42,423 - INFO - Epoch 100 | Validation loss: 0.116301
2025-06-23 13:46:42,457 - INFO - Generating debug samples...
2025-06-23 13:47:32,476 - INFO - Saved decoded debug samples for epoch 100.
2025-06-23 13:47:43,452 - INFO - Computing FID, KID, LPIPS, SSIM...
2025-06-23 13:47:46,128 - INFO - Epoch 100 Metrics | fid: 499.6389 | kid: 0.7294 | kid_std: 0.0153 | lpips: 0.7107 | ssim: 0.0159
2025-06-23 13:47:46,226 - INFO - Saved model checkpoint at ../model_runs/full_run_7/trained_models/model_epoch_0100.pth
2025-06-23 13:47:48,805 - INFO - Epoch 101 | Train loss: 0.196760
2025-06-23 13:47:48,912 - INFO - Epoch 101 | Validation loss: 0.110548
2025-06-23 13:47:51,513 - INFO - Epoch 102 | Train loss: 0.194424
2025-06-23 13:47:51,615 - INFO - Epoch 102 | Validation loss: 0.113855
2025-06-23 13:47:54,219 - INFO - Epoch 103 | Train loss: 0.193058
2025-06-23 13:47:54,324 - INFO - Epoch 103 | Validation loss: 0.115740
2025-06-23 13:47:56,876 - INFO - Epoch 104 | Train loss: 0.194044
2025-06-23 13:47:56,981 - INFO - Epoch 104 | Validation loss: 0.102814
2025-06-23 13:47:59,555 - INFO - Epoch 105 | Train loss: 0.192267
2025-06-23 13:47:59,658 - INFO - Epoch 105 | Validation loss: 0.106607
2025-06-23 13:48:10,649 - INFO - Computing FID, KID, LPIPS, SSIM...
2025-06-23 13:48:13,298 - INFO - Epoch 105 Metrics | fid: 502.7164 | kid: 0.7275 | kid_std: 0.0137 | lpips: 0.7180 | ssim: 0.0153
2025-06-23 13:48:15,843 - INFO - Epoch 106 | Train loss: 0.192509
2025-06-23 13:48:15,946 - INFO - Epoch 106 | Validation loss: 0.107064
2025-06-23 13:48:18,500 - INFO - Epoch 107 | Train loss: 0.193928
2025-06-23 13:48:18,603 - INFO - Epoch 107 | Validation loss: 0.109974
2025-06-23 13:48:21,144 - INFO - Epoch 108 | Train loss: 0.195526
2025-06-23 13:48:21,249 - INFO - Epoch 108 | Validation loss: 0.119564
2025-06-23 13:48:23,734 - INFO - Epoch 109 | Train loss: 0.193238
2025-06-23 13:48:23,837 - INFO - Epoch 109 | Validation loss: 0.112354
2025-06-23 13:48:26,332 - INFO - Epoch 110 | Train loss: 0.193027
2025-06-23 13:48:26,440 - INFO - Epoch 110 | Validation loss: 0.111775
2025-06-23 13:48:37,423 - INFO - Computing FID, KID, LPIPS, SSIM...
2025-06-23 13:48:40,040 - INFO - Epoch 110 Metrics | fid: 501.2689 | kid: 0.7278 | kid_std: 0.0123 | lpips: 0.7127 | ssim: 0.0162
2025-06-23 13:48:42,554 - INFO - Epoch 111 | Train loss: 0.197331
2025-06-23 13:48:42,657 - INFO - Epoch 111 | Validation loss: 0.103413
2025-06-23 13:48:45,183 - INFO - Epoch 112 | Train loss: 0.191237
2025-06-23 13:48:45,289 - INFO - Epoch 112 | Validation loss: 0.112470
2025-06-23 13:48:47,778 - INFO - Epoch 113 | Train loss: 0.189474
2025-06-23 13:48:47,881 - INFO - Epoch 113 | Validation loss: 0.116158
2025-06-23 13:48:50,428 - INFO - Epoch 114 | Train loss: 0.191233
2025-06-23 13:48:50,532 - INFO - Epoch 114 | Validation loss: 0.118123
2025-06-23 13:48:53,048 - INFO - Epoch 115 | Train loss: 0.190286
2025-06-23 13:48:53,150 - INFO - Epoch 115 | Validation loss: 0.110900
2025-06-23 13:49:04,121 - INFO - Computing FID, KID, LPIPS, SSIM...
2025-06-23 13:49:06,704 - INFO - Epoch 115 Metrics | fid: 504.2145 | kid: 0.7308 | kid_std: 0.0153 | lpips: 0.7242 | ssim: 0.0140
2025-06-23 13:49:09,236 - INFO - Epoch 116 | Train loss: 0.193192
2025-06-23 13:49:09,339 - INFO - Epoch 116 | Validation loss: 0.105464
2025-06-23 13:49:11,902 - INFO - Epoch 117 | Train loss: 0.190030
2025-06-23 13:49:12,005 - INFO - Epoch 117 | Validation loss: 0.105410
2025-06-23 13:49:14,491 - INFO - Epoch 118 | Train loss: 0.192146
2025-06-23 13:49:14,591 - INFO - Epoch 118 | Validation loss: 0.113692
2025-06-23 13:49:17,114 - INFO - Epoch 119 | Train loss: 0.189488
2025-06-23 13:49:17,221 - INFO - Epoch 119 | Validation loss: 0.112680
2025-06-23 13:49:19,769 - INFO - Epoch 120 | Train loss: 0.191652
2025-06-23 13:49:19,869 - INFO - Epoch 120 | Validation loss: 0.101064
2025-06-23 13:49:30,814 - INFO - Computing FID, KID, LPIPS, SSIM...
2025-06-23 13:49:33,428 - INFO - Epoch 120 Metrics | fid: 498.4933 | kid: 0.7234 | kid_std: 0.0152 | lpips: 0.7231 | ssim: 0.0144
2025-06-23 13:49:35,919 - INFO - Epoch 121 | Train loss: 0.192985
2025-06-23 13:49:36,018 - INFO - Epoch 121 | Validation loss: 0.112628
2025-06-23 13:49:38,587 - INFO - Epoch 122 | Train loss: 0.189454
2025-06-23 13:49:38,691 - INFO - Epoch 122 | Validation loss: 0.099616
2025-06-23 13:49:41,208 - INFO - Epoch 123 | Train loss: 0.188902
2025-06-23 13:49:41,314 - INFO - Epoch 123 | Validation loss: 0.101706
2025-06-23 13:49:43,863 - INFO - Epoch 124 | Train loss: 0.191273
2025-06-23 13:49:43,965 - INFO - Epoch 124 | Validation loss: 0.108625
2025-06-23 13:49:46,540 - INFO - Epoch 125 | Train loss: 0.191687
2025-06-23 13:49:46,641 - INFO - Epoch 125 | Validation loss: 0.108670
2025-06-23 13:49:46,680 - INFO - Generating debug samples...
2025-06-23 13:50:36,612 - INFO - Saved decoded debug samples for epoch 125.
2025-06-23 13:50:47,548 - INFO - Computing FID, KID, LPIPS, SSIM...
2025-06-23 13:50:50,137 - INFO - Epoch 125 Metrics | fid: 513.6942 | kid: 0.7589 | kid_std: 0.0157 | lpips: 0.7197 | ssim: 0.0153
2025-06-23 13:50:50,238 - INFO - Saved model checkpoint at ../model_runs/full_run_7/trained_models/model_epoch_0125.pth
2025-06-23 13:50:52,781 - INFO - Epoch 126 | Train loss: 0.187012
2025-06-23 13:50:52,883 - INFO - Epoch 126 | Validation loss: 0.103208
2025-06-23 13:50:55,426 - INFO - Epoch 127 | Train loss: 0.189395
2025-06-23 13:50:55,532 - INFO - Epoch 127 | Validation loss: 0.098687
2025-06-23 13:50:58,081 - INFO - Epoch 128 | Train loss: 0.188898
2025-06-23 13:50:58,185 - INFO - Epoch 128 | Validation loss: 0.107023
2025-06-23 13:51:00,731 - INFO - Epoch 129 | Train loss: 0.188034
2025-06-23 13:51:00,839 - INFO - Epoch 129 | Validation loss: 0.101412
2025-06-23 13:51:03,348 - INFO - Epoch 130 | Train loss: 0.188401
2025-06-23 13:51:03,450 - INFO - Epoch 130 | Validation loss: 0.108009
2025-06-23 13:51:14,451 - INFO - Computing FID, KID, LPIPS, SSIM...
2025-06-23 13:51:16,994 - INFO - Epoch 130 Metrics | fid: 499.1328 | kid: 0.7256 | kid_std: 0.0134 | lpips: 0.7183 | ssim: 0.0150
2025-06-23 13:51:19,440 - INFO - Epoch 131 | Train loss: 0.187396
2025-06-23 13:51:19,547 - INFO - Epoch 131 | Validation loss: 0.096666
2025-06-23 13:51:22,112 - INFO - Epoch 132 | Train loss: 0.189958
2025-06-23 13:51:22,217 - INFO - Epoch 132 | Validation loss: 0.106824
2025-06-23 13:51:24,801 - INFO - Epoch 133 | Train loss: 0.187778
2025-06-23 13:51:24,903 - INFO - Epoch 133 | Validation loss: 0.116244
2025-06-23 13:51:27,447 - INFO - Epoch 134 | Train loss: 0.184935
2025-06-23 13:51:27,550 - INFO - Epoch 134 | Validation loss: 0.102343
2025-06-23 13:51:30,088 - INFO - Epoch 135 | Train loss: 0.189126
2025-06-23 13:51:30,195 - INFO - Epoch 135 | Validation loss: 0.106986
2025-06-23 13:51:41,245 - INFO - Computing FID, KID, LPIPS, SSIM...
2025-06-23 13:51:43,910 - INFO - Epoch 135 Metrics | fid: 519.5912 | kid: 0.7715 | kid_std: 0.0121 | lpips: 0.7330 | ssim: 0.0126
2025-06-23 13:51:46,403 - INFO - Epoch 136 | Train loss: 0.189473
2025-06-23 13:51:46,504 - INFO - Epoch 136 | Validation loss: 0.104187
2025-06-23 13:51:49,096 - INFO - Epoch 137 | Train loss: 0.186991
2025-06-23 13:51:49,199 - INFO - Epoch 137 | Validation loss: 0.107907
2025-06-23 13:51:51,725 - INFO - Epoch 138 | Train loss: 0.186247
2025-06-23 13:51:51,830 - INFO - Epoch 138 | Validation loss: 0.106590
2025-06-23 13:51:54,408 - INFO - Epoch 139 | Train loss: 0.189409
2025-06-23 13:51:54,508 - INFO - Epoch 139 | Validation loss: 0.107389
2025-06-23 13:51:57,079 - INFO - Epoch 140 | Train loss: 0.187129
2025-06-23 13:51:57,179 - INFO - Epoch 140 | Validation loss: 0.107161
2025-06-23 13:52:08,264 - INFO - Computing FID, KID, LPIPS, SSIM...
2025-06-23 13:52:10,952 - INFO - Epoch 140 Metrics | fid: 506.7358 | kid: 0.7383 | kid_std: 0.0117 | lpips: 0.7296 | ssim: 0.0136
2025-06-23 13:52:13,464 - INFO - Epoch 141 | Train loss: 0.186148
2025-06-23 13:52:13,566 - INFO - Epoch 141 | Validation loss: 0.101960
2025-06-23 13:52:16,112 - INFO - Epoch 142 | Train loss: 0.188134
2025-06-23 13:52:16,217 - INFO - Epoch 142 | Validation loss: 0.106675
2025-06-23 13:52:18,706 - INFO - Epoch 143 | Train loss: 0.186691
2025-06-23 13:52:18,810 - INFO - Epoch 143 | Validation loss: 0.098936
2025-06-23 13:52:21,302 - INFO - Epoch 144 | Train loss: 0.184451
2025-06-23 13:52:21,408 - INFO - Epoch 144 | Validation loss: 0.100032
2025-06-23 13:52:23,985 - INFO - Epoch 145 | Train loss: 0.187698
2025-06-23 13:52:24,088 - INFO - Epoch 145 | Validation loss: 0.100402
2025-06-23 13:52:35,044 - INFO - Computing FID, KID, LPIPS, SSIM...
2025-06-23 13:52:37,617 - INFO - Epoch 145 Metrics | fid: 493.4915 | kid: 0.7184 | kid_std: 0.0147 | lpips: 0.7077 | ssim: 0.0162
2025-06-23 13:52:40,171 - INFO - Epoch 146 | Train loss: 0.187928
2025-06-23 13:52:40,275 - INFO - Epoch 146 | Validation loss: 0.106314
2025-06-23 13:52:42,817 - INFO - Epoch 147 | Train loss: 0.187832
2025-06-23 13:52:42,920 - INFO - Epoch 147 | Validation loss: 0.116636
2025-06-23 13:52:45,459 - INFO - Epoch 148 | Train loss: 0.187873
2025-06-23 13:52:45,568 - INFO - Epoch 148 | Validation loss: 0.107118
2025-06-23 13:52:48,149 - INFO - Epoch 149 | Train loss: 0.185764
2025-06-23 13:52:48,257 - INFO - Epoch 149 | Validation loss: 0.102053
2025-06-23 13:52:50,806 - INFO - Epoch 150 | Train loss: 0.186665
2025-06-23 13:52:50,911 - INFO - Epoch 150 | Validation loss: 0.101271
2025-06-23 13:52:50,947 - INFO - Generating debug samples...
2025-06-23 13:53:41,077 - INFO - Saved decoded debug samples for epoch 150.
2025-06-23 13:53:52,043 - INFO - Computing FID, KID, LPIPS, SSIM...
2025-06-23 13:53:54,708 - INFO - Epoch 150 Metrics | fid: 490.8911 | kid: 0.7061 | kid_std: 0.0151 | lpips: 0.7093 | ssim: 0.0163
2025-06-23 13:53:54,806 - INFO - Saved model checkpoint at ../model_runs/full_run_7/trained_models/model_epoch_0150.pth
2025-06-23 13:53:57,302 - INFO - Epoch 151 | Train loss: 0.187919
2025-06-23 13:53:57,405 - INFO - Epoch 151 | Validation loss: 0.099819
2025-06-23 13:53:57,405 - INFO - Early stopping triggered by validation loss.
2025-06-23 14:03:57,575 - WARNING - [Rank 0] Samples returned from ddpm_train are not a tensor or list of tensors. Skipping grid save.
