2025-06-24 18:23:30,182 - INFO - [Rank 0] Starting distributed training with 2 GPUs
2025-06-24 18:23:30,183 - INFO - [Rank 0] Loading dataset...
2025-06-24 18:23:30,197 - INFO - [Rank 0] Creating model...
2025-06-24 18:23:31,565 - INFO - [Rank 0] Setting up diffusion...
2025-06-24 18:23:31,614 - INFO - [Rank 0] Starting training...
2025-06-24 18:23:54,094 - INFO - Epoch 0 | Train loss: 1.008212
2025-06-24 18:23:57,115 - INFO - Epoch 0 | Validation loss: 0.882080
2025-06-24 18:23:57,141 - INFO - Generating debug samples...
2025-06-24 18:26:16,562 - INFO - Saved decoded debug samples for epoch 0.
2025-06-24 18:26:42,360 - INFO - Computing FID, KID, LPIPS, SSIM...
2025-06-24 18:26:51,425 - INFO - Epoch 0 Metrics | fid: 580.1467 | kid: 0.8217 | kid_std: 0.0229 | lpips: 0.6650 | ssim: 0.0932
2025-06-24 18:26:51,522 - INFO - Saved model checkpoint at ../model_runs/full_run_12/trained_models/model_epoch_0000.pth
2025-06-24 18:26:58,342 - INFO - Epoch 1 | Train loss: 0.838208
2025-06-24 18:26:58,451 - INFO - Epoch 1 | Validation loss: 0.709260
2025-06-24 18:27:05,299 - INFO - Epoch 2 | Train loss: 0.719763
2025-06-24 18:27:05,402 - INFO - Epoch 2 | Validation loss: 0.612777
2025-06-24 18:27:12,196 - INFO - Epoch 3 | Train loss: 0.652737
2025-06-24 18:27:12,304 - INFO - Epoch 3 | Validation loss: 0.556768
2025-06-24 18:27:18,967 - INFO - Epoch 4 | Train loss: 0.607575
2025-06-24 18:27:19,077 - INFO - Epoch 4 | Validation loss: 0.513350
2025-06-24 18:27:25,989 - INFO - Epoch 5 | Train loss: 0.574723
2025-06-24 18:27:26,093 - INFO - Epoch 5 | Validation loss: 0.481694
2025-06-24 18:27:50,781 - INFO - Computing FID, KID, LPIPS, SSIM...
2025-06-24 18:27:55,632 - INFO - Epoch 5 Metrics | fid: 618.2808 | kid: 0.9246 | kid_std: 0.0201 | lpips: 0.6625 | ssim: 0.0938
2025-06-24 18:28:02,530 - INFO - Epoch 6 | Train loss: 0.557751
2025-06-24 18:28:02,642 - INFO - Epoch 6 | Validation loss: 0.468262
2025-06-24 18:28:09,340 - INFO - Epoch 7 | Train loss: 0.541642
2025-06-24 18:28:09,449 - INFO - Epoch 7 | Validation loss: 0.438772
2025-06-24 18:28:16,083 - INFO - Epoch 8 | Train loss: 0.531117
2025-06-24 18:28:16,190 - INFO - Epoch 8 | Validation loss: 0.453796
2025-06-24 18:28:23,150 - INFO - Epoch 9 | Train loss: 0.527554
2025-06-24 18:28:23,256 - INFO - Epoch 9 | Validation loss: 0.445699
2025-06-24 18:28:30,053 - INFO - Epoch 10 | Train loss: 0.515731
2025-06-24 18:28:30,166 - INFO - Epoch 10 | Validation loss: 0.420849
2025-06-24 18:28:54,870 - INFO - Computing FID, KID, LPIPS, SSIM...
2025-06-24 18:28:59,534 - INFO - Epoch 10 Metrics | fid: 612.8492 | kid: 0.8994 | kid_std: 0.0259 | lpips: 0.6472 | ssim: 0.1290
2025-06-24 18:29:06,257 - INFO - Epoch 11 | Train loss: 0.511510
2025-06-24 18:29:06,372 - INFO - Epoch 11 | Validation loss: 0.428188
2025-06-24 18:29:13,263 - INFO - Epoch 12 | Train loss: 0.505150
2025-06-24 18:29:13,368 - INFO - Epoch 12 | Validation loss: 0.427086
2025-06-24 18:29:20,204 - INFO - Epoch 13 | Train loss: 0.497389
2025-06-24 18:29:20,310 - INFO - Epoch 13 | Validation loss: 0.415124
2025-06-24 18:29:27,124 - INFO - Epoch 14 | Train loss: 0.489897
2025-06-24 18:29:27,241 - INFO - Epoch 14 | Validation loss: 0.407089
2025-06-24 18:29:33,986 - INFO - Epoch 15 | Train loss: 0.486281
2025-06-24 18:29:34,095 - INFO - Epoch 15 | Validation loss: 0.402484
2025-06-24 18:29:58,808 - INFO - Computing FID, KID, LPIPS, SSIM...
2025-06-24 18:30:03,631 - INFO - Epoch 15 Metrics | fid: 622.2722 | kid: 0.9233 | kid_std: 0.0236 | lpips: 0.6497 | ssim: 0.1215
2025-06-24 18:30:10,123 - INFO - Epoch 16 | Train loss: 0.477857
2025-06-24 18:30:10,227 - INFO - Epoch 16 | Validation loss: 0.397591
2025-06-24 18:30:17,139 - INFO - Epoch 17 | Train loss: 0.473661
2025-06-24 18:30:17,241 - INFO - Epoch 17 | Validation loss: 0.385680
2025-06-24 18:30:24,491 - INFO - Epoch 18 | Train loss: 0.461495
2025-06-24 18:30:24,604 - INFO - Epoch 18 | Validation loss: 0.382890
2025-06-24 18:30:31,445 - INFO - Epoch 19 | Train loss: 0.458716
2025-06-24 18:30:31,550 - INFO - Epoch 19 | Validation loss: 0.372278
2025-06-24 18:30:38,193 - INFO - Epoch 20 | Train loss: 0.455387
2025-06-24 18:30:38,300 - INFO - Epoch 20 | Validation loss: 0.383357
2025-06-24 18:31:02,992 - INFO - Computing FID, KID, LPIPS, SSIM...
2025-06-24 18:31:07,796 - INFO - Epoch 20 Metrics | fid: 606.4177 | kid: 0.8942 | kid_std: 0.0251 | lpips: 0.6421 | ssim: 0.1384
2025-06-24 18:31:14,222 - INFO - Epoch 21 | Train loss: 0.440957
2025-06-24 18:31:14,332 - INFO - Epoch 21 | Validation loss: 0.366631
2025-06-24 18:31:21,322 - INFO - Epoch 22 | Train loss: 0.432186
2025-06-24 18:31:21,428 - INFO - Epoch 22 | Validation loss: 0.365585
2025-06-24 18:31:27,943 - INFO - Epoch 23 | Train loss: 0.430694
2025-06-24 18:31:28,050 - INFO - Epoch 23 | Validation loss: 0.340883
2025-06-24 18:31:34,684 - INFO - Epoch 24 | Train loss: 0.427232
2025-06-24 18:31:34,792 - INFO - Epoch 24 | Validation loss: 0.350559
2025-06-24 18:31:41,601 - INFO - Epoch 25 | Train loss: 0.420949
2025-06-24 18:31:41,708 - INFO - Epoch 25 | Validation loss: 0.341336
2025-06-24 18:31:41,788 - INFO - Generating debug samples...
2025-06-24 18:33:59,308 - INFO - Saved decoded debug samples for epoch 25.
2025-06-24 18:34:24,002 - INFO - Computing FID, KID, LPIPS, SSIM...
