2025-06-23 11:33:48,618 - INFO - [Rank 0] Starting distributed training with 2 GPUs
2025-06-23 11:33:48,619 - INFO - [Rank 0] Loading dataset...
2025-06-23 11:33:48,630 - INFO - [Rank 0] Creating model...
2025-06-23 11:33:49,059 - INFO - [Rank 0] Setting up diffusion...
2025-06-23 11:33:49,069 - INFO - [Rank 0] Starting training...
2025-06-23 11:34:28,595 - INFO - Epoch 0 | Train loss: 0.989850
2025-06-23 11:34:39,560 - INFO - Epoch 0 | Validation loss: 0.799953
2025-06-23 11:34:39,599 - INFO - Generating debug samples...
2025-06-23 11:35:29,863 - INFO - Saved decoded debug samples for epoch 0.
2025-06-23 11:35:40,834 - INFO - Computing FID, KID, LPIPS, SSIM...
2025-06-23 11:35:44,658 - INFO - Epoch 0 Metrics | fid: 537.3414 | kid: 0.8257 | kid_std: 0.0124 | lpips: 0.7302 | ssim: 0.0118
2025-06-23 11:35:44,739 - INFO - Saved model checkpoint at ../model_runs/full_run_6/trained_models/model_epoch_0000.pth
2025-06-23 11:35:47,351 - INFO - Epoch 1 | Train loss: 0.744745
2025-06-23 11:35:47,453 - INFO - Epoch 1 | Validation loss: 0.570461
2025-06-23 11:35:49,953 - INFO - Epoch 2 | Train loss: 0.604253
2025-06-23 11:35:50,060 - INFO - Epoch 2 | Validation loss: 0.461186
2025-06-23 11:35:52,588 - INFO - Epoch 3 | Train loss: 0.524333
2025-06-23 11:35:52,693 - INFO - Epoch 3 | Validation loss: 0.394896
2025-06-23 11:35:55,262 - INFO - Epoch 4 | Train loss: 0.474744
2025-06-23 11:35:55,366 - INFO - Epoch 4 | Validation loss: 0.346169
2025-06-23 11:35:57,912 - INFO - Epoch 5 | Train loss: 0.431051
2025-06-23 11:35:58,018 - INFO - Epoch 5 | Validation loss: 0.314617
2025-06-23 11:36:08,783 - INFO - Computing FID, KID, LPIPS, SSIM...
2025-06-23 11:36:11,431 - INFO - Epoch 5 Metrics | fid: 554.7726 | kid: 0.8470 | kid_std: 0.0126 | lpips: 0.7325 | ssim: 0.0123
2025-06-23 11:36:14,024 - INFO - Epoch 6 | Train loss: 0.406944
2025-06-23 11:36:14,126 - INFO - Epoch 6 | Validation loss: 0.305432
2025-06-23 11:36:16,657 - INFO - Epoch 7 | Train loss: 0.383212
2025-06-23 11:36:16,759 - INFO - Epoch 7 | Validation loss: 0.280198
2025-06-23 11:36:19,270 - INFO - Epoch 8 | Train loss: 0.367693
2025-06-23 11:36:19,374 - INFO - Epoch 8 | Validation loss: 0.258080
2025-06-23 11:36:21,950 - INFO - Epoch 9 | Train loss: 0.354080
2025-06-23 11:36:22,051 - INFO - Epoch 9 | Validation loss: 0.247328
2025-06-23 11:36:24,588 - INFO - Epoch 10 | Train loss: 0.339860
2025-06-23 11:36:24,693 - INFO - Epoch 10 | Validation loss: 0.241535
2025-06-23 11:36:35,523 - INFO - Computing FID, KID, LPIPS, SSIM...
2025-06-23 11:36:38,138 - INFO - Epoch 10 Metrics | fid: 553.5997 | kid: 0.8478 | kid_std: 0.0138 | lpips: 0.7349 | ssim: 0.0122
2025-06-23 11:36:40,605 - INFO - Epoch 11 | Train loss: 0.328086
2025-06-23 11:36:40,711 - INFO - Epoch 11 | Validation loss: 0.238153
2025-06-23 11:36:43,286 - INFO - Epoch 12 | Train loss: 0.319059
2025-06-23 11:36:43,389 - INFO - Epoch 12 | Validation loss: 0.223905
2025-06-23 11:36:46,020 - INFO - Epoch 13 | Train loss: 0.307972
2025-06-23 11:36:46,125 - INFO - Epoch 13 | Validation loss: 0.220687
2025-06-23 11:36:48,621 - INFO - Epoch 14 | Train loss: 0.302443
2025-06-23 11:36:48,727 - INFO - Epoch 14 | Validation loss: 0.206314
2025-06-23 11:36:51,244 - INFO - Epoch 15 | Train loss: 0.297208
2025-06-23 11:36:51,351 - INFO - Epoch 15 | Validation loss: 0.209526
2025-06-23 11:37:02,191 - INFO - Computing FID, KID, LPIPS, SSIM...
2025-06-23 11:37:04,857 - INFO - Epoch 15 Metrics | fid: 559.0524 | kid: 0.8658 | kid_std: 0.0139 | lpips: 0.7350 | ssim: 0.0126
2025-06-23 11:37:07,353 - INFO - Epoch 16 | Train loss: 0.288194
2025-06-23 11:37:07,460 - INFO - Epoch 16 | Validation loss: 0.203548
2025-06-23 11:37:10,033 - INFO - Epoch 17 | Train loss: 0.283379
2025-06-23 11:37:10,137 - INFO - Epoch 17 | Validation loss: 0.189380
2025-06-23 11:37:12,697 - INFO - Epoch 18 | Train loss: 0.273685
2025-06-23 11:37:12,801 - INFO - Epoch 18 | Validation loss: 0.193508
2025-06-23 11:37:15,361 - INFO - Epoch 19 | Train loss: 0.271918
2025-06-23 11:37:15,468 - INFO - Epoch 19 | Validation loss: 0.196969
2025-06-23 11:37:18,001 - INFO - Epoch 20 | Train loss: 0.264429
2025-06-23 11:37:18,105 - INFO - Epoch 20 | Validation loss: 0.180257
2025-06-23 11:37:28,956 - INFO - Computing FID, KID, LPIPS, SSIM...
2025-06-23 11:37:31,620 - INFO - Epoch 20 Metrics | fid: 548.4807 | kid: 0.8365 | kid_std: 0.0127 | lpips: 0.7313 | ssim: 0.0131
2025-06-23 11:37:34,148 - INFO - Epoch 21 | Train loss: 0.261393
2025-06-23 11:37:34,251 - INFO - Epoch 21 | Validation loss: 0.187297
2025-06-23 11:37:36,796 - INFO - Epoch 22 | Train loss: 0.254986
2025-06-23 11:37:36,904 - INFO - Epoch 22 | Validation loss: 0.164678
2025-06-23 11:37:39,469 - INFO - Epoch 23 | Train loss: 0.253125
2025-06-23 11:37:39,574 - INFO - Epoch 23 | Validation loss: 0.174384
2025-06-23 11:37:42,116 - INFO - Epoch 24 | Train loss: 0.250853
2025-06-23 11:37:42,220 - INFO - Epoch 24 | Validation loss: 0.163583
2025-06-23 11:37:44,710 - INFO - Epoch 25 | Train loss: 0.248951
2025-06-23 11:37:44,816 - INFO - Epoch 25 | Validation loss: 0.158905
2025-06-23 11:37:44,855 - INFO - Generating debug samples...
2025-06-23 11:38:34,206 - INFO - Saved decoded debug samples for epoch 25.
2025-06-23 11:38:44,932 - INFO - Computing FID, KID, LPIPS, SSIM...
2025-06-23 11:38:47,499 - INFO - Epoch 25 Metrics | fid: 526.3611 | kid: 0.7880 | kid_std: 0.0133 | lpips: 0.7222 | ssim: 0.0144
2025-06-23 11:38:47,602 - INFO - Saved model checkpoint at ../model_runs/full_run_6/trained_models/model_epoch_0025.pth
2025-06-23 11:38:50,128 - INFO - Epoch 26 | Train loss: 0.241102
2025-06-23 11:38:50,237 - INFO - Epoch 26 | Validation loss: 0.157199
2025-06-23 11:38:52,685 - INFO - Epoch 27 | Train loss: 0.239806
2025-06-23 11:38:52,787 - INFO - Epoch 27 | Validation loss: 0.157688
2025-06-23 11:38:55,328 - INFO - Epoch 28 | Train loss: 0.237298
2025-06-23 11:38:55,431 - INFO - Epoch 28 | Validation loss: 0.150847
2025-06-23 11:38:57,999 - INFO - Epoch 29 | Train loss: 0.234786
2025-06-23 11:38:58,103 - INFO - Epoch 29 | Validation loss: 0.150361
2025-06-23 11:39:00,673 - INFO - Epoch 30 | Train loss: 0.237739
2025-06-23 11:39:00,778 - INFO - Epoch 30 | Validation loss: 0.154062
2025-06-23 11:39:11,567 - INFO - Computing FID, KID, LPIPS, SSIM...
2025-06-23 11:39:14,097 - INFO - Epoch 30 Metrics | fid: 540.0354 | kid: 0.8150 | kid_std: 0.0145 | lpips: 0.7318 | ssim: 0.0128
2025-06-23 11:39:16,640 - INFO - Epoch 31 | Train loss: 0.233047
2025-06-23 11:39:16,747 - INFO - Epoch 31 | Validation loss: 0.147183
2025-06-23 11:39:19,319 - INFO - Epoch 32 | Train loss: 0.230378
2025-06-23 11:39:19,424 - INFO - Epoch 32 | Validation loss: 0.140039
2025-06-23 11:39:22,013 - INFO - Epoch 33 | Train loss: 0.228028
2025-06-23 11:39:22,118 - INFO - Epoch 33 | Validation loss: 0.140363
2025-06-23 11:39:24,666 - INFO - Epoch 34 | Train loss: 0.227547
2025-06-23 11:39:24,771 - INFO - Epoch 34 | Validation loss: 0.144698
2025-06-23 11:39:27,324 - INFO - Epoch 35 | Train loss: 0.228101
2025-06-23 11:39:27,428 - INFO - Epoch 35 | Validation loss: 0.135747
2025-06-23 11:39:38,271 - INFO - Computing FID, KID, LPIPS, SSIM...
2025-06-23 11:39:40,918 - INFO - Epoch 35 Metrics | fid: 529.0879 | kid: 0.7923 | kid_std: 0.0138 | lpips: 0.7310 | ssim: 0.0132
2025-06-23 11:39:43,504 - INFO - Epoch 36 | Train loss: 0.224261
2025-06-23 11:39:43,608 - INFO - Epoch 36 | Validation loss: 0.147156
2025-06-23 11:39:46,203 - INFO - Epoch 37 | Train loss: 0.222563
2025-06-23 11:39:46,312 - INFO - Epoch 37 | Validation loss: 0.144771
2025-06-23 11:39:48,862 - INFO - Epoch 38 | Train loss: 0.227174
2025-06-23 11:39:48,964 - INFO - Epoch 38 | Validation loss: 0.135270
2025-06-23 11:39:51,551 - INFO - Epoch 39 | Train loss: 0.218253
2025-06-23 11:39:51,654 - INFO - Epoch 39 | Validation loss: 0.134725
2025-06-23 11:39:54,247 - INFO - Epoch 40 | Train loss: 0.220883
2025-06-23 11:39:54,355 - INFO - Epoch 40 | Validation loss: 0.130895
2025-06-23 11:40:05,226 - INFO - Computing FID, KID, LPIPS, SSIM...
2025-06-23 11:40:07,873 - INFO - Epoch 40 Metrics | fid: 525.4863 | kid: 0.7884 | kid_std: 0.0145 | lpips: 0.7212 | ssim: 0.0148
2025-06-23 11:40:10,384 - INFO - Epoch 41 | Train loss: 0.220113
2025-06-23 11:40:10,488 - INFO - Epoch 41 | Validation loss: 0.137491
2025-06-23 11:40:12,966 - INFO - Epoch 42 | Train loss: 0.216629
2025-06-23 11:40:13,070 - INFO - Epoch 42 | Validation loss: 0.123913
2025-06-23 11:40:15,617 - INFO - Epoch 43 | Train loss: 0.216582
2025-06-23 11:40:15,721 - INFO - Epoch 43 | Validation loss: 0.141127
2025-06-23 11:40:18,230 - INFO - Epoch 44 | Train loss: 0.216483
2025-06-23 11:40:18,334 - INFO - Epoch 44 | Validation loss: 0.133795
2025-06-23 11:40:20,915 - INFO - Epoch 45 | Train loss: 0.213434
2025-06-23 11:40:21,018 - INFO - Epoch 45 | Validation loss: 0.132525
2025-06-23 11:40:31,810 - INFO - Computing FID, KID, LPIPS, SSIM...
2025-06-23 11:40:34,431 - INFO - Epoch 45 Metrics | fid: 527.4821 | kid: 0.7847 | kid_std: 0.0148 | lpips: 0.7254 | ssim: 0.0136
2025-06-23 11:40:36,970 - INFO - Epoch 46 | Train loss: 0.216105
2025-06-23 11:40:37,076 - INFO - Epoch 46 | Validation loss: 0.133408
2025-06-23 11:40:39,626 - INFO - Epoch 47 | Train loss: 0.212721
2025-06-23 11:40:39,732 - INFO - Epoch 47 | Validation loss: 0.121443
2025-06-23 11:40:42,256 - INFO - Epoch 48 | Train loss: 0.213082
2025-06-23 11:40:42,362 - INFO - Epoch 48 | Validation loss: 0.138226
2025-06-23 11:40:44,928 - INFO - Epoch 49 | Train loss: 0.214778
2025-06-23 11:40:45,033 - INFO - Epoch 49 | Validation loss: 0.123527
2025-06-23 11:40:47,590 - INFO - Epoch 50 | Train loss: 0.213336
2025-06-23 11:40:47,696 - INFO - Epoch 50 | Validation loss: 0.122645
2025-06-23 11:40:47,729 - INFO - Generating debug samples...
2025-06-23 11:41:37,316 - INFO - Saved decoded debug samples for epoch 50.
2025-06-23 11:41:48,176 - INFO - Computing FID, KID, LPIPS, SSIM...
2025-06-23 11:41:50,749 - INFO - Epoch 50 Metrics | fid: 539.1714 | kid: 0.8164 | kid_std: 0.0133 | lpips: 0.7368 | ssim: 0.0127
2025-06-23 11:41:50,855 - INFO - Saved model checkpoint at ../model_runs/full_run_6/trained_models/model_epoch_0050.pth
2025-06-23 11:41:53,436 - INFO - Epoch 51 | Train loss: 0.214083
2025-06-23 11:41:53,539 - INFO - Epoch 51 | Validation loss: 0.123556
2025-06-23 11:41:56,089 - INFO - Epoch 52 | Train loss: 0.211440
2025-06-23 11:41:56,194 - INFO - Epoch 52 | Validation loss: 0.130616
2025-06-23 11:41:58,728 - INFO - Epoch 53 | Train loss: 0.210786
2025-06-23 11:41:58,840 - INFO - Epoch 53 | Validation loss: 0.123145
2025-06-23 11:42:01,361 - INFO - Epoch 54 | Train loss: 0.207872
2025-06-23 11:42:01,467 - INFO - Epoch 54 | Validation loss: 0.128440
2025-06-23 11:42:04,018 - INFO - Epoch 55 | Train loss: 0.207380
2025-06-23 11:42:04,122 - INFO - Epoch 55 | Validation loss: 0.137351
2025-06-23 11:42:14,953 - INFO - Computing FID, KID, LPIPS, SSIM...
2025-06-23 11:42:17,598 - INFO - Epoch 55 Metrics | fid: 515.2065 | kid: 0.7668 | kid_std: 0.0133 | lpips: 0.7209 | ssim: 0.0141
2025-06-23 11:42:20,135 - INFO - Epoch 56 | Train loss: 0.206792
2025-06-23 11:42:20,238 - INFO - Epoch 56 | Validation loss: 0.128477
2025-06-23 11:42:22,823 - INFO - Epoch 57 | Train loss: 0.208793
2025-06-23 11:42:22,927 - INFO - Epoch 57 | Validation loss: 0.133771
2025-06-23 11:42:25,495 - INFO - Epoch 58 | Train loss: 0.207755
2025-06-23 11:42:25,601 - INFO - Epoch 58 | Validation loss: 0.121788
2025-06-23 11:42:28,139 - INFO - Epoch 59 | Train loss: 0.206806
2025-06-23 11:42:28,243 - INFO - Epoch 59 | Validation loss: 0.125788
2025-06-23 11:42:30,723 - INFO - Epoch 60 | Train loss: 0.207306
2025-06-23 11:42:30,829 - INFO - Epoch 60 | Validation loss: 0.132724
2025-06-23 11:42:41,662 - INFO - Computing FID, KID, LPIPS, SSIM...
2025-06-23 11:42:44,412 - INFO - Epoch 60 Metrics | fid: 521.4695 | kid: 0.7690 | kid_std: 0.0140 | lpips: 0.7177 | ssim: 0.0150
2025-06-23 11:42:46,964 - INFO - Epoch 61 | Train loss: 0.205779
2025-06-23 11:42:47,068 - INFO - Epoch 61 | Validation loss: 0.124165
2025-06-23 11:42:49,600 - INFO - Epoch 62 | Train loss: 0.207103
2025-06-23 11:42:49,708 - INFO - Epoch 62 | Validation loss: 0.120150
2025-06-23 11:42:52,214 - INFO - Epoch 63 | Train loss: 0.202864
2025-06-23 11:42:52,318 - INFO - Epoch 63 | Validation loss: 0.130443
2025-06-23 11:42:54,895 - INFO - Epoch 64 | Train loss: 0.207786
2025-06-23 11:42:55,001 - INFO - Epoch 64 | Validation loss: 0.132307
2025-06-23 11:42:57,543 - INFO - Epoch 65 | Train loss: 0.205138
2025-06-23 11:42:57,648 - INFO - Epoch 65 | Validation loss: 0.121656
2025-06-23 11:43:08,441 - INFO - Computing FID, KID, LPIPS, SSIM...
2025-06-23 11:43:11,015 - INFO - Epoch 65 Metrics | fid: 512.0594 | kid: 0.7545 | kid_std: 0.0152 | lpips: 0.7181 | ssim: 0.0149
2025-06-23 11:43:13,540 - INFO - Epoch 66 | Train loss: 0.206661
2025-06-23 11:43:13,645 - INFO - Epoch 66 | Validation loss: 0.120338
2025-06-23 11:43:16,191 - INFO - Epoch 67 | Train loss: 0.203756
2025-06-23 11:43:16,296 - INFO - Epoch 67 | Validation loss: 0.110275
2025-06-23 11:43:18,927 - INFO - Epoch 68 | Train loss: 0.204173
2025-06-23 11:43:19,034 - INFO - Epoch 68 | Validation loss: 0.117568
2025-06-23 11:43:21,573 - INFO - Epoch 69 | Train loss: 0.204232
2025-06-23 11:43:21,680 - INFO - Epoch 69 | Validation loss: 0.115665
2025-06-23 11:43:24,207 - INFO - Epoch 70 | Train loss: 0.200647
2025-06-23 11:43:24,312 - INFO - Epoch 70 | Validation loss: 0.114459
2025-06-23 11:43:35,136 - INFO - Computing FID, KID, LPIPS, SSIM...
2025-06-23 11:43:37,774 - INFO - Epoch 70 Metrics | fid: 521.1050 | kid: 0.7706 | kid_std: 0.0146 | lpips: 0.7274 | ssim: 0.0137
2025-06-23 11:43:40,274 - INFO - Epoch 71 | Train loss: 0.198447
2025-06-23 11:43:40,383 - INFO - Epoch 71 | Validation loss: 0.117646
2025-06-23 11:43:42,954 - INFO - Epoch 72 | Train loss: 0.201623
2025-06-23 11:43:43,056 - INFO - Epoch 72 | Validation loss: 0.111135
2025-06-23 11:43:45,585 - INFO - Epoch 73 | Train loss: 0.201094
2025-06-23 11:43:45,692 - INFO - Epoch 73 | Validation loss: 0.117484
2025-06-23 11:43:48,228 - INFO - Epoch 74 | Train loss: 0.202639
2025-06-23 11:43:48,331 - INFO - Epoch 74 | Validation loss: 0.122979
2025-06-23 11:43:50,910 - INFO - Epoch 75 | Train loss: 0.199093
2025-06-23 11:43:51,017 - INFO - Epoch 75 | Validation loss: 0.123176
2025-06-23 11:43:51,053 - INFO - Generating debug samples...
2025-06-23 11:44:40,647 - INFO - Saved decoded debug samples for epoch 75.
2025-06-23 11:44:51,458 - INFO - Computing FID, KID, LPIPS, SSIM...
2025-06-23 11:44:54,188 - INFO - Epoch 75 Metrics | fid: 522.3757 | kid: 0.7770 | kid_std: 0.0148 | lpips: 0.7282 | ssim: 0.0137
2025-06-23 11:44:54,286 - INFO - Saved model checkpoint at ../model_runs/full_run_6/trained_models/model_epoch_0075.pth
2025-06-23 11:44:56,885 - INFO - Epoch 76 | Train loss: 0.199672
2025-06-23 11:44:56,992 - INFO - Epoch 76 | Validation loss: 0.120023
2025-06-23 11:44:59,553 - INFO - Epoch 77 | Train loss: 0.197917
2025-06-23 11:44:59,660 - INFO - Epoch 77 | Validation loss: 0.115371
2025-06-23 11:45:02,209 - INFO - Epoch 78 | Train loss: 0.198941
2025-06-23 11:45:02,312 - INFO - Epoch 78 | Validation loss: 0.117738
2025-06-23 11:45:04,881 - INFO - Epoch 79 | Train loss: 0.199176
2025-06-23 11:45:04,986 - INFO - Epoch 79 | Validation loss: 0.115428
2025-06-23 11:45:07,570 - INFO - Epoch 80 | Train loss: 0.197918
2025-06-23 11:45:07,675 - INFO - Epoch 80 | Validation loss: 0.115595
2025-06-23 11:45:18,532 - INFO - Computing FID, KID, LPIPS, SSIM...
2025-06-23 11:45:21,195 - INFO - Epoch 80 Metrics | fid: 513.4554 | kid: 0.7519 | kid_std: 0.0127 | lpips: 0.7228 | ssim: 0.0141
2025-06-23 11:45:23,817 - INFO - Epoch 81 | Train loss: 0.204613
2025-06-23 11:45:23,923 - INFO - Epoch 81 | Validation loss: 0.119549
2025-06-23 11:45:26,511 - INFO - Epoch 82 | Train loss: 0.196945
2025-06-23 11:45:26,620 - INFO - Epoch 82 | Validation loss: 0.106830
2025-06-23 11:45:29,166 - INFO - Epoch 83 | Train loss: 0.195872
2025-06-23 11:45:29,272 - INFO - Epoch 83 | Validation loss: 0.112583
2025-06-23 11:45:31,831 - INFO - Epoch 84 | Train loss: 0.198724
2025-06-23 11:45:31,937 - INFO - Epoch 84 | Validation loss: 0.114659
2025-06-23 11:45:34,461 - INFO - Epoch 85 | Train loss: 0.197179
2025-06-23 11:45:34,566 - INFO - Epoch 85 | Validation loss: 0.102536
2025-06-23 11:45:45,361 - INFO - Computing FID, KID, LPIPS, SSIM...
2025-06-23 11:45:47,943 - INFO - Epoch 85 Metrics | fid: 516.1050 | kid: 0.7586 | kid_std: 0.0154 | lpips: 0.7229 | ssim: 0.0145
2025-06-23 11:45:50,454 - INFO - Epoch 86 | Train loss: 0.197527
2025-06-23 11:45:50,563 - INFO - Epoch 86 | Validation loss: 0.119826
2025-06-23 11:45:53,118 - INFO - Epoch 87 | Train loss: 0.199616
2025-06-23 11:45:53,223 - INFO - Epoch 87 | Validation loss: 0.115397
2025-06-23 11:45:55,724 - INFO - Epoch 88 | Train loss: 0.195056
2025-06-23 11:45:55,833 - INFO - Epoch 88 | Validation loss: 0.118751
2025-06-23 11:45:58,342 - INFO - Epoch 89 | Train loss: 0.196142
2025-06-23 11:45:58,449 - INFO - Epoch 89 | Validation loss: 0.109016
2025-06-23 11:46:00,976 - INFO - Epoch 90 | Train loss: 0.194195
2025-06-23 11:46:01,080 - INFO - Epoch 90 | Validation loss: 0.115730
2025-06-23 11:46:11,880 - INFO - Computing FID, KID, LPIPS, SSIM...
2025-06-23 11:46:14,454 - INFO - Epoch 90 Metrics | fid: 509.1772 | kid: 0.7465 | kid_std: 0.0140 | lpips: 0.7198 | ssim: 0.0150
2025-06-23 11:46:16,973 - INFO - Epoch 91 | Train loss: 0.196636
2025-06-23 11:46:17,084 - INFO - Epoch 91 | Validation loss: 0.116500
2025-06-23 11:46:19,677 - INFO - Epoch 92 | Train loss: 0.195620
2025-06-23 11:46:19,781 - INFO - Epoch 92 | Validation loss: 0.119112
2025-06-23 11:46:22,279 - INFO - Epoch 93 | Train loss: 0.197642
2025-06-23 11:46:22,385 - INFO - Epoch 93 | Validation loss: 0.119133
2025-06-23 11:46:24,956 - INFO - Epoch 94 | Train loss: 0.193886
2025-06-23 11:46:25,064 - INFO - Epoch 94 | Validation loss: 0.121131
2025-06-23 11:46:27,588 - INFO - Epoch 95 | Train loss: 0.195730
2025-06-23 11:46:27,697 - INFO - Epoch 95 | Validation loss: 0.112076
2025-06-23 11:46:38,535 - INFO - Computing FID, KID, LPIPS, SSIM...
2025-06-23 11:46:41,195 - INFO - Epoch 95 Metrics | fid: 512.7668 | kid: 0.7522 | kid_std: 0.0145 | lpips: 0.7191 | ssim: 0.0149
2025-06-23 11:46:43,761 - INFO - Epoch 96 | Train loss: 0.199176
2025-06-23 11:46:43,870 - INFO - Epoch 96 | Validation loss: 0.119905
2025-06-23 11:46:46,462 - INFO - Epoch 97 | Train loss: 0.193814
2025-06-23 11:46:46,567 - INFO - Epoch 97 | Validation loss: 0.109294
2025-06-23 11:46:49,025 - INFO - Epoch 98 | Train loss: 0.193288
2025-06-23 11:46:49,134 - INFO - Epoch 98 | Validation loss: 0.103050
2025-06-23 11:46:51,694 - INFO - Epoch 99 | Train loss: 0.193437
2025-06-23 11:46:51,797 - INFO - Epoch 99 | Validation loss: 0.115480
2025-06-23 11:46:54,298 - INFO - Epoch 100 | Train loss: 0.195659
2025-06-23 11:46:54,403 - INFO - Epoch 100 | Validation loss: 0.116598
2025-06-23 11:46:54,440 - INFO - Generating debug samples...
2025-06-23 11:47:44,026 - INFO - Saved decoded debug samples for epoch 100.
2025-06-23 11:47:54,849 - INFO - Computing FID, KID, LPIPS, SSIM...
2025-06-23 11:47:57,457 - INFO - Epoch 100 Metrics | fid: 503.9442 | kid: 0.7398 | kid_std: 0.0156 | lpips: 0.7109 | ssim: 0.0160
2025-06-23 11:47:57,539 - INFO - Saved model checkpoint at ../model_runs/full_run_6/trained_models/model_epoch_0100.pth
2025-06-23 11:48:00,083 - INFO - Epoch 101 | Train loss: 0.196655
2025-06-23 11:48:00,185 - INFO - Epoch 101 | Validation loss: 0.110109
2025-06-23 11:48:02,804 - INFO - Epoch 102 | Train loss: 0.194467
2025-06-23 11:48:02,909 - INFO - Epoch 102 | Validation loss: 0.114244
2025-06-23 11:48:05,472 - INFO - Epoch 103 | Train loss: 0.193064
2025-06-23 11:48:05,577 - INFO - Epoch 103 | Validation loss: 0.116335
2025-06-23 11:48:08,140 - INFO - Epoch 104 | Train loss: 0.193978
2025-06-23 11:48:08,245 - INFO - Epoch 104 | Validation loss: 0.103146
2025-06-23 11:48:10,802 - INFO - Epoch 105 | Train loss: 0.192169
2025-06-23 11:48:10,905 - INFO - Epoch 105 | Validation loss: 0.107209
2025-06-23 11:48:10,906 - INFO - Early stopping triggered by validation loss.
2025-06-23 11:58:11,042 - WARNING - [Rank 0] Samples returned from ddpm_train are not a tensor or list of tensors. Skipping grid save.
