(contourdiff) dmic@Neptune:~/Fibrosis/Akul/FibLDM/scripts$ ./train_vae.sh
Using data directory: /hot/Yi-Kuan/Fibrosis
Training on 18343 samples, validating on 2039 samples.
Epoch 1/100 [TRAIN]: 100%|███████████████████████████████████████████████████████████| 574/574 [00:28<00:00, 20.48it/s, kld=31118.2090, loss=638.8666, recon=635.7548]
Epoch 1/100 [VAL]: 100%|███████████████████████████████████████████████████████████████████████████████| 64/64 [00:03<00:00, 19.74it/s, loss=556.1974, recon=553.0153]
Epoch 1 | Avg Train Loss: 2534.9851 | Avg Val Loss: 559.0596
New best validation loss: 559.0596. Saving model...
Epoch 2/100 [TRAIN]: 100%|███████████████████████████████████████████████████████████| 574/574 [00:28<00:00, 20.47it/s, kld=29505.6211, loss=442.1815, recon=439.2309]
Epoch 2/100 [VAL]: 100%|███████████████████████████████████████████████████████████████████████████████| 64/64 [00:03<00:00, 19.75it/s, loss=384.8596, recon=381.9312]
Epoch 2 | Avg Train Loss: 441.2828 | Avg Val Loss: 370.4465
New best validation loss: 370.4465. Saving model...
Epoch 3/100 [TRAIN]: 100%|███████████████████████████████████████████████████████████| 574/574 [00:28<00:00, 20.37it/s, kld=31373.0508, loss=290.6320, recon=287.4947]
Epoch 3/100 [VAL]: 100%|███████████████████████████████████████████████████████████████████████████████| 64/64 [00:03<00:00, 19.80it/s, loss=288.1959, recon=285.2029]
Epoch 3 | Avg Train Loss: 322.5068 | Avg Val Loss: 286.1673
New best validation loss: 286.1673. Saving model...
Epoch 4/100 [TRAIN]: 100%|███████████████████████████████████████████████████████████| 574/574 [00:28<00:00, 20.49it/s, kld=27656.1035, loss=297.9887, recon=295.2231]
Epoch 4/100 [VAL]: 100%|███████████████████████████████████████████████████████████████████████████████| 64/64 [00:03<00:00, 19.97it/s, loss=279.4424, recon=276.3727]
Epoch 4 | Avg Train Loss: 270.6418 | Avg Val Loss: 271.3534
New best validation loss: 271.3534. Saving model...
Epoch 5/100 [TRAIN]: 100%|███████████████████████████████████████████████████████████| 574/574 [00:28<00:00, 20.47it/s, kld=29430.2656, loss=260.5795, recon=257.6364]
Epoch 5/100 [VAL]: 100%|███████████████████████████████████████████████████████████████████████████████| 64/64 [00:03<00:00, 19.34it/s, loss=223.5812, recon=220.5449]
Epoch 5 | Avg Train Loss: 239.8768 | Avg Val Loss: 224.7792
New best validation loss: 224.7792. Saving model...
Saved reconstruction sample to vae_run_1/recon_5.png
Epoch 6/100 [TRAIN]: 100%|███████████████████████████████████████████████████████████| 574/574 [00:27<00:00, 20.74it/s, kld=28486.9746, loss=255.3357, recon=252.4870]
Epoch 6/100 [VAL]: 100%|███████████████████████████████████████████████████████████████████████████████| 64/64 [00:03<00:00, 20.07it/s, loss=216.6594, recon=213.7558]
Epoch 6 | Avg Train Loss: 221.6376 | Avg Val Loss: 209.7420
New best validation loss: 209.7420. Saving model...
Epoch 7/100 [TRAIN]: 100%|███████████████████████████████████████████████████████████| 574/574 [00:27<00:00, 20.82it/s, kld=27286.1230, loss=209.6684, recon=206.9397]
Epoch 7/100 [VAL]: 100%|███████████████████████████████████████████████████████████████████████████████| 64/64 [00:03<00:00, 19.83it/s, loss=211.6615, recon=208.8491]
Epoch 7 | Avg Train Loss: 209.2466 | Avg Val Loss: 203.4548
New best validation loss: 203.4548. Saving model...
Epoch 8/100 [TRAIN]: 100%|███████████████████████████████████████████████████████████| 574/574 [00:27<00:00, 20.81it/s, kld=24568.8633, loss=191.2287, recon=188.7718]
Epoch 8/100 [VAL]: 100%|███████████████████████████████████████████████████████████████████████████████| 64/64 [00:03<00:00, 19.39it/s, loss=209.3592, recon=206.6957]
Epoch 8 | Avg Train Loss: 200.2568 | Avg Val Loss: 198.5475
New best validation loss: 198.5475. Saving model...
Epoch 9/100 [TRAIN]: 100%|███████████████████████████████████████████████████████████| 574/574 [00:27<00:00, 20.74it/s, kld=25566.9609, loss=193.3110, recon=190.7543]
Epoch 9/100 [VAL]: 100%|███████████████████████████████████████████████████████████████████████████████| 64/64 [00:03<00:00, 20.34it/s, loss=195.9767, recon=193.4331]
Epoch 9 | Avg Train Loss: 194.2911 | Avg Val Loss: 186.9251
New best validation loss: 186.9251. Saving model...
Epoch 10/100 [TRAIN]: 100%|██████████████████████████████████████████████████████████| 574/574 [00:27<00:00, 20.76it/s, kld=24479.9453, loss=173.7833, recon=171.3353]
Epoch 10/100 [VAL]: 100%|██████████████████████████████████████████████████████████████████████████████| 64/64 [00:03<00:00, 19.82it/s, loss=186.6148, recon=184.1084]
Epoch 10 | Avg Train Loss: 188.4212 | Avg Val Loss: 183.7094
New best validation loss: 183.7094. Saving model...
Saved reconstruction sample to vae_run_1/recon_10.png
Epoch 11/100 [TRAIN]: 100%|██████████████████████████████████████████████████████████| 574/574 [00:27<00:00, 20.65it/s, kld=22487.0898, loss=241.6860, recon=239.4373]
Epoch 11/100 [VAL]: 100%|██████████████████████████████████████████████████████████████████████████████| 64/64 [00:03<00:00, 20.11it/s, loss=188.7707, recon=186.3935]
Epoch 11 | Avg Train Loss: 184.7393 | Avg Val Loss: 181.9151
New best validation loss: 181.9151. Saving model...
Epoch 12/100 [TRAIN]: 100%|██████████████████████████████████████████████████████████| 574/574 [00:27<00:00, 20.56it/s, kld=22726.7363, loss=159.9251, recon=157.6524]
Epoch 12/100 [VAL]: 100%|██████████████████████████████████████████████████████████████████████████████| 64/64 [00:03<00:00, 20.16it/s, loss=186.0610, recon=183.8045]
Epoch 12 | Avg Train Loss: 180.9512 | Avg Val Loss: 175.0625
New best validation loss: 175.0625. Saving model...
Epoch 13/100 [TRAIN]: 100%|██████████████████████████████████████████████████████████| 574/574 [00:27<00:00, 20.80it/s, kld=22270.1797, loss=177.3236, recon=175.0966]
Epoch 13/100 [VAL]: 100%|██████████████████████████████████████████████████████████████████████████████| 64/64 [00:03<00:00, 20.15it/s, loss=179.1506, recon=176.9274]
Epoch 13 | Avg Train Loss: 176.9907 | Avg Val Loss: 172.9004
New best validation loss: 172.9004. Saving model...
Epoch 14/100 [TRAIN]: 100%|██████████████████████████████████████████████████████████| 574/574 [00:27<00:00, 20.77it/s, kld=21429.9746, loss=140.9736, recon=138.8306]
Epoch 14/100 [VAL]: 100%|██████████████████████████████████████████████████████████████████████████████| 64/64 [00:03<00:00, 20.02it/s, loss=169.8786, recon=167.7436]
Epoch 14 | Avg Train Loss: 174.2007 | Avg Val Loss: 168.2997
New best validation loss: 168.2997. Saving model...
Epoch 15/100 [TRAIN]: 100%|██████████████████████████████████████████████████████████| 574/574 [00:27<00:00, 20.82it/s, kld=19773.1152, loss=159.9733, recon=157.9960]
Epoch 15/100 [VAL]: 100%|██████████████████████████████████████████████████████████████████████████████| 64/64 [00:03<00:00, 19.71it/s, loss=174.7535, recon=172.6969]
Epoch 15 | Avg Train Loss: 171.0497 | Avg Val Loss: 166.7949
New best validation loss: 166.7949. Saving model...
Saved reconstruction sample to vae_run_1/recon_15.png
Epoch 16/100 [TRAIN]: 100%|██████████████████████████████████████████████████████████| 574/574 [00:27<00:00, 20.65it/s, kld=19896.6758, loss=179.1921, recon=177.2024]
Epoch 16/100 [VAL]: 100%|██████████████████████████████████████████████████████████████████████████████| 64/64 [00:03<00:00, 19.87it/s, loss=170.0867, recon=168.0749]
Epoch 16 | Avg Train Loss: 169.0290 | Avg Val Loss: 163.3898
New best validation loss: 163.3898. Saving model...
Epoch 17/100 [TRAIN]: 100%|██████████████████████████████████████████████████████████| 574/574 [00:27<00:00, 20.71it/s, kld=18326.4688, loss=186.5745, recon=184.7419]
Epoch 17/100 [VAL]: 100%|██████████████████████████████████████████████████████████████████████████████| 64/64 [00:03<00:00, 19.77it/s, loss=166.0846, recon=164.1675]
Epoch 17 | Avg Train Loss: 166.3585 | Avg Val Loss: 162.3986
New best validation loss: 162.3986. Saving model...
Epoch 18/100 [TRAIN]: 100%|██████████████████████████████████████████████████████████| 574/574 [00:27<00:00, 20.66it/s, kld=18293.8906, loss=193.3850, recon=191.5556]
Epoch 18/100 [VAL]: 100%|██████████████████████████████████████████████████████████████████████████████| 64/64 [00:03<00:00, 19.83it/s, loss=177.4470, recon=175.6002]
Epoch 18 | Avg Train Loss: 164.5572 | Avg Val Loss: 170.5914
Epoch 19/100 [TRAIN]: 100%|██████████████████████████████████████████████████████████| 574/574 [00:27<00:00, 20.74it/s, kld=18666.1875, loss=173.4063, recon=171.5397]
Epoch 19/100 [VAL]: 100%|██████████████████████████████████████████████████████████████████████████████| 64/64 [00:03<00:00, 20.06it/s, loss=163.8640, recon=162.0149]
Epoch 19 | Avg Train Loss: 162.2188 | Avg Val Loss: 161.4498
New best validation loss: 161.4498. Saving model...
Epoch 20/100 [TRAIN]: 100%|██████████████████████████████████████████████████████████| 574/574 [00:27<00:00, 20.62it/s, kld=17956.6777, loss=142.9875, recon=141.1918]
Epoch 20/100 [VAL]: 100%|██████████████████████████████████████████████████████████████████████████████| 64/64 [00:03<00:00, 19.86it/s, loss=164.8209, recon=163.0234]
Epoch 20 | Avg Train Loss: 160.6448 | Avg Val Loss: 156.8550
New best validation loss: 156.8550. Saving model...
Saved reconstruction sample to vae_run_1/recon_20.png
Epoch 21/100 [TRAIN]: 100%|██████████████████████████████████████████████████████████| 574/574 [00:27<00:00, 20.66it/s, kld=17049.5996, loss=156.8505, recon=155.1456]
Epoch 21/100 [VAL]: 100%|██████████████████████████████████████████████████████████████████████████████| 64/64 [00:03<00:00, 19.78it/s, loss=160.1529, recon=158.3734]
Epoch 21 | Avg Train Loss: 159.2073 | Avg Val Loss: 154.7101
New best validation loss: 154.7101. Saving model...
Epoch 22/100 [TRAIN]: 100%|██████████████████████████████████████████████████████████| 574/574 [00:27<00:00, 20.68it/s, kld=16595.2734, loss=133.8928, recon=132.2333]
Epoch 22/100 [VAL]: 100%|██████████████████████████████████████████████████████████████████████████████| 64/64 [00:03<00:00, 19.73it/s, loss=156.0609, recon=154.3239]
Epoch 22 | Avg Train Loss: 157.7641 | Avg Val Loss: 152.5953
New best validation loss: 152.5953. Saving model...
Epoch 23/100 [TRAIN]: 100%|██████████████████████████████████████████████████████████| 574/574 [00:27<00:00, 20.67it/s, kld=16989.1680, loss=127.4776, recon=125.7786]
Epoch 23/100 [VAL]: 100%|██████████████████████████████████████████████████████████████████████████████| 64/64 [00:03<00:00, 19.98it/s, loss=158.5106, recon=156.7983]
Epoch 23 | Avg Train Loss: 156.0205 | Avg Val Loss: 152.5982
Epoch 24/100 [TRAIN]: 100%|██████████████████████████████████████████████████████████| 574/574 [00:27<00:00, 20.63it/s, kld=16890.0430, loss=137.6956, recon=136.0066]
Epoch 24/100 [VAL]: 100%|██████████████████████████████████████████████████████████████████████████████| 64/64 [00:03<00:00, 20.12it/s, loss=155.3497, recon=153.6780]
Epoch 24 | Avg Train Loss: 154.6483 | Avg Val Loss: 151.4039
New best validation loss: 151.4039. Saving model...
Epoch 25/100 [TRAIN]: 100%|██████████████████████████████████████████████████████████| 574/574 [00:27<00:00, 20.61it/s, kld=16303.4180, loss=158.8778, recon=157.2474]
Epoch 25/100 [VAL]: 100%|██████████████████████████████████████████████████████████████████████████████| 64/64 [00:03<00:00, 20.03it/s, loss=153.8865, recon=152.2366]
Epoch 25 | Avg Train Loss: 153.6519 | Avg Val Loss: 149.8856
New best validation loss: 149.8856. Saving model...
Saved reconstruction sample to vae_run_1/recon_25.png
Epoch 26/100 [TRAIN]: 100%|██████████████████████████████████████████████████████████| 574/574 [00:27<00:00, 20.56it/s, kld=15498.6416, loss=150.0130, recon=148.4632]
Epoch 26/100 [VAL]: 100%|██████████████████████████████████████████████████████████████████████████████| 64/64 [00:03<00:00, 20.06it/s, loss=156.6640, recon=155.0224]
Epoch 26 | Avg Train Loss: 152.5555 | Avg Val Loss: 148.5066
New best validation loss: 148.5066. Saving model...
Epoch 27/100 [TRAIN]: 100%|██████████████████████████████████████████████████████████| 574/574 [00:27<00:00, 20.71it/s, kld=16415.6934, loss=132.2226, recon=130.5811]
Epoch 27/100 [VAL]: 100%|██████████████████████████████████████████████████████████████████████████████| 64/64 [00:03<00:00, 20.36it/s, loss=155.9376, recon=154.3241]
Epoch 27 | Avg Train Loss: 151.5075 | Avg Val Loss: 147.5675
New best validation loss: 147.5675. Saving model...
Epoch 28/100 [TRAIN]: 100%|██████████████████████████████████████████████████████████| 574/574 [00:27<00:00, 20.70it/s, kld=16077.6260, loss=160.4594, recon=158.8517]
Epoch 28/100 [VAL]: 100%|██████████████████████████████████████████████████████████████████████████████| 64/64 [00:03<00:00, 19.94it/s, loss=150.5346, recon=148.9322]
Epoch 28 | Avg Train Loss: 150.4469 | Avg Val Loss: 147.8707
Epoch 29/100 [TRAIN]: 100%|██████████████████████████████████████████████████████████| 574/574 [00:27<00:00, 20.67it/s, kld=15964.5586, loss=145.4151, recon=143.8187]
Epoch 29/100 [VAL]: 100%|██████████████████████████████████████████████████████████████████████████████| 64/64 [00:03<00:00, 20.42it/s, loss=152.3639, recon=150.7755]
Epoch 29 | Avg Train Loss: 149.7340 | Avg Val Loss: 145.8614
New best validation loss: 145.8614. Saving model...
Epoch 30/100 [TRAIN]: 100%|██████████████████████████████████████████████████████████| 574/574 [00:27<00:00, 20.64it/s, kld=14820.3291, loss=157.9831, recon=156.5011]
Epoch 30/100 [VAL]: 100%|██████████████████████████████████████████████████████████████████████████████| 64/64 [00:03<00:00, 19.99it/s, loss=150.9367, recon=149.3882]
Epoch 30 | Avg Train Loss: 148.6310 | Avg Val Loss: 144.4034
New best validation loss: 144.4034. Saving model...
Saved reconstruction sample to vae_run_1/recon_30.png
Epoch 31/100 [TRAIN]: 100%|██████████████████████████████████████████████████████████| 574/574 [00:27<00:00, 20.74it/s, kld=14736.9092, loss=152.9854, recon=151.5118]
Epoch 31/100 [VAL]: 100%|██████████████████████████████████████████████████████████████████████████████| 64/64 [00:03<00:00, 20.33it/s, loss=150.2043, recon=148.6653]
Epoch 31 | Avg Train Loss: 147.6597 | Avg Val Loss: 143.6718
New best validation loss: 143.6718. Saving model...
Epoch 32/100 [TRAIN]: 100%|██████████████████████████████████████████████████████████| 574/574 [00:27<00:00, 20.79it/s, kld=15094.8779, loss=120.4192, recon=118.9097]
Epoch 32/100 [VAL]: 100%|██████████████████████████████████████████████████████████████████████████████| 64/64 [00:03<00:00, 19.98it/s, loss=149.2065, recon=147.6785]
Epoch 32 | Avg Train Loss: 146.6877 | Avg Val Loss: 142.6800
New best validation loss: 142.6800. Saving model...
Epoch 33/100 [TRAIN]: 100%|███████████████████████████████████████████████████████████| 574/574 [00:27<00:00, 20.79it/s, kld=14789.9258, loss=100.9025, recon=99.4235]
Epoch 33/100 [VAL]: 100%|██████████████████████████████████████████████████████████████████████████████| 64/64 [00:03<00:00, 19.77it/s, loss=151.9590, recon=150.4284]
Epoch 33 | Avg Train Loss: 145.9246 | Avg Val Loss: 142.9034
Epoch 34/100 [TRAIN]: 100%|██████████████████████████████████████████████████████████| 574/574 [00:27<00:00, 20.73it/s, kld=14135.4316, loss=142.8915, recon=141.4780]
Epoch 34/100 [VAL]: 100%|██████████████████████████████████████████████████████████████████████████████| 64/64 [00:03<00:00, 19.98it/s, loss=150.8498, recon=149.3424]
Epoch 34 | Avg Train Loss: 145.2161 | Avg Val Loss: 142.2655
New best validation loss: 142.2655. Saving model...
Epoch 35/100 [TRAIN]: 100%|██████████████████████████████████████████████████████████| 574/574 [00:27<00:00, 20.76it/s, kld=14513.4229, loss=106.1778, recon=104.7265]
Epoch 35/100 [VAL]: 100%|██████████████████████████████████████████████████████████████████████████████| 64/64 [00:03<00:00, 20.15it/s, loss=148.0062, recon=146.5288]
Epoch 35 | Avg Train Loss: 144.5532 | Avg Val Loss: 140.7804
New best validation loss: 140.7804. Saving model...
Saved reconstruction sample to vae_run_1/recon_35.png
Epoch 36/100 [TRAIN]: 100%|██████████████████████████████████████████████████████████| 574/574 [00:27<00:00, 20.55it/s, kld=14106.4551, loss=149.4457, recon=148.0350]
Epoch 36/100 [VAL]: 100%|██████████████████████████████████████████████████████████████████████████████| 64/64 [00:03<00:00, 20.17it/s, loss=150.8436, recon=149.3558]
Epoch 36 | Avg Train Loss: 143.8218 | Avg Val Loss: 140.5913
New best validation loss: 140.5913. Saving model...
Epoch 37/100 [TRAIN]: 100%|██████████████████████████████████████████████████████████| 574/574 [00:27<00:00, 20.74it/s, kld=14279.7109, loss=134.7759, recon=133.3479]
Epoch 37/100 [VAL]: 100%|██████████████████████████████████████████████████████████████████████████████| 64/64 [00:03<00:00, 20.39it/s, loss=145.0909, recon=143.6187]
Epoch 37 | Avg Train Loss: 143.0031 | Avg Val Loss: 139.7736
New best validation loss: 139.7736. Saving model...
Epoch 38/100 [TRAIN]: 100%|██████████████████████████████████████████████████████████| 574/574 [00:27<00:00, 20.78it/s, kld=14790.4795, loss=177.6616, recon=176.1826]
Epoch 38/100 [VAL]: 100%|██████████████████████████████████████████████████████████████████████████████| 64/64 [00:03<00:00, 20.12it/s, loss=147.8661, recon=146.4188]
Epoch 38 | Avg Train Loss: 142.3570 | Avg Val Loss: 139.2800
New best validation loss: 139.2800. Saving model...
Epoch 39/100 [TRAIN]: 100%|██████████████████████████████████████████████████████████| 574/574 [00:27<00:00, 20.89it/s, kld=14331.7109, loss=159.5774, recon=158.1443]
Epoch 39/100 [VAL]: 100%|██████████████████████████████████████████████████████████████████████████████| 64/64 [00:03<00:00, 20.15it/s, loss=143.4816, recon=142.0339]
Epoch 39 | Avg Train Loss: 141.8098 | Avg Val Loss: 137.8819
New best validation loss: 137.8819. Saving model...
Epoch 40/100 [TRAIN]: 100%|██████████████████████████████████████████████████████████| 574/574 [00:27<00:00, 20.74it/s, kld=14094.0908, loss=108.1439, recon=106.7345]
Epoch 40/100 [VAL]: 100%|██████████████████████████████████████████████████████████████████████████████| 64/64 [00:03<00:00, 19.93it/s, loss=138.3584, recon=136.9111]
Epoch 40 | Avg Train Loss: 141.0112 | Avg Val Loss: 137.7223
New best validation loss: 137.7223. Saving model...
Saved reconstruction sample to vae_run_1/recon_40.png
Epoch 41/100 [TRAIN]: 100%|██████████████████████████████████████████████████████████| 574/574 [00:27<00:00, 20.71it/s, kld=13657.2988, loss=114.3274, recon=112.9616]
Epoch 41/100 [VAL]: 100%|██████████████████████████████████████████████████████████████████████████████| 64/64 [00:03<00:00, 20.06it/s, loss=143.8158, recon=142.3838]
Epoch 41 | Avg Train Loss: 140.6423 | Avg Val Loss: 137.7598
Epoch 42/100 [TRAIN]: 100%|██████████████████████████████████████████████████████████| 574/574 [00:27<00:00, 20.75it/s, kld=13958.3408, loss=109.6739, recon=108.2781]
Epoch 42/100 [VAL]: 100%|██████████████████████████████████████████████████████████████████████████████| 64/64 [00:03<00:00, 20.18it/s, loss=143.0136, recon=141.6027]
Epoch 42 | Avg Train Loss: 139.8141 | Avg Val Loss: 136.5931
New best validation loss: 136.5931. Saving model...
Epoch 43/100 [TRAIN]: 100%|██████████████████████████████████████████████████████████| 574/574 [00:27<00:00, 20.72it/s, kld=14010.1943, loss=124.5173, recon=123.1162]
Epoch 43/100 [VAL]: 100%|██████████████████████████████████████████████████████████████████████████████| 64/64 [00:03<00:00, 20.26it/s, loss=138.2532, recon=136.8225]
Epoch 43 | Avg Train Loss: 139.4482 | Avg Val Loss: 136.6200
Epoch 44/100 [TRAIN]: 100%|██████████████████████████████████████████████████████████| 574/574 [00:27<00:00, 20.73it/s, kld=13788.6289, loss=152.6428, recon=151.2640]
Epoch 44/100 [VAL]: 100%|██████████████████████████████████████████████████████████████████████████████| 64/64 [00:03<00:00, 20.25it/s, loss=143.0058, recon=141.5887]
Epoch 44 | Avg Train Loss: 138.8295 | Avg Val Loss: 135.4633
New best validation loss: 135.4633. Saving model...
Epoch 45/100 [TRAIN]: 100%|██████████████████████████████████████████████████████████| 574/574 [00:27<00:00, 20.79it/s, kld=13810.7480, loss=133.2572, recon=131.8761]
Epoch 45/100 [VAL]: 100%|██████████████████████████████████████████████████████████████████████████████| 64/64 [00:03<00:00, 20.28it/s, loss=145.4420, recon=144.0432]
Epoch 45 | Avg Train Loss: 138.1313 | Avg Val Loss: 136.8466
Saved reconstruction sample to vae_run_1/recon_45.png
Epoch 46/100 [TRAIN]: 100%|██████████████████████████████████████████████████████████| 574/574 [00:27<00:00, 20.88it/s, kld=13594.8105, loss=141.8159, recon=140.4564]
Epoch 46/100 [VAL]: 100%|██████████████████████████████████████████████████████████████████████████████| 64/64 [00:03<00:00, 20.05it/s, loss=143.1428, recon=141.7511]
Epoch 46 | Avg Train Loss: 137.7793 | Avg Val Loss: 134.4403
New best validation loss: 134.4403. Saving model...
Epoch 47/100 [TRAIN]: 100%|████████████████████████████████████████████████████████████| 574/574 [00:27<00:00, 20.85it/s, kld=13056.4961, loss=99.3311, recon=98.0254]
Epoch 47/100 [VAL]: 100%|██████████████████████████████████████████████████████████████████████████████| 64/64 [00:03<00:00, 20.26it/s, loss=142.4972, recon=141.1024]
Epoch 47 | Avg Train Loss: 137.2508 | Avg Val Loss: 136.8406
Epoch 48/100 [TRAIN]: 100%|██████████████████████████████████████████████████████████| 574/574 [00:27<00:00, 20.80it/s, kld=13816.7773, loss=113.5568, recon=112.1752]
Epoch 48/100 [VAL]: 100%|██████████████████████████████████████████████████████████████████████████████| 64/64 [00:03<00:00, 20.07it/s, loss=138.4823, recon=137.0954]
Epoch 48 | Avg Train Loss: 136.6675 | Avg Val Loss: 133.6746
New best validation loss: 133.6746. Saving model...
Epoch 49/100 [TRAIN]: 100%|██████████████████████████████████████████████████████████| 574/574 [00:27<00:00, 20.88it/s, kld=13613.8184, loss=169.5723, recon=168.2109]
Epoch 49/100 [VAL]: 100%|██████████████████████████████████████████████████████████████████████████████| 64/64 [00:03<00:00, 20.31it/s, loss=142.5771, recon=141.2038]
Epoch 49 | Avg Train Loss: 136.6427 | Avg Val Loss: 135.3553
Epoch 50/100 [TRAIN]: 100%|██████████████████████████████████████████████████████████| 574/574 [00:27<00:00, 20.95it/s, kld=13337.2686, loss=154.4422, recon=153.1085]
Epoch 50/100 [VAL]: 100%|██████████████████████████████████████████████████████████████████████████████| 64/64 [00:03<00:00, 19.96it/s, loss=136.1263, recon=134.7478]
Epoch 50 | Avg Train Loss: 136.0945 | Avg Val Loss: 133.2053
New best validation loss: 133.2053. Saving model...
Saved reconstruction sample to vae_run_1/recon_50.png
Epoch 51/100 [TRAIN]: 100%|██████████████████████████████████████████████████████████| 574/574 [00:27<00:00, 20.73it/s, kld=13792.8086, loss=123.9974, recon=122.6181]
Epoch 51/100 [VAL]: 100%|██████████████████████████████████████████████████████████████████████████████| 64/64 [00:03<00:00, 20.52it/s, loss=137.0014, recon=135.6358]
Epoch 51 | Avg Train Loss: 135.0401 | Avg Val Loss: 131.9670
New best validation loss: 131.9670. Saving model...
Epoch 52/100 [TRAIN]: 100%|██████████████████████████████████████████████████████████| 574/574 [00:27<00:00, 20.80it/s, kld=13611.5664, loss=151.0108, recon=149.6496]
Epoch 52/100 [VAL]: 100%|██████████████████████████████████████████████████████████████████████████████| 64/64 [00:03<00:00, 20.29it/s, loss=134.3138, recon=132.9638]
Epoch 52 | Avg Train Loss: 135.1023 | Avg Val Loss: 133.2783
Epoch 53/100 [TRAIN]: 100%|██████████████████████████████████████████████████████████| 574/574 [00:27<00:00, 20.63it/s, kld=13091.8975, loss=146.9274, recon=145.6182]
Epoch 53/100 [VAL]: 100%|██████████████████████████████████████████████████████████████████████████████| 64/64 [00:03<00:00, 19.91it/s, loss=138.2916, recon=136.9300]
Epoch 53 | Avg Train Loss: 134.6207 | Avg Val Loss: 132.0430
Epoch 54/100 [TRAIN]: 100%|██████████████████████████████████████████████████████████| 574/574 [00:27<00:00, 20.65it/s, kld=13196.4258, loss=154.9418, recon=153.6221]
Epoch 54/100 [VAL]: 100%|██████████████████████████████████████████████████████████████████████████████| 64/64 [00:03<00:00, 20.20it/s, loss=134.2252, recon=132.8725]
Epoch 54 | Avg Train Loss: 134.2249 | Avg Val Loss: 131.9344
New best validation loss: 131.9344. Saving model...
Epoch 55/100 [TRAIN]: 100%|██████████████████████████████████████████████████████████| 574/574 [00:27<00:00, 20.82it/s, kld=13844.9990, loss=136.5204, recon=135.1359]
Epoch 55/100 [VAL]: 100%|██████████████████████████████████████████████████████████████████████████████| 64/64 [00:03<00:00, 20.20it/s, loss=134.6577, recon=133.3083]
Epoch 55 | Avg Train Loss: 133.8449 | Avg Val Loss: 130.8797
New best validation loss: 130.8797. Saving model...
Saved reconstruction sample to vae_run_1/recon_55.png
Epoch 56/100 [TRAIN]: 100%|██████████████████████████████████████████████████████████| 574/574 [00:27<00:00, 20.81it/s, kld=13367.0107, loss=147.6098, recon=146.2731]
Epoch 56/100 [VAL]: 100%|██████████████████████████████████████████████████████████████████████████████| 64/64 [00:03<00:00, 20.03it/s, loss=133.8572, recon=132.5121]
Epoch 56 | Avg Train Loss: 133.6033 | Avg Val Loss: 129.8883
New best validation loss: 129.8883. Saving model...
Epoch 57/100 [TRAIN]: 100%|██████████████████████████████████████████████████████████| 574/574 [00:27<00:00, 20.64it/s, kld=13258.6699, loss=142.6536, recon=141.3277]
Epoch 57/100 [VAL]: 100%|██████████████████████████████████████████████████████████████████████████████| 64/64 [00:03<00:00, 20.14it/s, loss=136.4423, recon=135.1172]
Epoch 57 | Avg Train Loss: 132.9409 | Avg Val Loss: 130.3123
Epoch 58/100 [TRAIN]: 100%|██████████████████████████████████████████████████████████| 574/574 [00:27<00:00, 20.82it/s, kld=12601.1387, loss=103.9337, recon=102.6736]
Epoch 58/100 [VAL]: 100%|██████████████████████████████████████████████████████████████████████████████| 64/64 [00:03<00:00, 19.82it/s, loss=133.0531, recon=131.7241]
Epoch 58 | Avg Train Loss: 132.6503 | Avg Val Loss: 129.4980
New best validation loss: 129.4980. Saving model...
Epoch 59/100 [TRAIN]: 100%|██████████████████████████████████████████████████████████| 574/574 [00:27<00:00, 20.72it/s, kld=12982.7002, loss=135.6048, recon=134.3065]
Epoch 59/100 [VAL]: 100%|██████████████████████████████████████████████████████████████████████████████| 64/64 [00:03<00:00, 20.37it/s, loss=136.1394, recon=134.8064]
Epoch 59 | Avg Train Loss: 132.2324 | Avg Val Loss: 129.6862
Epoch 60/100 [TRAIN]: 100%|██████████████████████████████████████████████████████████| 574/574 [00:27<00:00, 20.92it/s, kld=13508.1904, loss=139.2049, recon=137.8541]
Epoch 60/100 [VAL]: 100%|██████████████████████████████████████████████████████████████████████████████| 64/64 [00:03<00:00, 20.11it/s, loss=137.7192, recon=136.4144]
Epoch 60 | Avg Train Loss: 131.9964 | Avg Val Loss: 129.5242
Saved reconstruction sample to vae_run_1/recon_60.png
Epoch 61/100 [TRAIN]: 100%|██████████████████████████████████████████████████████████| 574/574 [00:27<00:00, 20.79it/s, kld=12959.0459, loss=143.1998, recon=141.9039]
Epoch 61/100 [VAL]: 100%|██████████████████████████████████████████████████████████████████████████████| 64/64 [00:03<00:00, 20.04it/s, loss=132.3240, recon=130.9991]
Epoch 61 | Avg Train Loss: 131.6459 | Avg Val Loss: 128.7475
New best validation loss: 128.7475. Saving model...
Epoch 62/100 [TRAIN]: 100%|██████████████████████████████████████████████████████████| 574/574 [00:27<00:00, 20.90it/s, kld=13427.6377, loss=146.1562, recon=144.8135]
Epoch 62/100 [VAL]: 100%|██████████████████████████████████████████████████████████████████████████████| 64/64 [00:03<00:00, 20.37it/s, loss=131.0509, recon=129.7381]
Epoch 62 | Avg Train Loss: 131.2057 | Avg Val Loss: 128.8480
Epoch 63/100 [TRAIN]: 100%|██████████████████████████████████████████████████████████| 574/574 [00:27<00:00, 20.63it/s, kld=13164.2666, loss=140.1897, recon=138.8733]
Epoch 63/100 [VAL]: 100%|██████████████████████████████████████████████████████████████████████████████| 64/64 [00:03<00:00, 19.98it/s, loss=132.3499, recon=131.0457]
Epoch 63 | Avg Train Loss: 131.0719 | Avg Val Loss: 127.3654
New best validation loss: 127.3654. Saving model...
Epoch 64/100 [TRAIN]: 100%|██████████████████████████████████████████████████████████| 574/574 [00:27<00:00, 20.63it/s, kld=13084.9160, loss=127.1737, recon=125.8652]
Epoch 64/100 [VAL]: 100%|██████████████████████████████████████████████████████████████████████████████| 64/64 [00:03<00:00, 20.30it/s, loss=135.9963, recon=134.6870]
Epoch 64 | Avg Train Loss: 130.8755 | Avg Val Loss: 127.8280
Epoch 65/100 [TRAIN]: 100%|██████████████████████████████████████████████████████████| 574/574 [00:27<00:00, 20.97it/s, kld=12334.2168, loss=135.8019, recon=134.5685]
Epoch 65/100 [VAL]: 100%|██████████████████████████████████████████████████████████████████████████████| 64/64 [00:03<00:00, 19.75it/s, loss=134.7110, recon=133.4086]
Epoch 65 | Avg Train Loss: 130.3715 | Avg Val Loss: 129.1087
Saved reconstruction sample to vae_run_1/recon_65.png
Epoch 66/100 [TRAIN]: 100%|██████████████████████████████████████████████████████████| 574/574 [00:27<00:00, 20.79it/s, kld=12598.7129, loss=107.0832, recon=105.8233]
Epoch 66/100 [VAL]: 100%|██████████████████████████████████████████████████████████████████████████████| 64/64 [00:03<00:00, 20.18it/s, loss=134.2319, recon=132.9265]
Epoch 66 | Avg Train Loss: 130.1597 | Avg Val Loss: 127.3137
New best validation loss: 127.3137. Saving model...
Epoch 67/100 [TRAIN]: 100%|██████████████████████████████████████████████████████████| 574/574 [00:27<00:00, 20.67it/s, kld=12579.7715, loss=118.8281, recon=117.5701]
Epoch 67/100 [VAL]: 100%|██████████████████████████████████████████████████████████████████████████████| 64/64 [00:03<00:00, 20.19it/s, loss=132.7850, recon=131.4904]
Epoch 67 | Avg Train Loss: 129.8801 | Avg Val Loss: 128.0294
Epoch 68/100 [TRAIN]: 100%|██████████████████████████████████████████████████████████| 574/574 [00:27<00:00, 20.70it/s, kld=12825.2529, loss=148.4019, recon=147.1194]
Epoch 68/100 [VAL]: 100%|██████████████████████████████████████████████████████████████████████████████| 64/64 [00:03<00:00, 20.23it/s, loss=132.6482, recon=131.3447]
Epoch 68 | Avg Train Loss: 129.5543 | Avg Val Loss: 127.6287
Epoch 69/100 [TRAIN]: 100%|██████████████████████████████████████████████████████████| 574/574 [00:27<00:00, 20.80it/s, kld=12745.9961, loss=107.1572, recon=105.8826]
Epoch 69/100 [VAL]: 100%|██████████████████████████████████████████████████████████████████████████████| 64/64 [00:03<00:00, 19.99it/s, loss=131.2465, recon=129.9550]
Epoch 69 | Avg Train Loss: 129.2798 | Avg Val Loss: 126.4301
New best validation loss: 126.4301. Saving model...
Epoch 70/100 [TRAIN]: 100%|██████████████████████████████████████████████████████████| 574/574 [00:27<00:00, 20.76it/s, kld=12591.2402, loss=111.8415, recon=110.5823]
Epoch 70/100 [VAL]: 100%|██████████████████████████████████████████████████████████████████████████████| 64/64 [00:03<00:00, 19.99it/s, loss=132.9314, recon=131.6358]
Epoch 70 | Avg Train Loss: 129.0745 | Avg Val Loss: 129.2442
Saved reconstruction sample to vae_run_1/recon_70.png
Epoch 71/100 [TRAIN]: 100%|██████████████████████████████████████████████████████████| 574/574 [00:27<00:00, 20.70it/s, kld=12600.8760, loss=170.0956, recon=168.8355]
Epoch 71/100 [VAL]: 100%|██████████████████████████████████████████████████████████████████████████████| 64/64 [00:03<00:00, 20.39it/s, loss=130.8366, recon=129.5381]
Epoch 71 | Avg Train Loss: 128.9255 | Avg Val Loss: 125.8507
New best validation loss: 125.8507. Saving model...
Epoch 72/100 [TRAIN]: 100%|██████████████████████████████████████████████████████████| 574/574 [00:27<00:00, 20.75it/s, kld=12271.1113, loss=128.7537, recon=127.5266]
Epoch 72/100 [VAL]: 100%|██████████████████████████████████████████████████████████████████████████████| 64/64 [00:03<00:00, 20.19it/s, loss=133.6477, recon=132.3636]
Epoch 72 | Avg Train Loss: 128.4173 | Avg Val Loss: 125.4390
New best validation loss: 125.4390. Saving model...
Epoch 73/100 [TRAIN]: 100%|██████████████████████████████████████████████████████████| 574/574 [00:27<00:00, 20.65it/s, kld=13063.3975, loss=117.8719, recon=116.5656]
Epoch 73/100 [VAL]: 100%|██████████████████████████████████████████████████████████████████████████████| 64/64 [00:03<00:00, 20.35it/s, loss=135.5849, recon=134.3123]
Epoch 73 | Avg Train Loss: 128.4369 | Avg Val Loss: 130.8367
Epoch 74/100 [TRAIN]: 100%|██████████████████████████████████████████████████████████| 574/574 [00:27<00:00, 20.81it/s, kld=12849.8447, loss=118.3385, recon=117.0535]
Epoch 74/100 [VAL]: 100%|██████████████████████████████████████████████████████████████████████████████| 64/64 [00:03<00:00, 20.40it/s, loss=128.2520, recon=126.9708]
Epoch 74 | Avg Train Loss: 127.8649 | Avg Val Loss: 125.1797
New best validation loss: 125.1797. Saving model...
Epoch 75/100 [TRAIN]: 100%|██████████████████████████████████████████████████████████| 574/574 [00:27<00:00, 20.68it/s, kld=13331.8242, loss=189.1489, recon=187.8157]
Epoch 75/100 [VAL]: 100%|██████████████████████████████████████████████████████████████████████████████| 64/64 [00:03<00:00, 20.30it/s, loss=133.1227, recon=131.8417]
Epoch 75 | Avg Train Loss: 127.8435 | Avg Val Loss: 125.3413
Saved reconstruction sample to vae_run_1/recon_75.png
Epoch 76/100 [TRAIN]: 100%|██████████████████████████████████████████████████████████| 574/574 [00:27<00:00, 20.58it/s, kld=13067.5518, loss=109.3236, recon=108.0169]
Epoch 76/100 [VAL]: 100%|██████████████████████████████████████████████████████████████████████████████| 64/64 [00:03<00:00, 20.25it/s, loss=133.1081, recon=131.8337]
Epoch 76 | Avg Train Loss: 127.4135 | Avg Val Loss: 124.8173
New best validation loss: 124.8173. Saving model...
Epoch 77/100 [TRAIN]: 100%|██████████████████████████████████████████████████████████| 574/574 [00:27<00:00, 20.74it/s, kld=12474.1738, loss=128.9941, recon=127.7467]
Epoch 77/100 [VAL]: 100%|██████████████████████████████████████████████████████████████████████████████| 64/64 [00:03<00:00, 20.19it/s, loss=126.5084, recon=125.2371]
Epoch 77 | Avg Train Loss: 127.3205 | Avg Val Loss: 124.2908
New best validation loss: 124.2908. Saving model...
Epoch 78/100 [TRAIN]: 100%|██████████████████████████████████████████████████████████| 574/574 [00:27<00:00, 20.87it/s, kld=11969.8340, loss=102.0755, recon=100.8785]
Epoch 78/100 [VAL]: 100%|██████████████████████████████████████████████████████████████████████████████| 64/64 [00:03<00:00, 19.97it/s, loss=129.2568, recon=127.9955]
Epoch 78 | Avg Train Loss: 126.9404 | Avg Val Loss: 124.0085
New best validation loss: 124.0085. Saving model...
Epoch 79/100 [TRAIN]: 100%|██████████████████████████████████████████████████████████| 574/574 [00:27<00:00, 20.63it/s, kld=12728.5840, loss=128.0570, recon=126.7841]
Epoch 79/100 [VAL]: 100%|██████████████████████████████████████████████████████████████████████████████| 64/64 [00:03<00:00, 20.29it/s, loss=124.3013, recon=123.0390]
Epoch 79 | Avg Train Loss: 126.7704 | Avg Val Loss: 124.0792
Epoch 80/100 [TRAIN]: 100%|████████████████████████████████████████████████████████████| 574/574 [00:27<00:00, 20.75it/s, kld=12185.1348, loss=90.6808, recon=89.4622]
Epoch 80/100 [VAL]: 100%|██████████████████████████████████████████████████████████████████████████████| 64/64 [00:03<00:00, 19.78it/s, loss=127.2260, recon=125.9580]
Epoch 80 | Avg Train Loss: 126.8008 | Avg Val Loss: 124.0608
Saved reconstruction sample to vae_run_1/recon_80.png
Epoch 81/100 [TRAIN]: 100%|██████████████████████████████████████████████████████████| 574/574 [00:27<00:00, 20.62it/s, kld=12317.0098, loss=112.2212, recon=110.9895]
Epoch 81/100 [VAL]: 100%|██████████████████████████████████████████████████████████████████████████████| 64/64 [00:03<00:00, 20.60it/s, loss=137.2399, recon=135.9758]
Epoch 81 | Avg Train Loss: 126.3981 | Avg Val Loss: 127.4779
Epoch 82/100 [TRAIN]: 100%|██████████████████████████████████████████████████████████| 574/574 [00:27<00:00, 20.72it/s, kld=12282.7285, loss=103.9799, recon=102.7516]
Epoch 82/100 [VAL]: 100%|██████████████████████████████████████████████████████████████████████████████| 64/64 [00:03<00:00, 19.88it/s, loss=128.3550, recon=127.0951]
Epoch 82 | Avg Train Loss: 126.0320 | Avg Val Loss: 123.9876
New best validation loss: 123.9876. Saving model...
Epoch 83/100 [TRAIN]: 100%|██████████████████████████████████████████████████████████| 574/574 [00:27<00:00, 20.81it/s, kld=12372.9268, loss=106.2669, recon=105.0296]
Epoch 83/100 [VAL]: 100%|██████████████████████████████████████████████████████████████████████████████| 64/64 [00:03<00:00, 20.13it/s, loss=129.5448, recon=128.2844]
Epoch 83 | Avg Train Loss: 125.8281 | Avg Val Loss: 123.2716
New best validation loss: 123.2716. Saving model...
Epoch 84/100 [TRAIN]: 100%|██████████████████████████████████████████████████████████| 574/574 [00:27<00:00, 20.85it/s, kld=12197.4512, loss=133.3236, recon=132.1039]
Epoch 84/100 [VAL]: 100%|██████████████████████████████████████████████████████████████████████████████| 64/64 [00:03<00:00, 20.05it/s, loss=130.4357, recon=129.1891]
Epoch 84 | Avg Train Loss: 125.6556 | Avg Val Loss: 126.7307
Epoch 85/100 [TRAIN]: 100%|██████████████████████████████████████████████████████████| 574/574 [00:27<00:00, 20.62it/s, kld=12116.9727, loss=119.5856, recon=118.3739]
Epoch 85/100 [VAL]: 100%|██████████████████████████████████████████████████████████████████████████████| 64/64 [00:03<00:00, 20.08it/s, loss=128.3183, recon=127.0710]
Epoch 85 | Avg Train Loss: 125.6088 | Avg Val Loss: 123.3377
Saved reconstruction sample to vae_run_1/recon_85.png
Epoch 86/100 [TRAIN]: 100%|██████████████████████████████████████████████████████████| 574/574 [00:27<00:00, 20.59it/s, kld=12522.2051, loss=115.0550, recon=113.8027]
Epoch 86/100 [VAL]: 100%|██████████████████████████████████████████████████████████████████████████████| 64/64 [00:03<00:00, 20.23it/s, loss=129.7386, recon=128.5093]
Epoch 86 | Avg Train Loss: 125.5623 | Avg Val Loss: 124.5605
Epoch 87/100 [TRAIN]: 100%|██████████████████████████████████████████████████████████| 574/574 [00:27<00:00, 20.88it/s, kld=12616.2236, loss=148.9312, recon=147.6695]
Epoch 87/100 [VAL]: 100%|██████████████████████████████████████████████████████████████████████████████| 64/64 [00:03<00:00, 20.14it/s, loss=123.6128, recon=122.3634]
Epoch 87 | Avg Train Loss: 125.3982 | Avg Val Loss: 122.6323
New best validation loss: 122.6323. Saving model...
Epoch 88/100 [TRAIN]: 100%|███████████████████████████████████████████████████████████| 574/574 [00:27<00:00, 20.62it/s, kld=12254.7324, loss=100.9313, recon=99.7058]
Epoch 88/100 [VAL]: 100%|██████████████████████████████████████████████████████████████████████████████| 64/64 [00:03<00:00, 19.98it/s, loss=126.2655, recon=125.0214]
Epoch 88 | Avg Train Loss: 125.1357 | Avg Val Loss: 122.2581
New best validation loss: 122.2581. Saving model...
Epoch 89/100 [TRAIN]: 100%|████████████████████████████████████████████████████████████| 574/574 [00:27<00:00, 20.60it/s, kld=12128.4697, loss=97.7010, recon=96.4881]
Epoch 89/100 [VAL]: 100%|██████████████████████████████████████████████████████████████████████████████| 64/64 [00:03<00:00, 20.11it/s, loss=130.5459, recon=129.3061]
Epoch 89 | Avg Train Loss: 124.9337 | Avg Val Loss: 122.7026
Epoch 90/100 [TRAIN]: 100%|██████████████████████████████████████████████████████████| 574/574 [00:27<00:00, 20.72it/s, kld=12244.7480, loss=126.8578, recon=125.6334]
Epoch 90/100 [VAL]: 100%|██████████████████████████████████████████████████████████████████████████████| 64/64 [00:03<00:00, 20.11it/s, loss=125.8428, recon=124.6058]
Epoch 90 | Avg Train Loss: 124.9537 | Avg Val Loss: 121.8737
New best validation loss: 121.8737. Saving model...
Saved reconstruction sample to vae_run_1/recon_90.png
Epoch 91/100 [TRAIN]: 100%|██████████████████████████████████████████████████████████| 574/574 [00:27<00:00, 20.81it/s, kld=12158.7705, loss=122.2601, recon=121.0442]
Epoch 91/100 [VAL]: 100%|██████████████████████████████████████████████████████████████████████████████| 64/64 [00:03<00:00, 20.58it/s, loss=124.8544, recon=123.6050]
Epoch 91 | Avg Train Loss: 124.5550 | Avg Val Loss: 121.7543
New best validation loss: 121.7543. Saving model...
Epoch 92/100 [TRAIN]: 100%|██████████████████████████████████████████████████████████| 574/574 [00:27<00:00, 20.53it/s, kld=12252.8936, loss=134.8578, recon=133.6325]
Epoch 92/100 [VAL]: 100%|██████████████████████████████████████████████████████████████████████████████| 64/64 [00:03<00:00, 19.85it/s, loss=129.9206, recon=128.6772]
Epoch 92 | Avg Train Loss: 124.4427 | Avg Val Loss: 121.3581
New best validation loss: 121.3581. Saving model...
Epoch 93/100 [TRAIN]: 100%|██████████████████████████████████████████████████████████| 574/574 [00:27<00:00, 20.77it/s, kld=11960.0225, loss=103.6635, recon=102.4675]
Epoch 93/100 [VAL]: 100%|██████████████████████████████████████████████████████████████████████████████| 64/64 [00:03<00:00, 20.30it/s, loss=130.9051, recon=129.6788]
Epoch 93 | Avg Train Loss: 124.3885 | Avg Val Loss: 122.3574
Epoch 94/100 [TRAIN]: 100%|██████████████████████████████████████████████████████████| 574/574 [00:27<00:00, 20.93it/s, kld=12546.5527, loss=107.6933, recon=106.4387]
Epoch 94/100 [VAL]: 100%|██████████████████████████████████████████████████████████████████████████████| 64/64 [00:03<00:00, 19.48it/s, loss=126.8551, recon=125.6156]
Epoch 94 | Avg Train Loss: 123.7287 | Avg Val Loss: 121.2209
New best validation loss: 121.2209. Saving model...
Epoch 95/100 [TRAIN]: 100%|██████████████████████████████████████████████████████████| 574/574 [00:27<00:00, 20.94it/s, kld=13151.6318, loss=125.8563, recon=124.5412]
Epoch 95/100 [VAL]: 100%|██████████████████████████████████████████████████████████████████████████████| 64/64 [00:03<00:00, 20.15it/s, loss=125.6633, recon=124.4250]
Epoch 95 | Avg Train Loss: 123.8778 | Avg Val Loss: 122.0699
Saved reconstruction sample to vae_run_1/recon_95.png
Epoch 96/100 [TRAIN]: 100%|██████████████████████████████████████████████████████████| 574/574 [00:27<00:00, 20.69it/s, kld=11921.7861, loss=136.1659, recon=134.9737]
Epoch 96/100 [VAL]: 100%|██████████████████████████████████████████████████████████████████████████████| 64/64 [00:03<00:00, 19.91it/s, loss=128.6110, recon=127.3823]
Epoch 96 | Avg Train Loss: 123.7181 | Avg Val Loss: 121.0971
New best validation loss: 121.0971. Saving model...
Epoch 97/100 [TRAIN]: 100%|██████████████████████████████████████████████████████████| 574/574 [00:27<00:00, 20.71it/s, kld=12810.1992, loss=131.2053, recon=129.9242]
Epoch 97/100 [VAL]: 100%|██████████████████████████████████████████████████████████████████████████████| 64/64 [00:03<00:00, 19.84it/s, loss=128.2837, recon=127.0625]
Epoch 97 | Avg Train Loss: 123.5138 | Avg Val Loss: 120.7929
New best validation loss: 120.7929. Saving model...
Epoch 98/100 [TRAIN]: 100%|██████████████████████████████████████████████████████████| 574/574 [00:27<00:00, 20.77it/s, kld=12319.3711, loss=121.8368, recon=120.6049]
Epoch 98/100 [VAL]: 100%|██████████████████████████████████████████████████████████████████████████████| 64/64 [00:03<00:00, 19.84it/s, loss=122.8451, recon=121.6096]
Epoch 98 | Avg Train Loss: 123.4760 | Avg Val Loss: 121.0966
Epoch 99/100 [TRAIN]: 100%|██████████████████████████████████████████████████████████| 574/574 [00:27<00:00, 20.69it/s, kld=11915.7139, loss=111.9425, recon=110.7509]
Epoch 99/100 [VAL]: 100%|██████████████████████████████████████████████████████████████████████████████| 64/64 [00:03<00:00, 20.16it/s, loss=128.8503, recon=127.6219]
Epoch 99 | Avg Train Loss: 123.1321 | Avg Val Loss: 122.4606
Epoch 100/100 [TRAIN]: 100%|█████████████████████████████████████████████████████████| 574/574 [00:27<00:00, 20.83it/s, kld=12395.2236, loss=126.3651, recon=125.1256]
Epoch 100/100 [VAL]: 100%|█████████████████████████████████████████████████████████████████████████████| 64/64 [00:03<00:00, 20.18it/s, loss=128.1572, recon=126.9439]
Epoch 100 | Avg Train Loss: 123.0788 | Avg Val Loss: 122.1315
Saved reconstruction sample to vae_run_1/recon_100.png