2025-06-24 09:30:06,117 - INFO - [Rank 0] Starting distributed training with 2 GPUs
2025-06-24 09:30:06,118 - INFO - [Rank 0] Loading dataset...
2025-06-24 09:30:06,129 - INFO - [Rank 0] Creating model...
2025-06-24 09:30:06,560 - INFO - [Rank 0] Setting up diffusion...
2025-06-24 09:30:06,574 - INFO - [Rank 0] Starting training...
2025-06-24 09:30:49,603 - INFO - Epoch 0 | Train loss: 0.984055
2025-06-24 09:31:01,562 - INFO - Epoch 0 | Validation loss: 0.796724
2025-06-24 09:31:01,599 - INFO - Generating debug samples...
2025-06-24 09:31:51,365 - INFO - Saved decoded debug samples for epoch 0.
2025-06-24 09:32:02,295 - INFO - Computing FID, KID, LPIPS, SSIM...
2025-06-24 09:32:06,550 - INFO - Epoch 0 Metrics | fid: 543.3634 | kid: 0.8348 | kid_std: 0.0145 | lpips: 0.7365 | ssim: 0.0113
2025-06-24 09:32:06,657 - INFO - Saved model checkpoint at ../model_runs/full_run_8/trained_models/model_epoch_0000.pth
2025-06-24 09:32:09,171 - INFO - Epoch 1 | Train loss: 0.745754
2025-06-24 09:32:09,285 - INFO - Epoch 1 | Validation loss: 0.583631
2025-06-24 09:32:11,761 - INFO - Epoch 2 | Train loss: 0.601666
2025-06-24 09:32:11,870 - INFO - Epoch 2 | Validation loss: 0.458203
2025-06-24 09:32:14,392 - INFO - Epoch 3 | Train loss: 0.519370
2025-06-24 09:32:14,500 - INFO - Epoch 3 | Validation loss: 0.397472
2025-06-24 09:32:16,974 - INFO - Epoch 4 | Train loss: 0.465839
2025-06-24 09:32:17,085 - INFO - Epoch 4 | Validation loss: 0.343105
2025-06-24 09:32:19,606 - INFO - Epoch 5 | Train loss: 0.428666
2025-06-24 09:32:19,712 - INFO - Epoch 5 | Validation loss: 0.323804
2025-06-24 09:32:30,502 - INFO - Computing FID, KID, LPIPS, SSIM...
2025-06-24 09:32:33,118 - INFO - Epoch 5 Metrics | fid: 555.3749 | kid: 0.8505 | kid_std: 0.0124 | lpips: 0.7392 | ssim: 0.0116
2025-06-24 09:32:35,615 - INFO - Epoch 6 | Train loss: 0.405700
2025-06-24 09:32:35,726 - INFO - Epoch 6 | Validation loss: 0.285858
2025-06-24 09:32:38,219 - INFO - Epoch 7 | Train loss: 0.387086
2025-06-24 09:32:38,323 - INFO - Epoch 7 | Validation loss: 0.281174
2025-06-24 09:32:40,830 - INFO - Epoch 8 | Train loss: 0.372027
2025-06-24 09:32:40,936 - INFO - Epoch 8 | Validation loss: 0.264921
2025-06-24 09:32:43,468 - INFO - Epoch 9 | Train loss: 0.359041
2025-06-24 09:32:43,573 - INFO - Epoch 9 | Validation loss: 0.258362
2025-06-24 09:32:46,023 - INFO - Epoch 10 | Train loss: 0.342245
2025-06-24 09:32:46,132 - INFO - Epoch 10 | Validation loss: 0.239737
2025-06-24 09:32:56,919 - INFO - Computing FID, KID, LPIPS, SSIM...
2025-06-24 09:32:59,519 - INFO - Epoch 10 Metrics | fid: 546.5721 | kid: 0.8286 | kid_std: 0.0136 | lpips: 0.7318 | ssim: 0.0127
2025-06-24 09:33:01,948 - INFO - Epoch 11 | Train loss: 0.333750
2025-06-24 09:33:02,049 - INFO - Epoch 11 | Validation loss: 0.233052
2025-06-24 09:33:04,560 - INFO - Epoch 12 | Train loss: 0.322233
2025-06-24 09:33:04,669 - INFO - Epoch 12 | Validation loss: 0.234081
2025-06-24 09:33:07,184 - INFO - Epoch 13 | Train loss: 0.311812
2025-06-24 09:33:07,292 - INFO - Epoch 13 | Validation loss: 0.226913
2025-06-24 09:33:09,748 - INFO - Epoch 14 | Train loss: 0.299690
2025-06-24 09:33:09,854 - INFO - Epoch 14 | Validation loss: 0.211446
2025-06-24 09:33:12,337 - INFO - Epoch 15 | Train loss: 0.299769
2025-06-24 09:33:12,445 - INFO - Epoch 15 | Validation loss: 0.197356
2025-06-24 09:33:23,226 - INFO - Computing FID, KID, LPIPS, SSIM...
2025-06-24 09:33:25,841 - INFO - Epoch 15 Metrics | fid: 552.9993 | kid: 0.8438 | kid_std: 0.0174 | lpips: 0.7334 | ssim: 0.0125
2025-06-24 09:33:28,353 - INFO - Epoch 16 | Train loss: 0.288400
2025-06-24 09:33:28,461 - INFO - Epoch 16 | Validation loss: 0.205958
2025-06-24 09:33:31,001 - INFO - Epoch 17 | Train loss: 0.281028
2025-06-24 09:33:31,108 - INFO - Epoch 17 | Validation loss: 0.196865
2025-06-24 09:33:33,557 - INFO - Epoch 18 | Train loss: 0.274882
2025-06-24 09:33:33,668 - INFO - Epoch 18 | Validation loss: 0.177856
2025-06-24 09:33:36,209 - INFO - Epoch 19 | Train loss: 0.273877
2025-06-24 09:33:36,318 - INFO - Epoch 19 | Validation loss: 0.183725
2025-06-24 09:33:38,835 - INFO - Epoch 20 | Train loss: 0.264069
2025-06-24 09:33:38,942 - INFO - Epoch 20 | Validation loss: 0.192181
2025-06-24 09:33:49,746 - INFO - Computing FID, KID, LPIPS, SSIM...
2025-06-24 09:33:52,275 - INFO - Epoch 20 Metrics | fid: 539.3433 | kid: 0.8166 | kid_std: 0.0129 | lpips: 0.7284 | ssim: 0.0135
2025-06-24 09:33:54,785 - INFO - Epoch 21 | Train loss: 0.260594
2025-06-24 09:33:54,892 - INFO - Epoch 21 | Validation loss: 0.170762
2025-06-24 09:33:57,404 - INFO - Epoch 22 | Train loss: 0.257887
2025-06-24 09:33:57,518 - INFO - Epoch 22 | Validation loss: 0.166011
2025-06-24 09:33:59,979 - INFO - Epoch 23 | Train loss: 0.255885
2025-06-24 09:34:00,083 - INFO - Epoch 23 | Validation loss: 0.177614
2025-06-24 09:34:02,591 - INFO - Epoch 24 | Train loss: 0.246906
2025-06-24 09:34:02,697 - INFO - Epoch 24 | Validation loss: 0.159091
2025-06-24 09:34:05,163 - INFO - Epoch 25 | Train loss: 0.249213
2025-06-24 09:34:05,274 - INFO - Epoch 25 | Validation loss: 0.159241
2025-06-24 09:34:05,310 - INFO - Generating debug samples...
2025-06-24 09:34:54,584 - INFO - Saved decoded debug samples for epoch 25.
2025-06-24 09:35:05,317 - INFO - Computing FID, KID, LPIPS, SSIM...
2025-06-24 09:35:07,907 - INFO - Epoch 25 Metrics | fid: 551.0959 | kid: 0.8406 | kid_std: 0.0151 | lpips: 0.7381 | ssim: 0.0122
2025-06-24 09:35:08,003 - INFO - Saved model checkpoint at ../model_runs/full_run_8/trained_models/model_epoch_0025.pth
2025-06-24 09:35:10,559 - INFO - Epoch 26 | Train loss: 0.245819
2025-06-24 09:35:10,665 - INFO - Epoch 26 | Validation loss: 0.156441
2025-06-24 09:35:13,147 - INFO - Epoch 27 | Train loss: 0.241634
2025-06-24 09:35:13,264 - INFO - Epoch 27 | Validation loss: 0.151653
2025-06-24 09:35:15,816 - INFO - Epoch 28 | Train loss: 0.241126
2025-06-24 09:35:15,924 - INFO - Epoch 28 | Validation loss: 0.165056
2025-06-24 09:35:18,471 - INFO - Epoch 29 | Train loss: 0.240825
2025-06-24 09:35:18,579 - INFO - Epoch 29 | Validation loss: 0.146725
2025-06-24 09:35:21,076 - INFO - Epoch 30 | Train loss: 0.237329
2025-06-24 09:35:21,187 - INFO - Epoch 30 | Validation loss: 0.150500
2025-06-24 09:35:31,904 - INFO - Computing FID, KID, LPIPS, SSIM...
2025-06-24 09:35:34,449 - INFO - Epoch 30 Metrics | fid: 543.3045 | kid: 0.8204 | kid_std: 0.0142 | lpips: 0.7286 | ssim: 0.0136
2025-06-24 09:35:36,952 - INFO - Epoch 31 | Train loss: 0.231555
2025-06-24 09:35:37,060 - INFO - Epoch 31 | Validation loss: 0.159484
2025-06-24 09:35:39,589 - INFO - Epoch 32 | Train loss: 0.230662
2025-06-24 09:35:39,701 - INFO - Epoch 32 | Validation loss: 0.149080
2025-06-24 09:35:42,238 - INFO - Epoch 33 | Train loss: 0.230364
2025-06-24 09:35:42,346 - INFO - Epoch 33 | Validation loss: 0.149141
2025-06-24 09:35:44,797 - INFO - Epoch 34 | Train loss: 0.227837
2025-06-24 09:35:44,907 - INFO - Epoch 34 | Validation loss: 0.141985
2025-06-24 09:35:47,358 - INFO - Epoch 35 | Train loss: 0.223592
2025-06-24 09:35:47,464 - INFO - Epoch 35 | Validation loss: 0.137676
2025-06-24 09:35:58,273 - INFO - Computing FID, KID, LPIPS, SSIM...
2025-06-24 09:36:00,881 - INFO - Epoch 35 Metrics | fid: 540.4349 | kid: 0.8199 | kid_std: 0.0145 | lpips: 0.7390 | ssim: 0.0120
2025-06-24 09:36:03,365 - INFO - Epoch 36 | Train loss: 0.225301
2025-06-24 09:36:03,474 - INFO - Epoch 36 | Validation loss: 0.133069
2025-06-24 09:36:05,947 - INFO - Epoch 37 | Train loss: 0.224523
2025-06-24 09:36:06,053 - INFO - Epoch 37 | Validation loss: 0.139474
2025-06-24 09:36:08,550 - INFO - Epoch 38 | Train loss: 0.221129
2025-06-24 09:36:08,660 - INFO - Epoch 38 | Validation loss: 0.136332
2025-06-24 09:36:11,189 - INFO - Epoch 39 | Train loss: 0.221494
2025-06-24 09:36:11,295 - INFO - Epoch 39 | Validation loss: 0.139587
2025-06-24 09:36:13,830 - INFO - Epoch 40 | Train loss: 0.222305
2025-06-24 09:36:13,942 - INFO - Epoch 40 | Validation loss: 0.131786
2025-06-24 09:36:24,718 - INFO - Computing FID, KID, LPIPS, SSIM...
2025-06-24 09:36:27,443 - INFO - Epoch 40 Metrics | fid: 529.0538 | kid: 0.7891 | kid_std: 0.0146 | lpips: 0.7267 | ssim: 0.0138
2025-06-24 09:36:29,943 - INFO - Epoch 41 | Train loss: 0.219872
2025-06-24 09:36:30,050 - INFO - Epoch 41 | Validation loss: 0.138271
2025-06-24 09:36:32,518 - INFO - Epoch 42 | Train loss: 0.218162
2025-06-24 09:36:32,626 - INFO - Epoch 42 | Validation loss: 0.141612
2025-06-24 09:36:35,116 - INFO - Epoch 43 | Train loss: 0.217564
2025-06-24 09:36:35,227 - INFO - Epoch 43 | Validation loss: 0.134115
2025-06-24 09:36:37,729 - INFO - Epoch 44 | Train loss: 0.215354
2025-06-24 09:36:37,835 - INFO - Epoch 44 | Validation loss: 0.138459
2025-06-24 09:36:40,359 - INFO - Epoch 45 | Train loss: 0.213374
2025-06-24 09:36:40,464 - INFO - Epoch 45 | Validation loss: 0.135532
2025-06-24 09:36:51,245 - INFO - Computing FID, KID, LPIPS, SSIM...
2025-06-24 09:36:53,897 - INFO - Epoch 45 Metrics | fid: 533.1394 | kid: 0.7966 | kid_std: 0.0149 | lpips: 0.7342 | ssim: 0.0127
2025-06-24 09:36:56,477 - INFO - Epoch 46 | Train loss: 0.216275
2025-06-24 09:36:56,582 - INFO - Epoch 46 | Validation loss: 0.124994
2025-06-24 09:36:59,105 - INFO - Epoch 47 | Train loss: 0.213269
2025-06-24 09:36:59,211 - INFO - Epoch 47 | Validation loss: 0.133521
2025-06-24 09:37:01,711 - INFO - Epoch 48 | Train loss: 0.213073
2025-06-24 09:37:01,818 - INFO - Epoch 48 | Validation loss: 0.129240
2025-06-24 09:37:04,407 - INFO - Epoch 49 | Train loss: 0.212538
2025-06-24 09:37:04,513 - INFO - Epoch 49 | Validation loss: 0.132945
2025-06-24 09:37:07,049 - INFO - Epoch 50 | Train loss: 0.210144
2025-06-24 09:37:07,158 - INFO - Epoch 50 | Validation loss: 0.120796
2025-06-24 09:37:07,192 - INFO - Generating debug samples...
2025-06-24 09:37:56,709 - INFO - Saved decoded debug samples for epoch 50.
2025-06-24 09:38:07,565 - INFO - Computing FID, KID, LPIPS, SSIM...
2025-06-24 09:38:10,213 - INFO - Epoch 50 Metrics | fid: 534.3248 | kid: 0.8065 | kid_std: 0.0136 | lpips: 0.7316 | ssim: 0.0131
2025-06-24 09:38:10,292 - INFO - Saved model checkpoint at ../model_runs/full_run_8/trained_models/model_epoch_0050.pth
2025-06-24 09:38:12,770 - INFO - Epoch 51 | Train loss: 0.211705
2025-06-24 09:38:12,878 - INFO - Epoch 51 | Validation loss: 0.132286
2025-06-24 09:38:15,386 - INFO - Epoch 52 | Train loss: 0.211232
2025-06-24 09:38:15,494 - INFO - Epoch 52 | Validation loss: 0.133015
2025-06-24 09:38:18,028 - INFO - Epoch 53 | Train loss: 0.209126
2025-06-24 09:38:18,135 - INFO - Epoch 53 | Validation loss: 0.114965
2025-06-24 09:38:20,628 - INFO - Epoch 54 | Train loss: 0.205430
2025-06-24 09:38:20,736 - INFO - Epoch 54 | Validation loss: 0.113233
2025-06-24 09:38:23,242 - INFO - Epoch 55 | Train loss: 0.206886
2025-06-24 09:38:23,350 - INFO - Epoch 55 | Validation loss: 0.116289
2025-06-24 09:38:34,175 - INFO - Computing FID, KID, LPIPS, SSIM...
2025-06-24 09:38:36,766 - INFO - Epoch 55 Metrics | fid: 532.6130 | kid: 0.7940 | kid_std: 0.0127 | lpips: 0.7318 | ssim: 0.0134
2025-06-24 09:38:39,262 - INFO - Epoch 56 | Train loss: 0.205674
2025-06-24 09:38:39,370 - INFO - Epoch 56 | Validation loss: 0.123977
2025-06-24 09:38:41,856 - INFO - Epoch 57 | Train loss: 0.205932
2025-06-24 09:38:41,962 - INFO - Epoch 57 | Validation loss: 0.118070
2025-06-24 09:38:44,472 - INFO - Epoch 58 | Train loss: 0.204984
2025-06-24 09:38:44,581 - INFO - Epoch 58 | Validation loss: 0.114532
2025-06-24 09:38:47,087 - INFO - Epoch 59 | Train loss: 0.203362
2025-06-24 09:38:47,191 - INFO - Epoch 59 | Validation loss: 0.127833
2025-06-24 09:38:49,686 - INFO - Epoch 60 | Train loss: 0.204069
2025-06-24 09:38:49,793 - INFO - Epoch 60 | Validation loss: 0.121407
2025-06-24 09:39:00,617 - INFO - Computing FID, KID, LPIPS, SSIM...
2025-06-24 09:39:03,252 - INFO - Epoch 60 Metrics | fid: 516.7197 | kid: 0.7703 | kid_std: 0.0134 | lpips: 0.7144 | ssim: 0.0154
2025-06-24 09:39:05,754 - INFO - Epoch 61 | Train loss: 0.200396
2025-06-24 09:39:05,862 - INFO - Epoch 61 | Validation loss: 0.117169
2025-06-24 09:39:08,402 - INFO - Epoch 62 | Train loss: 0.204618
2025-06-24 09:39:08,511 - INFO - Epoch 62 | Validation loss: 0.118679
2025-06-24 09:39:11,025 - INFO - Epoch 63 | Train loss: 0.204437
2025-06-24 09:39:11,131 - INFO - Epoch 63 | Validation loss: 0.114811
2025-06-24 09:39:13,613 - INFO - Epoch 64 | Train loss: 0.205401
2025-06-24 09:39:13,722 - INFO - Epoch 64 | Validation loss: 0.130176
2025-06-24 09:39:16,279 - INFO - Epoch 65 | Train loss: 0.202551
2025-06-24 09:39:16,383 - INFO - Epoch 65 | Validation loss: 0.118539
2025-06-24 09:39:27,127 - INFO - Computing FID, KID, LPIPS, SSIM...
2025-06-24 09:39:29,684 - INFO - Epoch 65 Metrics | fid: 541.9709 | kid: 0.8241 | kid_std: 0.0137 | lpips: 0.7344 | ssim: 0.0131
2025-06-24 09:39:32,162 - INFO - Epoch 66 | Train loss: 0.200789
2025-06-24 09:39:32,270 - INFO - Epoch 66 | Validation loss: 0.119033
2025-06-24 09:39:34,774 - INFO - Epoch 67 | Train loss: 0.201563
2025-06-24 09:39:34,882 - INFO - Epoch 67 | Validation loss: 0.124862
2025-06-24 09:39:37,384 - INFO - Epoch 68 | Train loss: 0.200660
2025-06-24 09:39:37,493 - INFO - Epoch 68 | Validation loss: 0.120892
2025-06-24 09:39:39,980 - INFO - Epoch 69 | Train loss: 0.203041
2025-06-24 09:39:40,088 - INFO - Epoch 69 | Validation loss: 0.124265
2025-06-24 09:39:42,601 - INFO - Epoch 70 | Train loss: 0.201572
2025-06-24 09:39:42,708 - INFO - Epoch 70 | Validation loss: 0.122830
2025-06-24 09:39:53,566 - INFO - Computing FID, KID, LPIPS, SSIM...
2025-06-24 09:39:56,131 - INFO - Epoch 70 Metrics | fid: 527.9455 | kid: 0.7899 | kid_std: 0.0135 | lpips: 0.7303 | ssim: 0.0134
2025-06-24 09:39:58,622 - INFO - Epoch 71 | Train loss: 0.200912
2025-06-24 09:39:58,730 - INFO - Epoch 71 | Validation loss: 0.120676
2025-06-24 09:40:01,238 - INFO - Epoch 72 | Train loss: 0.201411
2025-06-24 09:40:01,343 - INFO - Epoch 72 | Validation loss: 0.112358
2025-06-24 09:40:03,865 - INFO - Epoch 73 | Train loss: 0.203028
2025-06-24 09:40:03,970 - INFO - Epoch 73 | Validation loss: 0.122855
2025-06-24 09:40:06,469 - INFO - Epoch 74 | Train loss: 0.200010
2025-06-24 09:40:06,575 - INFO - Epoch 74 | Validation loss: 0.119732
2025-06-24 09:40:09,042 - INFO - Epoch 75 | Train loss: 0.201655
2025-06-24 09:40:09,153 - INFO - Epoch 75 | Validation loss: 0.112951
2025-06-24 09:40:09,191 - INFO - Generating debug samples...
2025-06-24 09:40:58,456 - INFO - Saved decoded debug samples for epoch 75.
2025-06-24 09:41:09,187 - INFO - Computing FID, KID, LPIPS, SSIM...
2025-06-24 09:41:11,836 - INFO - Epoch 75 Metrics | fid: 508.4939 | kid: 0.7478 | kid_std: 0.0131 | lpips: 0.7216 | ssim: 0.0152
2025-06-24 09:41:11,941 - INFO - Saved model checkpoint at ../model_runs/full_run_8/trained_models/model_epoch_0075.pth
2025-06-24 09:41:14,463 - INFO - Epoch 76 | Train loss: 0.201749
2025-06-24 09:41:14,568 - INFO - Epoch 76 | Validation loss: 0.122512
2025-06-24 09:41:17,050 - INFO - Epoch 77 | Train loss: 0.198633
2025-06-24 09:41:17,162 - INFO - Epoch 77 | Validation loss: 0.120776
2025-06-24 09:41:19,668 - INFO - Epoch 78 | Train loss: 0.198920
2025-06-24 09:41:19,774 - INFO - Epoch 78 | Validation loss: 0.112567
2025-06-24 09:41:22,277 - INFO - Epoch 79 | Train loss: 0.198348
2025-06-24 09:41:22,387 - INFO - Epoch 79 | Validation loss: 0.110948
2025-06-24 09:41:24,880 - INFO - Epoch 80 | Train loss: 0.196515
2025-06-24 09:41:24,988 - INFO - Epoch 80 | Validation loss: 0.118468
2025-06-24 09:41:35,836 - INFO - Computing FID, KID, LPIPS, SSIM...
2025-06-24 09:41:38,404 - INFO - Epoch 80 Metrics | fid: 516.3035 | kid: 0.7711 | kid_std: 0.0121 | lpips: 0.7161 | ssim: 0.0155
2025-06-24 09:41:40,906 - INFO - Epoch 81 | Train loss: 0.200714
2025-06-24 09:41:41,010 - INFO - Epoch 81 | Validation loss: 0.110523
2025-06-24 09:41:43,497 - INFO - Epoch 82 | Train loss: 0.195464
2025-06-24 09:41:43,606 - INFO - Epoch 82 | Validation loss: 0.114076
2025-06-24 09:41:46,112 - INFO - Epoch 83 | Train loss: 0.197710
2025-06-24 09:41:46,218 - INFO - Epoch 83 | Validation loss: 0.110141
2025-06-24 09:41:48,651 - INFO - Epoch 84 | Train loss: 0.196449
2025-06-24 09:41:48,759 - INFO - Epoch 84 | Validation loss: 0.113359
2025-06-24 09:41:51,272 - INFO - Epoch 85 | Train loss: 0.198822
2025-06-24 09:41:51,378 - INFO - Epoch 85 | Validation loss: 0.109910
2025-06-24 09:42:02,248 - INFO - Computing FID, KID, LPIPS, SSIM...
2025-06-24 09:42:04,878 - INFO - Epoch 85 Metrics | fid: 516.8928 | kid: 0.7655 | kid_std: 0.0148 | lpips: 0.7155 | ssim: 0.0157
2025-06-24 09:42:07,314 - INFO - Epoch 86 | Train loss: 0.196625
2025-06-24 09:42:07,422 - INFO - Epoch 86 | Validation loss: 0.123272
2025-06-24 09:42:09,889 - INFO - Epoch 87 | Train loss: 0.198413
2025-06-24 09:42:09,997 - INFO - Epoch 87 | Validation loss: 0.113916
2025-06-24 09:42:12,531 - INFO - Epoch 88 | Train loss: 0.197261
2025-06-24 09:42:12,638 - INFO - Epoch 88 | Validation loss: 0.107489
2025-06-24 09:42:15,184 - INFO - Epoch 89 | Train loss: 0.199518
2025-06-24 09:42:15,294 - INFO - Epoch 89 | Validation loss: 0.114783
2025-06-24 09:42:17,752 - INFO - Epoch 90 | Train loss: 0.196843
2025-06-24 09:42:17,860 - INFO - Epoch 90 | Validation loss: 0.099497
2025-06-24 09:42:28,584 - INFO - Computing FID, KID, LPIPS, SSIM...
2025-06-24 09:42:31,165 - INFO - Epoch 90 Metrics | fid: 508.8288 | kid: 0.7467 | kid_std: 0.0126 | lpips: 0.7202 | ssim: 0.0150
2025-06-24 09:42:33,753 - INFO - Epoch 91 | Train loss: 0.196051
2025-06-24 09:42:33,863 - INFO - Epoch 91 | Validation loss: 0.105940
2025-06-24 09:42:36,357 - INFO - Epoch 92 | Train loss: 0.196169
2025-06-24 09:42:36,462 - INFO - Epoch 92 | Validation loss: 0.106325
2025-06-24 09:42:39,001 - INFO - Epoch 93 | Train loss: 0.198142
2025-06-24 09:42:39,108 - INFO - Epoch 93 | Validation loss: 0.117802
2025-06-24 09:42:41,593 - INFO - Epoch 94 | Train loss: 0.191565
2025-06-24 09:42:41,703 - INFO - Epoch 94 | Validation loss: 0.113504
2025-06-24 09:42:44,149 - INFO - Epoch 95 | Train loss: 0.197293
2025-06-24 09:42:44,257 - INFO - Epoch 95 | Validation loss: 0.108101
2025-06-24 09:42:55,057 - INFO - Computing FID, KID, LPIPS, SSIM...
2025-06-24 09:42:57,619 - INFO - Epoch 95 Metrics | fid: 498.5359 | kid: 0.7260 | kid_std: 0.0130 | lpips: 0.7120 | ssim: 0.0163
2025-06-24 09:43:00,100 - INFO - Epoch 96 | Train loss: 0.194829
2025-06-24 09:43:00,209 - INFO - Epoch 96 | Validation loss: 0.113462
2025-06-24 09:43:02,744 - INFO - Epoch 97 | Train loss: 0.194263
2025-06-24 09:43:02,849 - INFO - Epoch 97 | Validation loss: 0.110854
2025-06-24 09:43:05,353 - INFO - Epoch 98 | Train loss: 0.194293
2025-06-24 09:43:05,457 - INFO - Epoch 98 | Validation loss: 0.115157
2025-06-24 09:43:07,970 - INFO - Epoch 99 | Train loss: 0.189397
2025-06-24 09:43:08,079 - INFO - Epoch 99 | Validation loss: 0.110679
2025-06-24 09:43:10,548 - INFO - Epoch 100 | Train loss: 0.199263
2025-06-24 09:43:10,656 - INFO - Epoch 100 | Validation loss: 0.108816
2025-06-24 09:43:10,689 - INFO - Generating debug samples...
2025-06-24 09:44:00,150 - INFO - Saved decoded debug samples for epoch 100.
2025-06-24 09:44:10,944 - INFO - Computing FID, KID, LPIPS, SSIM...
2025-06-24 09:44:13,670 - INFO - Epoch 100 Metrics | fid: 509.8690 | kid: 0.7462 | kid_std: 0.0122 | lpips: 0.7207 | ssim: 0.0157
2025-06-24 09:44:13,776 - INFO - Saved model checkpoint at ../model_runs/full_run_8/trained_models/model_epoch_0100.pth
2025-06-24 09:44:16,274 - INFO - Epoch 101 | Train loss: 0.190779
2025-06-24 09:44:16,382 - INFO - Epoch 101 | Validation loss: 0.106634
2025-06-24 09:44:18,927 - INFO - Epoch 102 | Train loss: 0.194764
2025-06-24 09:44:19,037 - INFO - Epoch 102 | Validation loss: 0.106807
2025-06-24 09:44:21,563 - INFO - Epoch 103 | Train loss: 0.193246
2025-06-24 09:44:21,673 - INFO - Epoch 103 | Validation loss: 0.104157
2025-06-24 09:44:24,094 - INFO - Epoch 104 | Train loss: 0.191432
2025-06-24 09:44:24,201 - INFO - Epoch 104 | Validation loss: 0.105706
2025-06-24 09:44:26,691 - INFO - Epoch 105 | Train loss: 0.193433
2025-06-24 09:44:26,797 - INFO - Epoch 105 | Validation loss: 0.110302
2025-06-24 09:44:37,657 - INFO - Computing FID, KID, LPIPS, SSIM...
2025-06-24 09:44:40,197 - INFO - Epoch 105 Metrics | fid: 518.0503 | kid: 0.7637 | kid_std: 0.0142 | lpips: 0.7171 | ssim: 0.0158
2025-06-24 09:44:42,769 - INFO - Epoch 106 | Train loss: 0.191391
2025-06-24 09:44:42,881 - INFO - Epoch 106 | Validation loss: 0.103332
2025-06-24 09:44:45,404 - INFO - Epoch 107 | Train loss: 0.190724
2025-06-24 09:44:45,509 - INFO - Epoch 107 | Validation loss: 0.112640
2025-06-24 09:44:48,052 - INFO - Epoch 108 | Train loss: 0.190228
2025-06-24 09:44:48,163 - INFO - Epoch 108 | Validation loss: 0.109533
2025-06-24 09:44:50,697 - INFO - Epoch 109 | Train loss: 0.192804
2025-06-24 09:44:50,802 - INFO - Epoch 109 | Validation loss: 0.110140
2025-06-24 09:44:53,295 - INFO - Epoch 110 | Train loss: 0.188993
2025-06-24 09:44:53,402 - INFO - Epoch 110 | Validation loss: 0.120399
2025-06-24 09:44:53,402 - INFO - Early stopping triggered by validation loss.
2025-06-24 09:54:53,449 - WARNING - [Rank 0] Samples returned from ddpm_train are not a tensor or list of tensors. Skipping grid save.
