2025-06-23 11:04:11,885 - INFO - [Rank 0] Starting distributed training with 2 GPUs
2025-06-23 11:04:11,885 - INFO - [Rank 0] Loading dataset...
2025-06-23 11:04:11,897 - INFO - [Rank 0] Creating model...
2025-06-23 11:04:12,333 - INFO - [Rank 0] Setting up diffusion...
2025-06-23 11:04:12,356 - INFO - [Rank 0] Starting training...
2025-06-23 11:04:21,675 - INFO - Epoch 0 | Train loss: 0.990454
2025-06-23 11:04:23,086 - INFO - Epoch 0 | Validation loss: 0.804523
2025-06-23 11:04:23,124 - INFO - Generating debug samples...
2025-06-23 11:05:06,109 - INFO - Saved decoded debug samples for epoch 0.
2025-06-23 11:05:15,058 - INFO - Computing FID, KID, LPIPS, SSIM...
2025-06-23 11:05:19,290 - INFO - Epoch 0 Metrics | fid: 545.5613 | kid: 0.8425 | kid_std: 0.0133 | lpips: 0.7323 | ssim: 0.0121
2025-06-23 11:05:19,393 - INFO - Saved model checkpoint at ../model_runs/full_run_5/trained_models/model_epoch_0000.pth
2025-06-23 11:05:21,713 - INFO - Epoch 1 | Train loss: 0.783617
2025-06-23 11:05:21,811 - INFO - Epoch 1 | Validation loss: 0.641250
2025-06-23 11:05:24,033 - INFO - Epoch 2 | Train loss: 0.670878
2025-06-23 11:05:24,137 - INFO - Epoch 2 | Validation loss: 0.552035
2025-06-23 11:05:26,414 - INFO - Epoch 3 | Train loss: 0.595831
2025-06-23 11:05:26,524 - INFO - Epoch 3 | Validation loss: 0.480267
2025-06-23 11:05:28,824 - INFO - Epoch 4 | Train loss: 0.539853
2025-06-23 11:05:28,925 - INFO - Epoch 4 | Validation loss: 0.430247
2025-06-23 11:05:31,250 - INFO - Epoch 5 | Train loss: 0.502802
2025-06-23 11:05:31,354 - INFO - Epoch 5 | Validation loss: 0.393367
2025-06-23 11:05:40,158 - INFO - Computing FID, KID, LPIPS, SSIM...
2025-06-23 11:05:42,781 - INFO - Epoch 5 Metrics | fid: 562.4565 | kid: 0.8735 | kid_std: 0.0127 | lpips: 0.7382 | ssim: 0.0115
2025-06-23 11:05:45,005 - INFO - Epoch 6 | Train loss: 0.474458
2025-06-23 11:05:45,107 - INFO - Epoch 6 | Validation loss: 0.376187
2025-06-23 11:05:47,366 - INFO - Epoch 7 | Train loss: 0.447459
2025-06-23 11:05:47,467 - INFO - Epoch 7 | Validation loss: 0.342359
2025-06-23 11:05:49,702 - INFO - Epoch 8 | Train loss: 0.426884
2025-06-23 11:05:49,806 - INFO - Epoch 8 | Validation loss: 0.330393
2025-06-23 11:05:52,059 - INFO - Epoch 9 | Train loss: 0.413292
2025-06-23 11:05:52,166 - INFO - Epoch 9 | Validation loss: 0.313064
2025-06-23 11:05:54,428 - INFO - Epoch 10 | Train loss: 0.395574
2025-06-23 11:05:54,528 - INFO - Epoch 10 | Validation loss: 0.311221
2025-06-23 11:06:03,373 - INFO - Computing FID, KID, LPIPS, SSIM...
2025-06-23 11:06:06,010 - INFO - Epoch 10 Metrics | fid: 561.7136 | kid: 0.8667 | kid_std: 0.0150 | lpips: 0.7379 | ssim: 0.0118
2025-06-23 11:06:08,285 - INFO - Epoch 11 | Train loss: 0.383823
2025-06-23 11:06:08,389 - INFO - Epoch 11 | Validation loss: 0.303324
2025-06-23 11:06:10,660 - INFO - Epoch 12 | Train loss: 0.369165
2025-06-23 11:06:10,757 - INFO - Epoch 12 | Validation loss: 0.282798
2025-06-23 11:06:13,058 - INFO - Epoch 13 | Train loss: 0.357001
2025-06-23 11:06:13,158 - INFO - Epoch 13 | Validation loss: 0.257013
2025-06-23 11:06:15,475 - INFO - Epoch 14 | Train loss: 0.347631
2025-06-23 11:06:15,575 - INFO - Epoch 14 | Validation loss: 0.257366
2025-06-23 11:06:17,819 - INFO - Epoch 15 | Train loss: 0.335779
2025-06-23 11:06:17,920 - INFO - Epoch 15 | Validation loss: 0.258201
2025-06-23 11:06:26,742 - INFO - Computing FID, KID, LPIPS, SSIM...
2025-06-23 11:06:29,265 - INFO - Epoch 15 Metrics | fid: 552.3776 | kid: 0.8402 | kid_std: 0.0157 | lpips: 0.7354 | ssim: 0.0117
2025-06-23 11:06:31,546 - INFO - Epoch 16 | Train loss: 0.326205
2025-06-23 11:06:31,648 - INFO - Epoch 16 | Validation loss: 0.240195
2025-06-23 11:06:33,856 - INFO - Epoch 17 | Train loss: 0.320867
2025-06-23 11:06:33,958 - INFO - Epoch 17 | Validation loss: 0.231723
2025-06-23 11:06:36,204 - INFO - Epoch 18 | Train loss: 0.311802
2025-06-23 11:06:36,302 - INFO - Epoch 18 | Validation loss: 0.226672
2025-06-23 11:06:38,573 - INFO - Epoch 19 | Train loss: 0.310503
2025-06-23 11:06:38,681 - INFO - Epoch 19 | Validation loss: 0.225160
2025-06-23 11:06:40,936 - INFO - Epoch 20 | Train loss: 0.306677
2025-06-23 11:06:41,039 - INFO - Epoch 20 | Validation loss: 0.206969
2025-06-23 11:06:49,886 - INFO - Computing FID, KID, LPIPS, SSIM...
2025-06-23 11:06:52,567 - INFO - Epoch 20 Metrics | fid: 560.6050 | kid: 0.8627 | kid_std: 0.0159 | lpips: 0.7410 | ssim: 0.0116
2025-06-23 11:06:54,777 - INFO - Epoch 21 | Train loss: 0.297267
2025-06-23 11:06:54,876 - INFO - Epoch 21 | Validation loss: 0.218009
2025-06-23 11:06:57,136 - INFO - Epoch 22 | Train loss: 0.289760
2025-06-23 11:06:57,238 - INFO - Epoch 22 | Validation loss: 0.200583
2025-06-23 11:06:59,403 - INFO - Epoch 23 | Train loss: 0.288951
2025-06-23 11:06:59,505 - INFO - Epoch 23 | Validation loss: 0.196935
2025-06-23 11:07:01,815 - INFO - Epoch 24 | Train loss: 0.282008
2025-06-23 11:07:01,915 - INFO - Epoch 24 | Validation loss: 0.196791
2025-06-23 11:07:04,185 - INFO - Epoch 25 | Train loss: 0.278614
2025-06-23 11:07:04,287 - INFO - Epoch 25 | Validation loss: 0.208401
2025-06-23 11:07:04,324 - INFO - Generating debug samples...
2025-06-23 11:07:46,978 - INFO - Saved decoded debug samples for epoch 25.
2025-06-23 11:07:55,799 - INFO - Computing FID, KID, LPIPS, SSIM...
2025-06-23 11:07:58,457 - INFO - Epoch 25 Metrics | fid: 560.7034 | kid: 0.8622 | kid_std: 0.0133 | lpips: 0.7395 | ssim: 0.0119
2025-06-23 11:07:58,552 - INFO - Saved model checkpoint at ../model_runs/full_run_5/trained_models/model_epoch_0025.pth
2025-06-23 11:08:00,810 - INFO - Epoch 26 | Train loss: 0.277391
2025-06-23 11:08:00,910 - INFO - Epoch 26 | Validation loss: 0.188785
2025-06-23 11:08:03,134 - INFO - Epoch 27 | Train loss: 0.273879
2025-06-23 11:08:03,242 - INFO - Epoch 27 | Validation loss: 0.185802
2025-06-23 11:08:05,482 - INFO - Epoch 28 | Train loss: 0.267958
2025-06-23 11:08:05,581 - INFO - Epoch 28 | Validation loss: 0.198398
2025-06-23 11:08:07,874 - INFO - Epoch 29 | Train loss: 0.263913
2025-06-23 11:08:07,972 - INFO - Epoch 29 | Validation loss: 0.187642
2025-06-23 11:08:10,244 - INFO - Epoch 30 | Train loss: 0.264963
2025-06-23 11:08:10,345 - INFO - Epoch 30 | Validation loss: 0.183859
2025-06-23 11:08:19,206 - INFO - Computing FID, KID, LPIPS, SSIM...
2025-06-23 11:08:21,910 - INFO - Epoch 30 Metrics | fid: 546.1436 | kid: 0.8301 | kid_std: 0.0150 | lpips: 0.7301 | ssim: 0.0130
2025-06-23 11:08:24,200 - INFO - Epoch 31 | Train loss: 0.262962
2025-06-23 11:08:24,301 - INFO - Epoch 31 | Validation loss: 0.176782
2025-06-23 11:08:26,524 - INFO - Epoch 32 | Train loss: 0.262529
2025-06-23 11:08:26,628 - INFO - Epoch 32 | Validation loss: 0.184169
2025-06-23 11:08:28,889 - INFO - Epoch 33 | Train loss: 0.260783
2025-06-23 11:08:28,992 - INFO - Epoch 33 | Validation loss: 0.175714
2025-06-23 11:08:31,298 - INFO - Epoch 34 | Train loss: 0.259407
2025-06-23 11:08:31,398 - INFO - Epoch 34 | Validation loss: 0.163995
2025-06-23 11:08:33,631 - INFO - Epoch 35 | Train loss: 0.255289
2025-06-23 11:08:33,732 - INFO - Epoch 35 | Validation loss: 0.167218
2025-06-23 11:08:42,605 - INFO - Computing FID, KID, LPIPS, SSIM...
2025-06-23 11:08:45,307 - INFO - Epoch 35 Metrics | fid: 555.4459 | kid: 0.8470 | kid_std: 0.0154 | lpips: 0.7407 | ssim: 0.0120
2025-06-23 11:08:47,533 - INFO - Epoch 36 | Train loss: 0.248501
2025-06-23 11:08:47,632 - INFO - Epoch 36 | Validation loss: 0.175219
2025-06-23 11:08:49,837 - INFO - Epoch 37 | Train loss: 0.252898
2025-06-23 11:08:49,941 - INFO - Epoch 37 | Validation loss: 0.157472
2025-06-23 11:08:52,130 - INFO - Epoch 38 | Train loss: 0.250644
2025-06-23 11:08:52,232 - INFO - Epoch 38 | Validation loss: 0.171158
2025-06-23 11:08:54,500 - INFO - Epoch 39 | Train loss: 0.247098
2025-06-23 11:08:54,603 - INFO - Epoch 39 | Validation loss: 0.166652
2025-06-23 11:08:56,887 - INFO - Epoch 40 | Train loss: 0.250317
2025-06-23 11:08:56,984 - INFO - Epoch 40 | Validation loss: 0.162900
2025-06-23 11:09:05,854 - INFO - Computing FID, KID, LPIPS, SSIM...
2025-06-23 11:09:08,383 - INFO - Epoch 40 Metrics | fid: 541.0286 | kid: 0.8134 | kid_std: 0.0133 | lpips: 0.7389 | ssim: 0.0118
2025-06-23 11:09:10,648 - INFO - Epoch 41 | Train loss: 0.247834
2025-06-23 11:09:10,748 - INFO - Epoch 41 | Validation loss: 0.159910
2025-06-23 11:09:12,990 - INFO - Epoch 42 | Train loss: 0.246120
2025-06-23 11:09:13,089 - INFO - Epoch 42 | Validation loss: 0.157076
2025-06-23 11:09:15,334 - INFO - Epoch 43 | Train loss: 0.240984
2025-06-23 11:09:15,435 - INFO - Epoch 43 | Validation loss: 0.160948
2025-06-23 11:09:17,685 - INFO - Epoch 44 | Train loss: 0.242420
2025-06-23 11:09:17,787 - INFO - Epoch 44 | Validation loss: 0.154610
2025-06-23 11:09:20,066 - INFO - Epoch 45 | Train loss: 0.238185
2025-06-23 11:09:20,173 - INFO - Epoch 45 | Validation loss: 0.157713
2025-06-23 11:09:29,079 - INFO - Computing FID, KID, LPIPS, SSIM...
2025-06-23 11:09:31,699 - INFO - Epoch 45 Metrics | fid: 551.1151 | kid: 0.8480 | kid_std: 0.0152 | lpips: 0.7409 | ssim: 0.0114
2025-06-23 11:09:33,964 - INFO - Epoch 46 | Train loss: 0.235060
2025-06-23 11:09:34,067 - INFO - Epoch 46 | Validation loss: 0.154851
2025-06-23 11:09:36,370 - INFO - Epoch 47 | Train loss: 0.238748
2025-06-23 11:09:36,472 - INFO - Epoch 47 | Validation loss: 0.154649
2025-06-23 11:09:38,719 - INFO - Epoch 48 | Train loss: 0.237475
2025-06-23 11:09:38,821 - INFO - Epoch 48 | Validation loss: 0.159495
2025-06-23 11:09:41,073 - INFO - Epoch 49 | Train loss: 0.236345
2025-06-23 11:09:41,173 - INFO - Epoch 49 | Validation loss: 0.154244
2025-06-23 11:09:43,475 - INFO - Epoch 50 | Train loss: 0.237684
2025-06-23 11:09:43,576 - INFO - Epoch 50 | Validation loss: 0.158179
2025-06-23 11:09:43,610 - INFO - Generating debug samples...
2025-06-23 11:10:26,317 - INFO - Saved decoded debug samples for epoch 50.
2025-06-23 11:10:35,141 - INFO - Computing FID, KID, LPIPS, SSIM...
2025-06-23 11:10:37,626 - INFO - Epoch 50 Metrics | fid: 541.2610 | kid: 0.8208 | kid_std: 0.0131 | lpips: 0.7392 | ssim: 0.0118
2025-06-23 11:10:37,720 - INFO - Saved model checkpoint at ../model_runs/full_run_5/trained_models/model_epoch_0050.pth
2025-06-23 11:10:39,965 - INFO - Epoch 51 | Train loss: 0.234210
2025-06-23 11:10:40,066 - INFO - Epoch 51 | Validation loss: 0.154987
2025-06-23 11:10:42,308 - INFO - Epoch 52 | Train loss: 0.232554
2025-06-23 11:10:42,417 - INFO - Epoch 52 | Validation loss: 0.157397
2025-06-23 11:10:44,737 - INFO - Epoch 53 | Train loss: 0.233929
2025-06-23 11:10:44,837 - INFO - Epoch 53 | Validation loss: 0.146890
2025-06-23 11:10:47,099 - INFO - Epoch 54 | Train loss: 0.230544
2025-06-23 11:10:47,198 - INFO - Epoch 54 | Validation loss: 0.155008
2025-06-23 11:10:49,476 - INFO - Epoch 55 | Train loss: 0.228792
2025-06-23 11:10:49,581 - INFO - Epoch 55 | Validation loss: 0.153490
2025-06-23 11:10:58,400 - INFO - Computing FID, KID, LPIPS, SSIM...
2025-06-23 11:11:01,056 - INFO - Epoch 55 Metrics | fid: 554.6902 | kid: 0.8553 | kid_std: 0.0165 | lpips: 0.7419 | ssim: 0.0116
2025-06-23 11:11:03,291 - INFO - Epoch 56 | Train loss: 0.229670
2025-06-23 11:11:03,392 - INFO - Epoch 56 | Validation loss: 0.135695
2025-06-23 11:11:05,670 - INFO - Epoch 57 | Train loss: 0.230837
2025-06-23 11:11:05,771 - INFO - Epoch 57 | Validation loss: 0.151119
2025-06-23 11:11:08,063 - INFO - Epoch 58 | Train loss: 0.227931
2025-06-23 11:11:08,163 - INFO - Epoch 58 | Validation loss: 0.148093
2025-06-23 11:11:10,450 - INFO - Epoch 59 | Train loss: 0.226192
2025-06-23 11:11:10,550 - INFO - Epoch 59 | Validation loss: 0.154921
2025-06-23 11:11:12,852 - INFO - Epoch 60 | Train loss: 0.231867
2025-06-23 11:11:12,958 - INFO - Epoch 60 | Validation loss: 0.144066
2025-06-23 11:11:21,811 - INFO - Computing FID, KID, LPIPS, SSIM...
2025-06-23 11:11:24,478 - INFO - Epoch 60 Metrics | fid: 552.6868 | kid: 0.8456 | kid_std: 0.0141 | lpips: 0.7423 | ssim: 0.0123
2025-06-23 11:11:26,745 - INFO - Epoch 61 | Train loss: 0.226647
2025-06-23 11:11:26,845 - INFO - Epoch 61 | Validation loss: 0.147189
2025-06-23 11:11:29,082 - INFO - Epoch 62 | Train loss: 0.227116
2025-06-23 11:11:29,182 - INFO - Epoch 62 | Validation loss: 0.148732
2025-06-23 11:11:31,458 - INFO - Epoch 63 | Train loss: 0.225081
2025-06-23 11:11:31,559 - INFO - Epoch 63 | Validation loss: 0.137387
2025-06-23 11:11:33,789 - INFO - Epoch 64 | Train loss: 0.228140
2025-06-23 11:11:33,892 - INFO - Epoch 64 | Validation loss: 0.140790
2025-06-23 11:11:36,180 - INFO - Epoch 65 | Train loss: 0.222401
2025-06-23 11:11:36,281 - INFO - Epoch 65 | Validation loss: 0.152540
2025-06-23 11:11:45,112 - INFO - Computing FID, KID, LPIPS, SSIM...
2025-06-23 11:11:47,687 - INFO - Epoch 65 Metrics | fid: 552.1981 | kid: 0.8424 | kid_std: 0.0162 | lpips: 0.7404 | ssim: 0.0121
2025-06-23 11:11:49,966 - INFO - Epoch 66 | Train loss: 0.223932
2025-06-23 11:11:50,064 - INFO - Epoch 66 | Validation loss: 0.138145
2025-06-23 11:11:52,304 - INFO - Epoch 67 | Train loss: 0.224280
2025-06-23 11:11:52,409 - INFO - Epoch 67 | Validation loss: 0.130342
2025-06-23 11:11:54,741 - INFO - Epoch 68 | Train loss: 0.224007
2025-06-23 11:11:54,845 - INFO - Epoch 68 | Validation loss: 0.138787
2025-06-23 11:11:57,092 - INFO - Epoch 69 | Train loss: 0.223509
2025-06-23 11:11:57,194 - INFO - Epoch 69 | Validation loss: 0.136730
2025-06-23 11:11:59,442 - INFO - Epoch 70 | Train loss: 0.218637
2025-06-23 11:11:59,543 - INFO - Epoch 70 | Validation loss: 0.139310
2025-06-23 11:12:08,411 - INFO - Computing FID, KID, LPIPS, SSIM...
2025-06-23 11:12:11,034 - INFO - Epoch 70 Metrics | fid: 544.0233 | kid: 0.8251 | kid_std: 0.0130 | lpips: 0.7422 | ssim: 0.0114
2025-06-23 11:12:13,276 - INFO - Epoch 71 | Train loss: 0.223505
2025-06-23 11:12:13,375 - INFO - Epoch 71 | Validation loss: 0.132768
2025-06-23 11:12:15,615 - INFO - Epoch 72 | Train loss: 0.221916
2025-06-23 11:12:15,719 - INFO - Epoch 72 | Validation loss: 0.138261
2025-06-23 11:12:17,911 - INFO - Epoch 73 | Train loss: 0.222315
2025-06-23 11:12:18,009 - INFO - Epoch 73 | Validation loss: 0.143715
2025-06-23 11:12:20,284 - INFO - Epoch 74 | Train loss: 0.223976
2025-06-23 11:12:20,383 - INFO - Epoch 74 | Validation loss: 0.144679
2025-06-23 11:12:22,640 - INFO - Epoch 75 | Train loss: 0.220831
2025-06-23 11:12:22,739 - INFO - Epoch 75 | Validation loss: 0.138954
2025-06-23 11:12:22,775 - INFO - Generating debug samples...
2025-06-23 11:13:05,430 - INFO - Saved decoded debug samples for epoch 75.
2025-06-23 11:13:14,233 - INFO - Computing FID, KID, LPIPS, SSIM...
2025-06-23 11:13:16,803 - INFO - Epoch 75 Metrics | fid: 536.0831 | kid: 0.8091 | kid_std: 0.0137 | lpips: 0.7410 | ssim: 0.0114
2025-06-23 11:13:16,896 - INFO - Saved model checkpoint at ../model_runs/full_run_5/trained_models/model_epoch_0075.pth
2025-06-23 11:13:19,180 - INFO - Epoch 76 | Train loss: 0.220351
2025-06-23 11:13:19,291 - INFO - Epoch 76 | Validation loss: 0.131826
2025-06-23 11:13:21,580 - INFO - Epoch 77 | Train loss: 0.219091
2025-06-23 11:13:21,680 - INFO - Epoch 77 | Validation loss: 0.133277
2025-06-23 11:13:24,005 - INFO - Epoch 78 | Train loss: 0.219752
2025-06-23 11:13:24,107 - INFO - Epoch 78 | Validation loss: 0.143275
2025-06-23 11:13:26,360 - INFO - Epoch 79 | Train loss: 0.215611
2025-06-23 11:13:26,460 - INFO - Epoch 79 | Validation loss: 0.137331
2025-06-23 11:13:28,693 - INFO - Epoch 80 | Train loss: 0.221838
2025-06-23 11:13:28,794 - INFO - Epoch 80 | Validation loss: 0.130599
2025-06-23 11:13:37,666 - INFO - Computing FID, KID, LPIPS, SSIM...
2025-06-23 11:13:40,263 - INFO - Epoch 80 Metrics | fid: 547.0201 | kid: 0.8286 | kid_std: 0.0145 | lpips: 0.7411 | ssim: 0.0118
2025-06-23 11:13:42,489 - INFO - Epoch 81 | Train loss: 0.218950
2025-06-23 11:13:42,595 - INFO - Epoch 81 | Validation loss: 0.134021
2025-06-23 11:13:44,887 - INFO - Epoch 82 | Train loss: 0.219809
2025-06-23 11:13:44,993 - INFO - Epoch 82 | Validation loss: 0.128014
2025-06-23 11:13:47,288 - INFO - Epoch 83 | Train loss: 0.217787
2025-06-23 11:13:47,390 - INFO - Epoch 83 | Validation loss: 0.134928
2025-06-23 11:13:49,683 - INFO - Epoch 84 | Train loss: 0.217327
2025-06-23 11:13:49,785 - INFO - Epoch 84 | Validation loss: 0.135772
2025-06-23 11:13:52,050 - INFO - Epoch 85 | Train loss: 0.216545
2025-06-23 11:13:52,153 - INFO - Epoch 85 | Validation loss: 0.127021
2025-06-23 11:14:00,988 - INFO - Computing FID, KID, LPIPS, SSIM...
2025-06-23 11:14:03,601 - INFO - Epoch 85 Metrics | fid: 521.0048 | kid: 0.7673 | kid_std: 0.0164 | lpips: 0.7314 | ssim: 0.0128
2025-06-23 11:14:05,867 - INFO - Epoch 86 | Train loss: 0.217227
2025-06-23 11:14:05,968 - INFO - Epoch 86 | Validation loss: 0.129375
2025-06-23 11:14:08,232 - INFO - Epoch 87 | Train loss: 0.213150
2025-06-23 11:14:08,339 - INFO - Epoch 87 | Validation loss: 0.135867
2025-06-23 11:14:10,626 - INFO - Epoch 88 | Train loss: 0.216189
2025-06-23 11:14:10,730 - INFO - Epoch 88 | Validation loss: 0.126601
2025-06-23 11:14:12,972 - INFO - Epoch 89 | Train loss: 0.213431
2025-06-23 11:14:13,070 - INFO - Epoch 89 | Validation loss: 0.126560
2025-06-23 11:14:15,337 - INFO - Epoch 90 | Train loss: 0.214174
2025-06-23 11:14:15,439 - INFO - Epoch 90 | Validation loss: 0.142444
2025-06-23 11:14:24,315 - INFO - Computing FID, KID, LPIPS, SSIM...
2025-06-23 11:14:26,934 - INFO - Epoch 90 Metrics | fid: 525.1274 | kid: 0.7835 | kid_std: 0.0141 | lpips: 0.7297 | ssim: 0.0128
2025-06-23 11:14:29,167 - INFO - Epoch 91 | Train loss: 0.209322
2025-06-23 11:14:29,265 - INFO - Epoch 91 | Validation loss: 0.126680
2025-06-23 11:14:31,525 - INFO - Epoch 92 | Train loss: 0.213441
2025-06-23 11:14:31,627 - INFO - Epoch 92 | Validation loss: 0.139840
2025-06-23 11:14:33,891 - INFO - Epoch 93 | Train loss: 0.214993
2025-06-23 11:14:33,992 - INFO - Epoch 93 | Validation loss: 0.131176
2025-06-23 11:14:36,213 - INFO - Epoch 94 | Train loss: 0.212947
2025-06-23 11:14:36,316 - INFO - Epoch 94 | Validation loss: 0.142835
2025-06-23 11:14:38,591 - INFO - Epoch 95 | Train loss: 0.212005
2025-06-23 11:14:38,692 - INFO - Epoch 95 | Validation loss: 0.131653
2025-06-23 11:14:47,600 - INFO - Computing FID, KID, LPIPS, SSIM...
2025-06-23 11:14:50,312 - INFO - Epoch 95 Metrics | fid: 543.1901 | kid: 0.8184 | kid_std: 0.0149 | lpips: 0.7407 | ssim: 0.0116
2025-06-23 11:14:52,608 - INFO - Epoch 96 | Train loss: 0.213536
2025-06-23 11:14:52,710 - INFO - Epoch 96 | Validation loss: 0.129592
2025-06-23 11:14:54,942 - INFO - Epoch 97 | Train loss: 0.208551
2025-06-23 11:14:55,050 - INFO - Epoch 97 | Validation loss: 0.125751
2025-06-23 11:14:57,293 - INFO - Epoch 98 | Train loss: 0.210198
2025-06-23 11:14:57,393 - INFO - Epoch 98 | Validation loss: 0.131965
2025-06-23 11:14:59,663 - INFO - Epoch 99 | Train loss: 0.213012
2025-06-23 11:14:59,767 - INFO - Epoch 99 | Validation loss: 0.128315
2025-06-23 11:15:02,070 - INFO - Epoch 100 | Train loss: 0.210261
2025-06-23 11:15:02,173 - INFO - Epoch 100 | Validation loss: 0.123903
2025-06-23 11:15:02,213 - INFO - Generating debug samples...
2025-06-23 11:15:45,064 - INFO - Saved decoded debug samples for epoch 100.
2025-06-23 11:15:53,932 - INFO - Computing FID, KID, LPIPS, SSIM...
2025-06-23 11:15:56,549 - INFO - Epoch 100 Metrics | fid: 528.3275 | kid: 0.7882 | kid_std: 0.0139 | lpips: 0.7337 | ssim: 0.0126
2025-06-23 11:15:56,643 - INFO - Saved model checkpoint at ../model_runs/full_run_5/trained_models/model_epoch_0100.pth
2025-06-23 11:15:58,907 - INFO - Epoch 101 | Train loss: 0.208302
2025-06-23 11:15:59,007 - INFO - Epoch 101 | Validation loss: 0.130450
2025-06-23 11:16:01,377 - INFO - Epoch 102 | Train loss: 0.210229
2025-06-23 11:16:01,478 - INFO - Epoch 102 | Validation loss: 0.113788
2025-06-23 11:16:03,731 - INFO - Epoch 103 | Train loss: 0.208103
2025-06-23 11:16:03,832 - INFO - Epoch 103 | Validation loss: 0.137255
2025-06-23 11:16:06,087 - INFO - Epoch 104 | Train loss: 0.213871
2025-06-23 11:16:06,189 - INFO - Epoch 104 | Validation loss: 0.136019
2025-06-23 11:16:08,404 - INFO - Epoch 105 | Train loss: 0.212635
2025-06-23 11:16:08,508 - INFO - Epoch 105 | Validation loss: 0.126350
2025-06-23 11:16:17,325 - INFO - Computing FID, KID, LPIPS, SSIM...
2025-06-23 11:16:20,183 - INFO - Epoch 105 Metrics | fid: 531.2489 | kid: 0.7990 | kid_std: 0.0135 | lpips: 0.7401 | ssim: 0.0118
2025-06-23 11:16:22,473 - INFO - Epoch 106 | Train loss: 0.209086
2025-06-23 11:16:22,575 - INFO - Epoch 106 | Validation loss: 0.137758
2025-06-23 11:16:24,844 - INFO - Epoch 107 | Train loss: 0.210659
2025-06-23 11:16:24,948 - INFO - Epoch 107 | Validation loss: 0.139131
2025-06-23 11:16:27,207 - INFO - Epoch 108 | Train loss: 0.206525
2025-06-23 11:16:27,309 - INFO - Epoch 108 | Validation loss: 0.117578
2025-06-23 11:16:29,594 - INFO - Epoch 109 | Train loss: 0.207798
2025-06-23 11:16:29,697 - INFO - Epoch 109 | Validation loss: 0.124825
2025-06-23 11:16:31,972 - INFO - Epoch 110 | Train loss: 0.207561
2025-06-23 11:16:32,075 - INFO - Epoch 110 | Validation loss: 0.129189
2025-06-23 11:16:40,955 - INFO - Computing FID, KID, LPIPS, SSIM...
2025-06-23 11:16:43,568 - INFO - Epoch 110 Metrics | fid: 538.6189 | kid: 0.8170 | kid_std: 0.0134 | lpips: 0.7353 | ssim: 0.0123
2025-06-23 11:16:45,821 - INFO - Epoch 111 | Train loss: 0.207945
2025-06-23 11:16:45,923 - INFO - Epoch 111 | Validation loss: 0.125076
2025-06-23 11:16:48,212 - INFO - Epoch 112 | Train loss: 0.209446
2025-06-23 11:16:48,312 - INFO - Epoch 112 | Validation loss: 0.123052
2025-06-23 11:16:50,570 - INFO - Epoch 113 | Train loss: 0.205768
2025-06-23 11:16:50,673 - INFO - Epoch 113 | Validation loss: 0.123753
2025-06-23 11:16:52,949 - INFO - Epoch 114 | Train loss: 0.208495
2025-06-23 11:16:53,055 - INFO - Epoch 114 | Validation loss: 0.119722
2025-06-23 11:16:55,335 - INFO - Epoch 115 | Train loss: 0.205269
2025-06-23 11:16:55,435 - INFO - Epoch 115 | Validation loss: 0.130993
2025-06-23 11:17:04,292 - INFO - Computing FID, KID, LPIPS, SSIM...
2025-06-23 11:17:06,955 - INFO - Epoch 115 Metrics | fid: 538.1395 | kid: 0.8156 | kid_std: 0.0149 | lpips: 0.7432 | ssim: 0.0112
2025-06-23 11:17:09,239 - INFO - Epoch 116 | Train loss: 0.206203
2025-06-23 11:17:09,339 - INFO - Epoch 116 | Validation loss: 0.128892
2025-06-23 11:17:11,564 - INFO - Epoch 117 | Train loss: 0.205330
2025-06-23 11:17:11,662 - INFO - Epoch 117 | Validation loss: 0.124102
2025-06-23 11:17:13,933 - INFO - Epoch 118 | Train loss: 0.206706
2025-06-23 11:17:14,035 - INFO - Epoch 118 | Validation loss: 0.136221
2025-06-23 11:17:16,329 - INFO - Epoch 119 | Train loss: 0.204879
2025-06-23 11:17:16,434 - INFO - Epoch 119 | Validation loss: 0.123591
2025-06-23 11:17:18,763 - INFO - Epoch 120 | Train loss: 0.205895
2025-06-23 11:17:18,864 - INFO - Epoch 120 | Validation loss: 0.125751
2025-06-23 11:17:27,743 - INFO - Computing FID, KID, LPIPS, SSIM...
2025-06-23 11:17:30,440 - INFO - Epoch 120 Metrics | fid: 527.8602 | kid: 0.7863 | kid_std: 0.0131 | lpips: 0.7342 | ssim: 0.0129
2025-06-23 11:17:32,701 - INFO - Epoch 121 | Train loss: 0.206592
2025-06-23 11:17:32,801 - INFO - Epoch 121 | Validation loss: 0.116068
2025-06-23 11:17:35,054 - INFO - Epoch 122 | Train loss: 0.202084
2025-06-23 11:17:35,156 - INFO - Epoch 122 | Validation loss: 0.118461
2025-06-23 11:17:35,156 - INFO - Early stopping triggered by validation loss.
2025-06-23 11:27:35,185 - ERROR - [Rank 0] Error during training: tensor or list of tensors expected, got <class 'torch._dynamo.eval_frame.OptimizedModule'>
