2025-06-24 14:57:26,148 - INFO - [Rank 0] Starting distributed training with 2 GPUs
2025-06-24 14:57:26,149 - INFO - [Rank 0] Loading dataset...
2025-06-24 14:57:26,160 - INFO - [Rank 0] Creating model...
2025-06-24 14:57:26,600 - INFO - [Rank 0] Setting up diffusion...
2025-06-24 14:57:26,609 - INFO - [Rank 0] Starting training...
2025-06-24 14:57:37,973 - INFO - Epoch 0 | Train loss: 1.008211
2025-06-24 14:57:40,052 - INFO - Epoch 0 | Validation loss: 0.882070
2025-06-24 14:57:40,096 - INFO - Generating debug samples...
2025-06-24 14:58:32,847 - INFO - Saved decoded debug samples for epoch 0.
2025-06-24 14:58:45,205 - INFO - Computing FID, KID, LPIPS, SSIM...
2025-06-24 14:58:48,954 - INFO - Epoch 0 Metrics | fid: 580.3206 | kid: 0.8222 | kid_std: 0.0229 | lpips: 0.6650 | ssim: 0.0932
2025-06-24 14:58:49,035 - INFO - Saved model checkpoint at ../model_runs/full_run_11/trained_models/model_epoch_0000.pth
2025-06-24 14:58:51,766 - INFO - Epoch 1 | Train loss: 0.838206
2025-06-24 14:58:51,868 - INFO - Epoch 1 | Validation loss: 0.709408
2025-06-24 14:58:54,655 - INFO - Epoch 2 | Train loss: 0.719847
2025-06-24 14:58:54,760 - INFO - Epoch 2 | Validation loss: 0.612958
2025-06-24 14:58:57,514 - INFO - Epoch 3 | Train loss: 0.652951
2025-06-24 14:58:57,632 - INFO - Epoch 3 | Validation loss: 0.557747
2025-06-24 14:59:00,387 - INFO - Epoch 4 | Train loss: 0.607824
2025-06-24 14:59:00,496 - INFO - Epoch 4 | Validation loss: 0.514076
2025-06-24 14:59:03,175 - INFO - Epoch 5 | Train loss: 0.574885
2025-06-24 14:59:03,281 - INFO - Epoch 5 | Validation loss: 0.482699
2025-06-24 14:59:15,277 - INFO - Computing FID, KID, LPIPS, SSIM...
2025-06-24 14:59:17,901 - INFO - Epoch 5 Metrics | fid: 627.7929 | kid: 0.9442 | kid_std: 0.0215 | lpips: 0.6592 | ssim: 0.1019
2025-06-24 14:59:20,630 - INFO - Epoch 6 | Train loss: 0.557787
2025-06-24 14:59:20,732 - INFO - Epoch 6 | Validation loss: 0.467651
2025-06-24 14:59:23,366 - INFO - Epoch 7 | Train loss: 0.541805
2025-06-24 14:59:23,475 - INFO - Epoch 7 | Validation loss: 0.438359
2025-06-24 14:59:26,203 - INFO - Epoch 8 | Train loss: 0.531750
2025-06-24 14:59:26,306 - INFO - Epoch 8 | Validation loss: 0.454099
2025-06-24 14:59:29,043 - INFO - Epoch 9 | Train loss: 0.527520
2025-06-24 14:59:29,165 - INFO - Epoch 9 | Validation loss: 0.445225
2025-06-24 14:59:31,912 - INFO - Epoch 10 | Train loss: 0.516169
2025-06-24 14:59:32,017 - INFO - Epoch 10 | Validation loss: 0.417780
2025-06-24 14:59:44,026 - INFO - Computing FID, KID, LPIPS, SSIM...
2025-06-24 14:59:46,547 - INFO - Epoch 10 Metrics | fid: 607.8231 | kid: 0.8878 | kid_std: 0.0252 | lpips: 0.6469 | ssim: 0.1289
2025-06-24 14:59:49,265 - INFO - Epoch 11 | Train loss: 0.512006
2025-06-24 14:59:49,370 - INFO - Epoch 11 | Validation loss: 0.428531
2025-06-24 14:59:52,133 - INFO - Epoch 12 | Train loss: 0.505209
2025-06-24 14:59:52,244 - INFO - Epoch 12 | Validation loss: 0.428693
2025-06-24 14:59:54,986 - INFO - Epoch 13 | Train loss: 0.497724
2025-06-24 14:59:55,098 - INFO - Epoch 13 | Validation loss: 0.415618
2025-06-24 14:59:57,812 - INFO - Epoch 14 | Train loss: 0.490320
2025-06-24 14:59:57,915 - INFO - Epoch 14 | Validation loss: 0.407023
2025-06-24 15:00:00,655 - INFO - Epoch 15 | Train loss: 0.486641
2025-06-24 15:00:00,758 - INFO - Epoch 15 | Validation loss: 0.403395
2025-06-24 15:00:12,893 - INFO - Computing FID, KID, LPIPS, SSIM...
2025-06-24 15:00:15,541 - INFO - Epoch 15 Metrics | fid: 617.9532 | kid: 0.9170 | kid_std: 0.0239 | lpips: 0.6471 | ssim: 0.1276
2025-06-24 15:00:18,313 - INFO - Epoch 16 | Train loss: 0.478298
2025-06-24 15:00:18,417 - INFO - Epoch 16 | Validation loss: 0.397270
2025-06-24 15:00:21,170 - INFO - Epoch 17 | Train loss: 0.474249
2025-06-24 15:00:21,278 - INFO - Epoch 17 | Validation loss: 0.386417
2025-06-24 15:00:23,977 - INFO - Epoch 18 | Train loss: 0.461980
2025-06-24 15:00:24,083 - INFO - Epoch 18 | Validation loss: 0.383874
2025-06-24 15:00:26,842 - INFO - Epoch 19 | Train loss: 0.459171
2025-06-24 15:00:26,950 - INFO - Epoch 19 | Validation loss: 0.372815
2025-06-24 15:00:29,704 - INFO - Epoch 20 | Train loss: 0.455848
2025-06-24 15:00:29,813 - INFO - Epoch 20 | Validation loss: 0.382473
2025-06-24 15:00:41,900 - INFO - Computing FID, KID, LPIPS, SSIM...
2025-06-24 15:00:44,520 - INFO - Epoch 20 Metrics | fid: 613.4451 | kid: 0.9111 | kid_std: 0.0234 | lpips: 0.6450 | ssim: 0.1318
2025-06-24 15:00:47,228 - INFO - Epoch 21 | Train loss: 0.441581
2025-06-24 15:00:47,335 - INFO - Epoch 21 | Validation loss: 0.367506
2025-06-24 15:00:50,049 - INFO - Epoch 22 | Train loss: 0.432758
2025-06-24 15:00:50,158 - INFO - Epoch 22 | Validation loss: 0.366103
2025-06-24 15:00:52,849 - INFO - Epoch 23 | Train loss: 0.431281
2025-06-24 15:00:52,959 - INFO - Epoch 23 | Validation loss: 0.342852
2025-06-24 15:00:55,733 - INFO - Epoch 24 | Train loss: 0.427567
2025-06-24 15:00:55,835 - INFO - Epoch 24 | Validation loss: 0.351816
2025-06-24 15:00:58,496 - INFO - Epoch 25 | Train loss: 0.421308
2025-06-24 15:00:58,602 - INFO - Epoch 25 | Validation loss: 0.341258
2025-06-24 15:00:58,638 - INFO - Generating debug samples...
2025-06-24 15:01:50,853 - INFO - Saved decoded debug samples for epoch 25.
2025-06-24 15:02:02,886 - INFO - Computing FID, KID, LPIPS, SSIM...
2025-06-24 15:02:05,522 - INFO - Epoch 25 Metrics | fid: 631.0907 | kid: 0.9411 | kid_std: 0.0235 | lpips: 0.6420 | ssim: 0.1285
2025-06-24 15:02:05,621 - INFO - Saved model checkpoint at ../model_runs/full_run_11/trained_models/model_epoch_0025.pth
2025-06-24 15:02:08,339 - INFO - Epoch 26 | Train loss: 0.416091
2025-06-24 15:02:08,446 - INFO - Epoch 26 | Validation loss: 0.341980
2025-06-24 15:02:11,165 - INFO - Epoch 27 | Train loss: 0.415654
2025-06-24 15:02:11,270 - INFO - Epoch 27 | Validation loss: 0.345874
2025-06-24 15:02:14,008 - INFO - Epoch 28 | Train loss: 0.413925
2025-06-24 15:02:14,111 - INFO - Epoch 28 | Validation loss: 0.336952
2025-06-24 15:02:16,807 - INFO - Epoch 29 | Train loss: 0.408362
2025-06-24 15:02:16,912 - INFO - Epoch 29 | Validation loss: 0.333499
2025-06-24 15:02:19,637 - INFO - Epoch 30 | Train loss: 0.404351
2025-06-24 15:02:19,744 - INFO - Epoch 30 | Validation loss: 0.330518
2025-06-24 15:02:31,874 - INFO - Computing FID, KID, LPIPS, SSIM...
2025-06-24 15:02:34,566 - INFO - Epoch 30 Metrics | fid: 603.6929 | kid: 0.8622 | kid_std: 0.0249 | lpips: 0.6196 | ssim: 0.1847
2025-06-24 15:02:37,308 - INFO - Epoch 31 | Train loss: 0.402545
2025-06-24 15:02:37,414 - INFO - Epoch 31 | Validation loss: 0.327081
2025-06-24 15:02:40,141 - INFO - Epoch 32 | Train loss: 0.402550
2025-06-24 15:02:40,244 - INFO - Epoch 32 | Validation loss: 0.342195
2025-06-24 15:02:43,028 - INFO - Epoch 33 | Train loss: 0.403779
2025-06-24 15:02:43,133 - INFO - Epoch 33 | Validation loss: 0.325102
2025-06-24 15:02:45,852 - INFO - Epoch 34 | Train loss: 0.399460
2025-06-24 15:02:45,957 - INFO - Epoch 34 | Validation loss: 0.322533
2025-06-24 15:02:48,683 - INFO - Epoch 35 | Train loss: 0.399745
2025-06-24 15:02:48,787 - INFO - Epoch 35 | Validation loss: 0.319700
